
 GENERATE SPECTRAL CURVES FROM StoBe Xray output

 Authors:  K. Hermann, C. Kolczewski, FHI  2013


 Run title       : znpc_default XAS                                                 
 Spectr. setting : Print spectrum (+ file output)
 Spectr. setting : Energy range (eV) = [   280.000 ,    320.000]
 Spectr. setting : Points inside range =  2000
 Spectr. setting : Variable level width (FWHM, eV) :
                   E < E1=   288.000000 : width =     0.500000
                   E > E2=   320.000000 : width =    12.000000
                   linear width variation between E1, E2
 Spectrum type   : XAS                    
 Spectrum no.  1 : Total  XAS spectrum,  file position =  1


 SUMMARY OF INPUT PARAMETERS

 Run title       : znpc_default XAS                                                 
 Data type : Xray absorption (XAS, NEXAFS)
 Total of   1 spectra calculations :
    1:  Total  XAS spectrum,  file position =  1
        Dipole transitions included only
        Energy range (eV) = [   280.000 ,    320.000]
        Points inside range =  2000
        Variable level width (FWHM) :
                     E < E1= 288.000000 : width =   0.500000
                     E > E2= 320.000000 : width =  12.000000
                     linear width variation between E1, E2
        Global scaling  =    1.00000
        Global shifting =    0.00000
        Spectrum print and file output


 RESULTS:

 Spectrum no.   1:

   Total (angle integrated)  XAS spectrum,  (dipl./quad.)file position =  1
   Spectrum for energy range (eV) [a, b] = [   280.000 ,    320.000]
   Lowest  trans. energy =    286.860 eV  (  10.54184 H)
   Highest trans. energy =   4180.159 eV  ( 153.61674 H)
   Listing of spectrum:

           E (eV)          Total Int.
      -----------------------------------
        280.00000000      0.00000000D+00
        280.02001001      0.00000000D+00
        280.04002001      0.00000000D+00
        280.06003002      0.00000000D+00
        280.08004002      0.00000000D+00
        280.10005003      0.00000000D+00
        280.12006003      0.00000000D+00
        280.14007004      0.00000000D+00
        280.16008004      0.00000000D+00
        280.18009005      0.00000000D+00
        280.20010005      0.00000000D+00
        280.22011006      0.00000000D+00
        280.24012006      0.00000000D+00
        280.26013007      0.00000000D+00
        280.28014007      0.00000000D+00
        280.30015008      0.00000000D+00
        280.32016008      0.00000000D+00
        280.34017009      0.00000000D+00
        280.36018009      0.00000000D+00
        280.38019010      0.00000000D+00
        280.40020010      0.00000000D+00
        280.42021011      0.00000000D+00
        280.44022011      0.00000000D+00
        280.46023012      0.00000000D+00
        280.48024012      0.00000000D+00
        280.50025013      0.00000000D+00
        280.52026013      0.00000000D+00
        280.54027014      0.00000000D+00
        280.56028014      0.00000000D+00
        280.58029015      0.00000000D+00
        280.60030015      0.00000000D+00
        280.62031016      0.00000000D+00
        280.64032016      0.00000000D+00
        280.66033017      0.00000000D+00
        280.68034017      0.00000000D+00
        280.70035018      0.00000000D+00
        280.72036018      0.00000000D+00
        280.74037019      0.00000000D+00
        280.76038019      0.00000000D+00
        280.78039020      0.00000000D+00
        280.80040020      0.00000000D+00
        280.82041021      0.00000000D+00
        280.84042021      0.00000000D+00
        280.86043022      0.00000000D+00
        280.88044022      0.00000000D+00
        280.90045023      0.00000000D+00
        280.92046023      0.00000000D+00
        280.94047024      0.00000000D+00
        280.96048024      0.00000000D+00
        280.98049025      0.00000000D+00
        281.00050025      0.00000000D+00
        281.02051026      0.00000000D+00
        281.04052026      0.00000000D+00
        281.06053027      0.00000000D+00
        281.08054027      0.00000000D+00
        281.10055028      0.00000000D+00
        281.12056028      0.00000000D+00
        281.14057029      0.00000000D+00
        281.16058029      0.00000000D+00
        281.18059030      0.00000000D+00
        281.20060030      0.00000000D+00
        281.22061031      0.00000000D+00
        281.24062031      0.00000000D+00
        281.26063032      0.00000000D+00
        281.28064032      0.00000000D+00
        281.30065033      0.00000000D+00
        281.32066033      0.00000000D+00
        281.34067034      0.00000000D+00
        281.36068034      0.00000000D+00
        281.38069035      0.00000000D+00
        281.40070035      0.00000000D+00
        281.42071036      0.00000000D+00
        281.44072036      0.00000000D+00
        281.46073037      0.00000000D+00
        281.48074037      0.00000000D+00
        281.50075038      0.00000000D+00
        281.52076038      0.00000000D+00
        281.54077039      0.00000000D+00
        281.56078039      0.00000000D+00
        281.58079040      0.00000000D+00
        281.60080040      0.00000000D+00
        281.62081041      0.00000000D+00
        281.64082041      0.00000000D+00
        281.66083042      0.00000000D+00
        281.68084042      0.00000000D+00
        281.70085043      0.00000000D+00
        281.72086043      0.00000000D+00
        281.74087044      0.00000000D+00
        281.76088044      0.00000000D+00
        281.78089045      0.00000000D+00
        281.80090045      0.00000000D+00
        281.82091046      0.00000000D+00
        281.84092046      0.00000000D+00
        281.86093047      0.00000000D+00
        281.88094047      0.00000000D+00
        281.90095048      0.00000000D+00
        281.92096048      0.00000000D+00
        281.94097049      0.00000000D+00
        281.96098049      0.00000000D+00
        281.98099050      0.00000000D+00
        282.00100050      0.00000000D+00
        282.02101051      0.00000000D+00
        282.04102051      0.00000000D+00
        282.06103052      0.00000000D+00
        282.08104052      0.00000000D+00
        282.10105053      0.00000000D+00
        282.12106053      0.00000000D+00
        282.14107054      0.00000000D+00
        282.16108054      0.00000000D+00
        282.18109055      0.00000000D+00
        282.20110055      0.00000000D+00
        282.22111056      0.00000000D+00
        282.24112056      0.00000000D+00
        282.26113057      0.00000000D+00
        282.28114057      0.00000000D+00
        282.30115058      0.00000000D+00
        282.32116058      0.00000000D+00
        282.34117059      0.00000000D+00
        282.36118059      0.00000000D+00
        282.38119060      0.00000000D+00
        282.40120060      0.00000000D+00
        282.42121061      0.00000000D+00
        282.44122061      0.00000000D+00
        282.46123062      0.00000000D+00
        282.48124062      0.00000000D+00
        282.50125063      0.00000000D+00
        282.52126063      0.00000000D+00
        282.54127064      0.00000000D+00
        282.56128064      0.00000000D+00
        282.58129065      0.00000000D+00
        282.60130065      0.00000000D+00
        282.62131066      0.00000000D+00
        282.64132066      0.00000000D+00
        282.66133067      0.00000000D+00
        282.68134067      0.00000000D+00
        282.70135068      0.00000000D+00
        282.72136068      0.00000000D+00
        282.74137069      0.00000000D+00
        282.76138069      0.00000000D+00
        282.78139070      0.00000000D+00
        282.80140070      0.00000000D+00
        282.82141071      0.00000000D+00
        282.84142071      0.00000000D+00
        282.86143072      0.00000000D+00
        282.88144072      0.00000000D+00
        282.90145073      0.00000000D+00
        282.92146073      0.00000000D+00
        282.94147074      0.00000000D+00
        282.96148074      0.00000000D+00
        282.98149075      0.00000000D+00
        283.00150075      0.00000000D+00
        283.02151076      0.00000000D+00
        283.04152076      0.00000000D+00
        283.06153077      0.00000000D+00
        283.08154077      0.00000000D+00
        283.10155078      0.00000000D+00
        283.12156078      0.00000000D+00
        283.14157079      0.00000000D+00
        283.16158079      0.00000000D+00
        283.18159080      0.00000000D+00
        283.20160080      0.00000000D+00
        283.22161081      0.00000000D+00
        283.24162081      0.00000000D+00
        283.26163082      0.00000000D+00
        283.28164082      0.00000000D+00
        283.30165083      0.00000000D+00
        283.32166083      0.00000000D+00
        283.34167084      0.00000000D+00
        283.36168084      0.00000000D+00
        283.38169085      0.00000000D+00
        283.40170085      0.00000000D+00
        283.42171086      0.00000000D+00
        283.44172086      0.00000000D+00
        283.46173087      0.00000000D+00
        283.48174087      0.00000000D+00
        283.50175088      0.00000000D+00
        283.52176088      0.00000000D+00
        283.54177089      0.00000000D+00
        283.56178089      0.00000000D+00
        283.58179090      0.00000000D+00
        283.60180090      0.00000000D+00
        283.62181091      0.00000000D+00
        283.64182091      0.00000000D+00
        283.66183092      0.00000000D+00
        283.68184092      0.00000000D+00
        283.70185093      0.00000000D+00
        283.72186093      0.00000000D+00
        283.74187094      0.00000000D+00
        283.76188094      0.00000000D+00
        283.78189095      0.00000000D+00
        283.80190095      0.00000000D+00
        283.82191096      0.00000000D+00
        283.84192096      0.00000000D+00
        283.86193097      0.00000000D+00
        283.88194097      0.00000000D+00
        283.90195098      0.00000000D+00
        283.92196098      0.00000000D+00
        283.94197099      0.00000000D+00
        283.96198099      0.00000000D+00
        283.98199100      0.21492562D-12
        284.00200100      0.70501984D-12
        284.02201101      0.11947950D-11
        284.04202101      0.16753024D-11
        284.06203102      0.23413515D-11
        284.08204102      0.39431144D-11
        284.10205103      0.40571379D-11
        284.12206103      0.58498222D-11
        284.14207104      0.28002369D-10
        284.16208104      0.28834608D-10
        284.18209105      0.35295829D-10
        284.20210105      0.36703569D-10
        284.22211106      0.37797933D-10
        284.24212106      0.39199057D-10
        284.26213107      0.40703384D-10
        284.28214107      0.42956856D-10
        284.30215108      0.44996587D-10
        284.32216108      0.46374622D-10
        284.34217109      0.48748119D-10
        284.36218109      0.51256258D-10
        284.38219110      0.53578916D-10
        284.40220110      0.57365886D-10
        284.42221111      0.59866271D-10
        284.44222111      0.61788883D-10
        284.46223112      0.63931570D-10
        284.48224112      0.67918689D-10
        284.50225113      0.70277950D-10
        284.52226113      0.72478648D-10
        284.54227114      0.75246321D-10
        284.56228114      0.78483402D-10
        284.58229115      0.81094634D-10
        284.60230115      0.84699953D-10
        284.62231116      0.87740572D-10
        284.64232116      0.90871593D-10
        284.66233117      0.93767956D-10
        284.68234117      0.97320948D-10
        284.70235118      0.10027495D-09
        284.72236118      0.10593448D-09
        284.74237119      0.10945706D-09
        284.76238119      0.11536021D-09
        284.78239120      0.11925555D-09
        284.80240120      0.12357902D-09
        284.82241121      0.12837403D-09
        284.84242121      0.13559366D-09
        284.86243122      0.14020434D-09
        284.88244122      0.14636494D-09
        284.90245123      0.15170390D-09
        284.92246123      0.15683509D-09
        284.94247124      0.17686042D-09
        284.96248124      0.18295395D-09
        284.98249125      0.19812953D-09
        285.00250125      0.20469398D-09
        285.02251126      0.21389781D-09
        285.04252126      0.22191418D-09
        285.06253127      0.23197603D-09
        285.08254127      0.24567747D-09
        285.10255128      0.25448430D-09
        285.12256128      0.26834785D-09
        285.14257129      0.27914207D-09
        285.16258129      0.29870264D-09
        285.18259130      0.31626169D-09
        285.20260130      0.32783025D-09
        285.22261131      0.34116466D-09
        285.24262131      0.36157938D-09
        285.26263132      0.37873234D-09
        285.28264132      0.39299175D-09
        285.30265133      0.40943205D-09
        285.32266133      0.42438704D-09
        285.34267134      0.44366643D-09
        285.36268134      0.64676047D-09
        285.38269135      0.84288170D-09
        285.40270135      0.11938885D-08
        285.42271136      0.18421108D-08
        285.44272136      0.30337992D-08
        285.46273137      0.52143143D-08
        285.48274137      0.91831253D-08
        285.50275138      0.16362168D-07
        285.52276138      0.29262172D-07
        285.54277139      0.52245991D-07
        285.56278139      0.92824467D-07
        285.58279140      0.16384346D-06
        285.60280140      0.28703089D-06
        285.62281141      0.49878818D-06
        285.64282141      0.85949244D-06
        285.66283142      0.14683499D-05
        285.68284142      0.24867295D-05
        285.70285143      0.41745601D-05
        285.72286143      0.69464162D-05
        285.74287144      0.11456936D-04
        285.76288144      0.18729586D-04
        285.78289145      0.30348443D-04
        285.80290145      0.48740619D-04
        285.82291146      0.77587329D-04
        285.84292146      0.12241507D-03
        285.86293147      0.19143565D-03
        285.88294147      0.29672509D-03
        285.90295148      0.45585743D-03
        285.92296148      0.69413990D-03
        285.94297149      0.10476304D-02
        285.96298149      0.15671561D-02
        285.98299150      0.23235897D-02
        286.00300150      0.34146771D-02
        286.02301151      0.49737371D-02
        286.04302151      0.71805712D-02
        286.06303152      0.10274913D-01
        286.08304152      0.14572708D-01
        286.10305153      0.20485442D-01
        286.12306153      0.28542591D-01
        286.14307154      0.39417078D-01
        286.16308154      0.53953349D-01
        286.18309155      0.73197350D-01
        286.20310155      0.98427232D-01
        286.22311156      0.13118318D+00
        286.24312156      0.17329419D+00
        286.26313157      0.22689912D+00
        286.28314157      0.29445883D+00
        286.30315158      0.37875582D+00
        286.32316158      0.48287755D+00
        286.34317159      0.61017959D+00
        286.36318159      0.76422512D+00
        286.38319160      0.94869783D+00
        286.40320160      0.11672865D+01
        286.42321161      0.14235411D+01
        286.44322161      0.17207014D+01
        286.46323162      0.20615030D+01
        286.48324162      0.24479661D+01
        286.50325163      0.28811761D+01
        286.52326163      0.33610671D+01
        286.54327164      0.38862213D+01
        286.56328164      0.44536989D+01
        286.58329165      0.50589122D+01
        286.60330165      0.56955597D+01
        286.62331166      0.63556306D+01
        286.64332166      0.70294907D+01
        286.66333167      0.77060542D+01
        286.68334167      0.83730413D+01
        286.70335168      0.90173181D+01
        286.72336168      0.96253057D+01
        286.74337169      0.10183443D+02
        286.76338169      0.10678685D+02
        286.78339170      0.11099000D+02
        286.80340170      0.11433863D+02
        286.82341171      0.11674682D+02
        286.84342171      0.11815175D+02
        286.86343172      0.11851634D+02
        286.88344172      0.11783094D+02
        286.90345173      0.11611369D+02
        286.92346173      0.11340980D+02
        286.94347174      0.10978948D+02
        286.96348174      0.10534500D+02
        286.98349175      0.10018672D+02
        287.00350175      0.94438577D+01
        287.02351176      0.88233157D+01
        287.04352176      0.81706634D+01
        287.06353177      0.74993909D+01
        287.08354177      0.68224114D+01
        287.10355178      0.61516721D+01
        287.12356178      0.54978385D+01
        287.14357179      0.48700631D+01
        287.16358179      0.42758400D+01
        287.18359180      0.37209451D+01
        287.20360180      0.32094539D+01
        287.22361181      0.27438281D+01
        287.24362181      0.23250565D+01
        287.26363182      0.19528361D+01
        287.28364182      0.16257796D+01
        287.30365183      0.13416342D+01
        287.32366183      0.10975005D+01
        287.34367184      0.89003946D+00
        287.36368184      0.71566076D+00
        287.38369185      0.57068701D+00
        287.40370185      0.45148980D+00
        287.42371186      0.35459749D+00
        287.44372186      0.27677508D+00
        287.46373187      0.21507851D+00
        287.48374187      0.16688650D+00
        287.50375188      0.12991346D+00
        287.52376188      0.10220741D+00
        287.54377189      0.82136739D-01
        287.56378189      0.68369015D-01
        287.58379190      0.59845092D-01
        287.60380190      0.55750822D-01
        287.62381191      0.55488375D-01
        287.64382191      0.58648523D-01
        287.66383192      0.64984840D-01
        287.68384192      0.74390299D-01
        287.70385193      0.86876473D-01
        287.72386193      0.10255525D+00
        287.74387194      0.12162279D+00
        287.76388194      0.14434543D+00
        287.78389195      0.17104699D+00
        287.80390195      0.20209711D+00
        287.82391196      0.23790026D+00
        287.84392196      0.27888481D+00
        287.86393197      0.32549215D+00
        287.88394197      0.37816539D+00
        287.90395198      0.43733760D+00
        287.92396198      0.50341947D+00
        287.94397199      0.57678649D+00
        287.96398199      0.65776567D+00
        287.98399200      0.74662205D+00
        288.00400200      0.84354531D+00
        288.02401201      0.94863668D+00
        288.04402201      0.10618966D+01
        288.06403202      0.11832137D+01
        288.08404202      0.13123551D+01
        288.10405203      0.14489590D+01
        288.12406203      0.15925294D+01
        288.14407204      0.17424340D+01
        288.16408204      0.18979048D+01
        288.18409205      0.20580422D+01
        288.20410205      0.22218225D+01
        288.22411206      0.23881087D+01
        288.24412206      0.25556652D+01
        288.26413207      0.27231746D+01
        288.28414207      0.28892584D+01
        288.30415208      0.30524993D+01
        288.32416208      0.32114655D+01
        288.34417209      0.33647365D+01
        288.36418209      0.35109289D+01
        288.38419210      0.36487222D+01
        288.40420210      0.37768835D+01
        288.42421211      0.38942913D+01
        288.44422211      0.39999558D+01
        288.46423212      0.40930372D+01
        288.48424212      0.41728606D+01
        288.50425213      0.42389270D+01
        288.52426213      0.42909200D+01
        288.54427214      0.43287094D+01
        288.56428214      0.43523501D+01
        288.58429215      0.43620774D+01
        288.60430215      0.43582984D+01
        288.62431216      0.43415811D+01
        288.64432216      0.43126397D+01
        288.66433217      0.42723186D+01
        288.68434217      0.42215743D+01
        288.70435218      0.41614566D+01
        288.72436218      0.40930886D+01
        288.74437219      0.40176479D+01
        288.76438219      0.39363474D+01
        288.78439220      0.38504174D+01
        288.80440220      0.37610884D+01
        288.82441221      0.36695770D+01
        288.84442221      0.35770711D+01
        288.86443222      0.34847195D+01
        288.88444222      0.33936210D+01
        288.90445223      0.33048172D+01
        288.92446223      0.32192855D+01
        288.94447224      0.31379350D+01
        288.96448224      0.30616025D+01
        288.98449225      0.29910509D+01
        289.00450225      0.29269680D+01
        289.02451226      0.28699661D+01
        289.04452226      0.28205831D+01
        289.06453227      0.27792829D+01
        289.08454227      0.27464574D+01
        289.10455228      0.27224281D+01
        289.12456228      0.27074481D+01
        289.14457229      0.27017045D+01
        289.16458229      0.27053205D+01
        289.18459230      0.27183578D+01
        289.20460230      0.27408191D+01
        289.22461231      0.27726506D+01
        289.24462231      0.28137444D+01
        289.26463232      0.28639415D+01
        289.28464232      0.29230338D+01
        289.30465233      0.29907675D+01
        289.32466233      0.30668456D+01
        289.34467234      0.31509309D+01
        289.36468234      0.32426486D+01
        289.38469235      0.33415897D+01
        289.40470235      0.34473138D+01
        289.42471236      0.35593523D+01
        289.44472236      0.36772113D+01
        289.46473237      0.38003746D+01
        289.48474237      0.39283069D+01
        289.50475238      0.40604568D+01
        289.52476238      0.41962597D+01
        289.54477239      0.43351407D+01
        289.56478239      0.44765176D+01
        289.58479240      0.46198034D+01
        289.60480240      0.47644093D+01
        289.62481241      0.49097473D+01
        289.64482241      0.50552326D+01
        289.66483242      0.52002865D+01
        289.68484242      0.53443385D+01
        289.70485243      0.54868289D+01
        289.72486243      0.56272111D+01
        289.74487244      0.57649539D+01
        289.76488244      0.58995433D+01
        289.78489245      0.60304855D+01
        289.80490245      0.61573079D+01
        289.82491246      0.62795619D+01
        289.84492246      0.63968241D+01
        289.86493247      0.65086984D+01
        289.88494247      0.66148178D+01
        289.90495248      0.67148453D+01
        289.92496248      0.68084756D+01
        289.94497249      0.68954364D+01
        289.96498249      0.69754890D+01
        289.98499250      0.70484295D+01
        290.00500250      0.71140892D+01
        290.02501251      0.71723350D+01
        290.04502251      0.72230697D+01
        290.06503252      0.72662320D+01
        290.08504252      0.73017961D+01
        290.10505253      0.73297715D+01
        290.12506253      0.73502020D+01
        290.14507254      0.73631651D+01
        290.16508254      0.73687706D+01
        290.18509255      0.73671598D+01
        290.20510255      0.73585032D+01
        290.22511256      0.73429997D+01
        290.24512256      0.73208743D+01
        290.26513257      0.72923760D+01
        290.28514257      0.72577763D+01
        290.30515258      0.72173662D+01
        290.32516258      0.71714547D+01
        290.34517259      0.71203659D+01
        290.36518259      0.70644367D+01
        290.38519260      0.70040148D+01
        290.40520260      0.69394557D+01
        290.42521261      0.68711208D+01
        290.44522261      0.67993748D+01
        290.46523262      0.67245836D+01
        290.48524262      0.66471117D+01
        290.50525263      0.65673206D+01
        290.52526263      0.64855667D+01
        290.54527264      0.64021990D+01
        290.56528264      0.63175582D+01
        290.58529265      0.62319740D+01
        290.60530265      0.61457648D+01
        290.62531266      0.60592357D+01
        290.64532266      0.59726777D+01
        290.66533267      0.58863665D+01
        290.68534267      0.58005622D+01
        290.70535268      0.57155081D+01
        290.72536268      0.56314308D+01
        290.74537269      0.55485394D+01
        290.76538269      0.54670258D+01
        290.78539270      0.53870644D+01
        290.80540270      0.53088126D+01
        290.82541271      0.52324104D+01
        290.84542271      0.51579815D+01
        290.86543272      0.50856334D+01
        290.88544272      0.50154579D+01
        290.90545273      0.49475319D+01
        290.92546273      0.48819181D+01
        290.94547274      0.48186658D+01
        290.96548274      0.47578117D+01
        290.98549275      0.46993804D+01
        291.00550275      0.46433858D+01
        291.02551276      0.45898319D+01
        291.04552276      0.45387133D+01
        291.06553277      0.44900163D+01
        291.08554277      0.44437200D+01
        291.10555278      0.43997966D+01
        291.12556278      0.43582128D+01
        291.14557279      0.43189302D+01
        291.16558279      0.42819062D+01
        291.18559280      0.42470944D+01
        291.20560280      0.42144458D+01
        291.22561281      0.41839090D+01
        291.24562281      0.41554308D+01
        291.26563282      0.41289567D+01
        291.28564282      0.41044317D+01
        291.30565283      0.40818000D+01
        291.32566283      0.40610060D+01
        291.34567284      0.40419946D+01
        291.36568284      0.40247109D+01
        291.38569285      0.40091009D+01
        291.40570285      0.39951117D+01
        291.42571286      0.39826914D+01
        291.44572286      0.39717894D+01
        291.46573287      0.39623565D+01
        291.48574287      0.39543447D+01
        291.50575288      0.39477077D+01
        291.52576288      0.39424005D+01
        291.54577289      0.39383796D+01
        291.56578289      0.39356030D+01
        291.58579290      0.39340300D+01
        291.60580290      0.39336216D+01
        291.62581291      0.39343399D+01
        291.64582291      0.39361483D+01
        291.66583292      0.39390118D+01
        291.68584292      0.39428964D+01
        291.70585293      0.39477693D+01
        291.72586293      0.39535991D+01
        291.74587294      0.39603552D+01
        291.76588294      0.39680085D+01
        291.78589295      0.39765307D+01
        291.80590295      0.39858947D+01
        291.82591296      0.39960744D+01
        291.84592296      0.40070448D+01
        291.86593297      0.40187819D+01
        291.88594297      0.40312627D+01
        291.90595298      0.40444656D+01
        291.92596298      0.40583695D+01
        291.94597299      0.40729549D+01
        291.96598299      0.40882031D+01
        291.98599300      0.41040966D+01
        292.00600300      0.41206193D+01
        292.02601301      0.41377559D+01
        292.04602301      0.41554924D+01
        292.06603302      0.41738162D+01
        292.08604302      0.41927158D+01
        292.10605303      0.42121810D+01
        292.12606303      0.42322028D+01
        292.14607304      0.42527736D+01
        292.16608304      0.42738872D+01
        292.18609305      0.42955383D+01
        292.20610305      0.43177235D+01
        292.22611306      0.43404401D+01
        292.24612306      0.43636872D+01
        292.26613307      0.43874649D+01
        292.28614307      0.44117746D+01
        292.30615308      0.44366190D+01
        292.32616308      0.44620018D+01
        292.34617309      0.44879282D+01
        292.36618309      0.45144043D+01
        292.38619310      0.45414371D+01
        292.40620310      0.45690349D+01
        292.42621311      0.45972069D+01
        292.44622311      0.46259629D+01
        292.46623312      0.46553138D+01
        292.48624312      0.46852711D+01
        292.50625313      0.47158469D+01
        292.52626313      0.47470540D+01
        292.54627314      0.47789056D+01
        292.56628314      0.48114152D+01
        292.58629315      0.48445968D+01
        292.60630315      0.48784642D+01
        292.62631316      0.49130319D+01
        292.64632316      0.49483138D+01
        292.66633317      0.49843241D+01
        292.68634317      0.50210767D+01
        292.70635318      0.50585852D+01
        292.72636318      0.50968629D+01
        292.74637319      0.51359224D+01
        292.76638319      0.51757762D+01
        292.78639320      0.52164356D+01
        292.80640320      0.52579115D+01
        292.82641321      0.53002141D+01
        292.84642321      0.53433523D+01
        292.86643322      0.53873343D+01
        292.88644322      0.54321673D+01
        292.90645323      0.54778572D+01
        292.92646323      0.55244089D+01
        292.94647324      0.55718258D+01
        292.96648324      0.56201104D+01
        292.98649325      0.56692635D+01
        293.00650325      0.57192848D+01
        293.02651326      0.57701722D+01
        293.04652326      0.58219226D+01
        293.06653327      0.58745311D+01
        293.08654327      0.59279913D+01
        293.10655328      0.59822953D+01
        293.12656328      0.60374339D+01
        293.14657329      0.60933959D+01
        293.16658329      0.61501688D+01
        293.18659330      0.62077386D+01
        293.20660330      0.62660895D+01
        293.22661331      0.63252043D+01
        293.24662331      0.63850644D+01
        293.26663332      0.64456494D+01
        293.28664332      0.65069376D+01
        293.30665333      0.65689058D+01
        293.32666333      0.66315294D+01
        293.34667334      0.66947823D+01
        293.36668334      0.67586371D+01
        293.38669335      0.68230651D+01
        293.40670335      0.68880363D+01
        293.42671336      0.69535196D+01
        293.44672336      0.70194825D+01
        293.46673337      0.70858916D+01
        293.48674337      0.71527122D+01
        293.50675338      0.72199089D+01
        293.52676338      0.72874450D+01
        293.54677339      0.73552832D+01
        293.56678339      0.74233853D+01
        293.58679340      0.74917122D+01
        293.60680340      0.75602242D+01
        293.62681341      0.76288811D+01
        293.64682341      0.76976419D+01
        293.66683342      0.77664651D+01
        293.68684342      0.78353091D+01
        293.70685343      0.79041315D+01
        293.72686343      0.79728900D+01
        293.74687344      0.80415416D+01
        293.76688344      0.81100436D+01
        293.78689345      0.81783529D+01
        293.80690345      0.82464264D+01
        293.82691346      0.83142211D+01
        293.84692346      0.83816941D+01
        293.86693347      0.84488026D+01
        293.88694347      0.85155039D+01
        293.90695348      0.85817558D+01
        293.92696348      0.86475163D+01
        293.94697349      0.87127436D+01
        293.96698349      0.87773968D+01
        293.98699350      0.88414350D+01
        294.00700350      0.89048182D+01
        294.02701351      0.89675068D+01
        294.04702351      0.90294618D+01
        294.06703352      0.90906451D+01
        294.08704352      0.91510193D+01
        294.10705353      0.92105474D+01
        294.12706353      0.92691938D+01
        294.14707354      0.93269233D+01
        294.16708354      0.93837019D+01
        294.18709355      0.94394962D+01
        294.20710355      0.94942741D+01
        294.22711356      0.95480044D+01
        294.24712356      0.96006567D+01
        294.26713357      0.96522019D+01
        294.28714357      0.97026120D+01
        294.30715358      0.97518598D+01
        294.32716358      0.97999196D+01
        294.34717359      0.98467666D+01
        294.36718359      0.98923773D+01
        294.38719360      0.99367292D+01
        294.40720360      0.99798012D+01
        294.42721361      0.10021573D+02
        294.44722361      0.10062026D+02
        294.46723362      0.10101143D+02
        294.48724362      0.10138908D+02
        294.50725363      0.10175305D+02
        294.52726363      0.10210320D+02
        294.54727364      0.10243941D+02
        294.56728364      0.10276156D+02
        294.58729365      0.10306956D+02
        294.60730365      0.10336331D+02
        294.62731366      0.10364274D+02
        294.64732366      0.10390779D+02
        294.66733367      0.10415840D+02
        294.68734367      0.10439453D+02
        294.70735368      0.10461616D+02
        294.72736368      0.10482326D+02
        294.74737369      0.10501584D+02
        294.76738369      0.10519391D+02
        294.78739370      0.10535748D+02
        294.80740370      0.10550658D+02
        294.82741371      0.10564126D+02
        294.84742371      0.10576157D+02
        294.86743372      0.10586758D+02
        294.88744372      0.10595935D+02
        294.90745373      0.10603697D+02
        294.92746373      0.10610055D+02
        294.94747374      0.10615018D+02
        294.96748374      0.10618599D+02
        294.98749375      0.10620808D+02
        295.00750375      0.10621661D+02
        295.02751376      0.10621172D+02
        295.04752376      0.10619354D+02
        295.06753377      0.10616226D+02
        295.08754377      0.10611803D+02
        295.10755378      0.10606103D+02
        295.12756378      0.10599146D+02
        295.14757379      0.10590949D+02
        295.16758379      0.10581533D+02
        295.18759380      0.10570919D+02
        295.20760380      0.10559127D+02
        295.22761381      0.10546180D+02
        295.24762381      0.10532101D+02
        295.26763382      0.10516911D+02
        295.28764382      0.10500636D+02
        295.30765383      0.10483298D+02
        295.32766383      0.10464923D+02
        295.34767384      0.10445535D+02
        295.36768384      0.10425160D+02
        295.38769385      0.10403823D+02
        295.40770385      0.10381552D+02
        295.42771386      0.10358371D+02
        295.44772386      0.10334308D+02
        295.46773387      0.10309391D+02
        295.48774387      0.10283645D+02
        295.50775388      0.10257098D+02
        295.52776388      0.10229779D+02
        295.54777389      0.10201714D+02
        295.56778389      0.10172931D+02
        295.58779390      0.10143459D+02
        295.60780390      0.10113325D+02
        295.62781391      0.10082557D+02
        295.64782391      0.10051183D+02
        295.66783392      0.10019231D+02
        295.68784392      0.99867281D+01
        295.70785393      0.99537029D+01
        295.72786393      0.99201827D+01
        295.74787394      0.98861950D+01
        295.76788394      0.98517671D+01
        295.78789395      0.98169260D+01
        295.80790395      0.97816988D+01
        295.82791396      0.97461121D+01
        295.84792396      0.97101923D+01
        295.86793397      0.96739656D+01
        295.88794397      0.96374579D+01
        295.90795398      0.96006947D+01
        295.92796398      0.95637012D+01
        295.94797399      0.95265023D+01
        295.96798399      0.94891225D+01
        295.98799400      0.94515859D+01
        296.00800400      0.94139163D+01
        296.02801401      0.93761370D+01
        296.04802401      0.93382709D+01
        296.06803402      0.93003404D+01
        296.08804402      0.92623675D+01
        296.10805403      0.92243738D+01
        296.12806403      0.91863803D+01
        296.14807404      0.91484077D+01
        296.16808404      0.91104760D+01
        296.18809405      0.90726048D+01
        296.20810405      0.90348132D+01
        296.22811406      0.89971198D+01
        296.24812406      0.89595426D+01
        296.26813407      0.89220992D+01
        296.28814407      0.88848066D+01
        296.30815408      0.88476812D+01
        296.32816408      0.88107390D+01
        296.34817409      0.87739954D+01
        296.36818409      0.87374652D+01
        296.38819410      0.87011628D+01
        296.40820410      0.86651020D+01
        296.42821411      0.86292959D+01
        296.44822411      0.85937574D+01
        296.46823412      0.85584985D+01
        296.48824412      0.85235310D+01
        296.50825413      0.84888658D+01
        296.52826413      0.84545137D+01
        296.54827414      0.84204847D+01
        296.56828414      0.83867883D+01
        296.58829415      0.83534335D+01
        296.60830415      0.83204289D+01
        296.62831416      0.82877826D+01
        296.64832416      0.82555019D+01
        296.66833417      0.82235940D+01
        296.68834417      0.81920655D+01
        296.70835418      0.81609224D+01
        296.72836418      0.81301704D+01
        296.74837419      0.80998147D+01
        296.76838419      0.80698599D+01
        296.78839420      0.80403105D+01
        296.80840420      0.80111701D+01
        296.82841421      0.79824424D+01
        296.84842421      0.79541304D+01
        296.86843422      0.79262366D+01
        296.88844422      0.78987634D+01
        296.90845423      0.78717126D+01
        296.92846423      0.78450858D+01
        296.94847424      0.78188841D+01
        296.96848424      0.77931083D+01
        296.98849425      0.77677589D+01
        297.00850425      0.77428361D+01
        297.02851426      0.77183397D+01
        297.04852426      0.76942692D+01
        297.06853427      0.76706240D+01
        297.08854427      0.76474029D+01
        297.10855428      0.76246047D+01
        297.12856428      0.76022279D+01
        297.14857429      0.75802706D+01
        297.16858429      0.75587308D+01
        297.18859430      0.75376062D+01
        297.20860430      0.75168945D+01
        297.22861431      0.74965928D+01
        297.24862431      0.74766984D+01
        297.26863432      0.74572081D+01
        297.28864432      0.74381188D+01
        297.30865433      0.74194271D+01
        297.32866433      0.74011294D+01
        297.34867434      0.73832221D+01
        297.36868434      0.73657013D+01
        297.38869435      0.73485631D+01
        297.40870435      0.73318034D+01
        297.42871436      0.73154181D+01
        297.44872436      0.72994029D+01
        297.46873437      0.72837534D+01
        297.48874437      0.72684653D+01
        297.50875438      0.72535340D+01
        297.52876438      0.72389550D+01
        297.54877439      0.72247235D+01
        297.56878439      0.72108350D+01
        297.58879440      0.71972847D+01
        297.60880440      0.71840679D+01
        297.62881441      0.71711797D+01
        297.64882441      0.71586154D+01
        297.66883442      0.71463701D+01
        297.68884442      0.71344389D+01
        297.70885443      0.71228171D+01
        297.72886443      0.71114997D+01
        297.74887444      0.71004820D+01
        297.76888444      0.70897590D+01
        297.78889445      0.70793260D+01
        297.80890445      0.70691781D+01
        297.82891446      0.70593105D+01
        297.84892446      0.70497186D+01
        297.86893447      0.70403975D+01
        297.88894447      0.70313425D+01
        297.90895448      0.70225491D+01
        297.92896448      0.70140125D+01
        297.94897449      0.70057283D+01
        297.96898449      0.69976917D+01
        297.98899450      0.69898985D+01
        298.00900450      0.69823441D+01
        298.02901451      0.69750241D+01
        298.04902451      0.69679342D+01
        298.06903452      0.69610701D+01
        298.08904452      0.69544277D+01
        298.10905453      0.69480026D+01
        298.12906453      0.69417909D+01
        298.14907454      0.69357885D+01
        298.16908454      0.69299913D+01
        298.18909455      0.69243956D+01
        298.20910455      0.69189973D+01
        298.22911456      0.69137927D+01
        298.24912456      0.69087781D+01
        298.26913457      0.69039497D+01
        298.28914457      0.68993040D+01
        298.30915458      0.68948374D+01
        298.32916458      0.68905464D+01
        298.34917459      0.68864277D+01
        298.36918459      0.68824777D+01
        298.38919460      0.68786933D+01
        298.40920460      0.68750711D+01
        298.42921461      0.68716080D+01
        298.44922461      0.68683008D+01
        298.46923462      0.68651466D+01
        298.48924462      0.68621422D+01
        298.50925463      0.68592847D+01
        298.52926463      0.68565713D+01
        298.54927464      0.68539990D+01
        298.56928464      0.68515651D+01
        298.58929465      0.68492668D+01
        298.60930465      0.68471015D+01
        298.62931466      0.68450664D+01
        298.64932466      0.68431591D+01
        298.66933467      0.68413770D+01
        298.68934467      0.68397175D+01
        298.70935468      0.68381782D+01
        298.72936468      0.68367567D+01
        298.74937469      0.68354506D+01
        298.76938469      0.68342576D+01
        298.78939470      0.68331755D+01
        298.80940470      0.68322019D+01
        298.82941471      0.68313346D+01
        298.84942471      0.68305715D+01
        298.86943472      0.68299104D+01
        298.88944472      0.68293491D+01
        298.90945473      0.68288857D+01
        298.92946473      0.68285181D+01
        298.94947474      0.68282442D+01
        298.96948474      0.68280620D+01
        298.98949475      0.68279696D+01
        299.00950475      0.68279650D+01
        299.02951476      0.68280464D+01
        299.04952476      0.68282117D+01
        299.06953477      0.68284592D+01
        299.08954477      0.68287869D+01
        299.10955478      0.68291931D+01
        299.12956478      0.68296759D+01
        299.14957479      0.68302336D+01
        299.16958479      0.68308643D+01
        299.18959480      0.68315662D+01
        299.20960480      0.68323377D+01
        299.22961481      0.68331770D+01
        299.24962481      0.68340824D+01
        299.26963482      0.68350521D+01
        299.28964482      0.68360845D+01
        299.30965483      0.68371778D+01
        299.32966483      0.68383305D+01
        299.34967484      0.68395408D+01
        299.36968484      0.68408070D+01
        299.38969485      0.68421276D+01
        299.40970485      0.68435008D+01
        299.42971486      0.68449252D+01
        299.44972486      0.68463989D+01
        299.46973487      0.68479204D+01
        299.48974487      0.68494882D+01
        299.50975488      0.68511005D+01
        299.52976488      0.68527558D+01
        299.54977489      0.68544526D+01
        299.56978489      0.68561891D+01
        299.58979490      0.68579639D+01
        299.60980490      0.68597753D+01
        299.62981491      0.68616218D+01
        299.64982491      0.68635018D+01
        299.66983492      0.68654138D+01
        299.68984492      0.68673561D+01
        299.70985493      0.68693273D+01
        299.72986493      0.68713259D+01
        299.74987494      0.68733501D+01
        299.76988494      0.68753986D+01
        299.78989495      0.68774698D+01
        299.80990495      0.68795621D+01
        299.82991496      0.68816741D+01
        299.84992496      0.68838042D+01
        299.86993497      0.68859509D+01
        299.88994497      0.68881127D+01
        299.90995498      0.68902881D+01
        299.92996498      0.68924756D+01
        299.94997499      0.68946738D+01
        299.96998499      0.68968812D+01
        299.98999500      0.68990962D+01
        300.01000500      0.69013175D+01
        300.03001501      0.69035435D+01
        300.05002501      0.69057728D+01
        300.07003502      0.69080041D+01
        300.09004502      0.69102358D+01
        300.11005503      0.69124665D+01
        300.13006503      0.69146949D+01
        300.15007504      0.69169195D+01
        300.17008504      0.69191390D+01
        300.19009505      0.69213519D+01
        300.21010505      0.69235569D+01
        300.23011506      0.69257527D+01
        300.25012506      0.69279379D+01
        300.27013507      0.69301111D+01
        300.29014507      0.69322711D+01
        300.31015508      0.69344166D+01
        300.33016508      0.69365462D+01
        300.35017509      0.69386587D+01
        300.37018509      0.69407529D+01
        300.39019510      0.69428274D+01
        300.41020510      0.69448811D+01
        300.43021511      0.69469127D+01
        300.45022511      0.69489210D+01
        300.47023512      0.69509050D+01
        300.49024512      0.69528633D+01
        300.51025513      0.69547949D+01
        300.53026513      0.69566986D+01
        300.55027514      0.69585733D+01
        300.57028514      0.69604179D+01
        300.59029515      0.69622314D+01
        300.61030515      0.69640127D+01
        300.63031516      0.69657608D+01
        300.65032516      0.69674747D+01
        300.67033517      0.69691533D+01
        300.69034517      0.69707957D+01
        300.71035518      0.69724009D+01
        300.73036518      0.69739681D+01
        300.75037519      0.69754963D+01
        300.77038519      0.69769847D+01
        300.79039520      0.69784323D+01
        300.81040520      0.69798383D+01
        300.83041521      0.69812020D+01
        300.85042521      0.69825224D+01
        300.87043522      0.69837990D+01
        300.89044522      0.69850308D+01
        300.91045523      0.69862172D+01
        300.93046523      0.69873575D+01
        300.95047524      0.69884510D+01
        300.97048524      0.69894971D+01
        300.99049525      0.69904951D+01
        301.01050525      0.69914445D+01
        301.03051526      0.69923446D+01
        301.05052526      0.69931949D+01
        301.07053527      0.69939948D+01
        301.09054527      0.69947440D+01
        301.11055528      0.69954418D+01
        301.13056528      0.69960878D+01
        301.15057529      0.69966817D+01
        301.17058529      0.69972230D+01
        301.19059530      0.69977113D+01
        301.21060530      0.69981462D+01
        301.23061531      0.69985275D+01
        301.25062531      0.69988548D+01
        301.27063532      0.69991279D+01
        301.29064532      0.69993465D+01
        301.31065533      0.69995103D+01
        301.33066533      0.69996192D+01
        301.35067534      0.69996729D+01
        301.37068534      0.69996714D+01
        301.39069535      0.69996144D+01
        301.41070535      0.69995019D+01
        301.43071536      0.69993338D+01
        301.45072536      0.69991099D+01
        301.47073537      0.69988304D+01
        301.49074537      0.69984950D+01
        301.51075538      0.69981040D+01
        301.53076538      0.69976572D+01
        301.55077539      0.69971547D+01
        301.57078539      0.69965966D+01
        301.59079540      0.69959830D+01
        301.61080540      0.69953140D+01
        301.63081541      0.69945897D+01
        301.65082541      0.69938103D+01
        301.67083542      0.69929760D+01
        301.69084542      0.69920869D+01
        301.71085543      0.69911433D+01
        301.73086543      0.69901454D+01
        301.75087544      0.69890934D+01
        301.77088544      0.69879877D+01
        301.79089545      0.69868284D+01
        301.81090545      0.69856160D+01
        301.83091546      0.69843508D+01
        301.85092546      0.69830330D+01
        301.87093547      0.69816630D+01
        301.89094547      0.69802413D+01
        301.91095548      0.69787682D+01
        301.93096548      0.69772441D+01
        301.95097549      0.69756694D+01
        301.97098549      0.69740446D+01
        301.99099550      0.69723701D+01
        302.01100550      0.69706464D+01
        302.03101551      0.69688740D+01
        302.05102551      0.69670532D+01
        302.07103552      0.69651847D+01
        302.09104552      0.69632690D+01
        302.11105553      0.69613065D+01
        302.13106553      0.69592979D+01
        302.15107554      0.69572436D+01
        302.17108554      0.69551442D+01
        302.19109555      0.69530002D+01
        302.21110555      0.69508123D+01
        302.23111556      0.69485811D+01
        302.25112556      0.69463070D+01
        302.27113557      0.69439907D+01
        302.29114557      0.69416328D+01
        302.31115558      0.69392339D+01
        302.33116558      0.69367947D+01
        302.35117559      0.69343157D+01
        302.37118559      0.69317976D+01
        302.39119560      0.69292409D+01
        302.41120560      0.69266464D+01
        302.43121561      0.69240146D+01
        302.45122561      0.69213463D+01
        302.47123562      0.69186420D+01
        302.49124562      0.69159024D+01
        302.51125563      0.69131281D+01
        302.53126563      0.69103198D+01
        302.55127564      0.69074781D+01
        302.57128564      0.69046037D+01
        302.59129565      0.69016972D+01
        302.61130565      0.68987593D+01
        302.63131566      0.68957905D+01
        302.65132566      0.68927917D+01
        302.67133567      0.68897633D+01
        302.69134567      0.68867061D+01
        302.71135568      0.68836207D+01
        302.73136568      0.68805076D+01
        302.75137569      0.68773676D+01
        302.77138569      0.68742013D+01
        302.79139570      0.68710092D+01
        302.81140570      0.68677920D+01
        302.83141571      0.68645504D+01
        302.85142571      0.68612848D+01
        302.87143572      0.68579960D+01
        302.89144572      0.68546845D+01
        302.91145573      0.68513508D+01
        302.93146573      0.68479956D+01
        302.95147574      0.68446195D+01
        302.97148574      0.68412230D+01
        302.99149575      0.68378066D+01
        303.01150575      0.68343709D+01
        303.03151576      0.68309165D+01
        303.05152576      0.68274439D+01
        303.07153577      0.68239535D+01
        303.09154577      0.68204460D+01
        303.11155578      0.68169218D+01
        303.13156578      0.68133814D+01
        303.15157579      0.68098252D+01
        303.17158579      0.68062538D+01
        303.19159580      0.68026677D+01
        303.21160580      0.67990671D+01
        303.23161581      0.67954527D+01
        303.25162581      0.67918248D+01
        303.27163582      0.67881839D+01
        303.29164582      0.67845302D+01
        303.31165583      0.67808643D+01
        303.33166583      0.67771866D+01
        303.35167584      0.67734972D+01
        303.37168584      0.67697968D+01
        303.39169585      0.67660854D+01
        303.41170585      0.67623636D+01
        303.43171586      0.67586316D+01
        303.45172586      0.67548897D+01
        303.47173587      0.67511382D+01
        303.49174587      0.67473774D+01
        303.51175588      0.67436075D+01
        303.53176588      0.67398288D+01
        303.55177589      0.67360415D+01
        303.57178589      0.67322459D+01
        303.59179590      0.67284421D+01
        303.61180590      0.67246304D+01
        303.63181591      0.67208109D+01
        303.65182591      0.67169838D+01
        303.67183592      0.67131493D+01
        303.69184592      0.67093074D+01
        303.71185593      0.67054584D+01
        303.73186593      0.67016022D+01
        303.75187594      0.66977392D+01
        303.77188594      0.66938692D+01
        303.79189595      0.66899924D+01
        303.81190595      0.66861089D+01
        303.83191596      0.66822186D+01
        303.85192596      0.66783217D+01
        303.87193597      0.66744181D+01
        303.89194597      0.66705078D+01
        303.91195598      0.66665909D+01
        303.93196598      0.66626673D+01
        303.95197599      0.66587370D+01
        303.97198599      0.66547999D+01
        303.99199600      0.66508559D+01
        304.01200600      0.66469051D+01
        304.03201601      0.66429473D+01
        304.05202601      0.66389824D+01
        304.07203602      0.66350102D+01
        304.09204602      0.66310308D+01
        304.11205603      0.66270439D+01
        304.13206603      0.66230494D+01
        304.15207604      0.66190471D+01
        304.17208604      0.66150368D+01
        304.19209605      0.66110185D+01
        304.21210605      0.66069919D+01
        304.23211606      0.66029567D+01
        304.25212606      0.65989128D+01
        304.27213607      0.65948600D+01
        304.29214607      0.65907979D+01
        304.31215608      0.65867264D+01
        304.33216608      0.65826453D+01
        304.35217609      0.65785541D+01
        304.37218609      0.65744527D+01
        304.39219610      0.65703408D+01
        304.41220610      0.65662181D+01
        304.43221611      0.65620843D+01
        304.45222611      0.65579390D+01
        304.47223612      0.65537820D+01
        304.49224612      0.65496129D+01
        304.51225613      0.65454314D+01
        304.53226613      0.65412371D+01
        304.55227614      0.65370297D+01
        304.57228614      0.65328088D+01
        304.59229615      0.65285741D+01
        304.61230615      0.65243251D+01
        304.63231616      0.65200616D+01
        304.65232616      0.65157831D+01
        304.67233617      0.65114892D+01
        304.69234617      0.65071795D+01
        304.71235618      0.65028536D+01
        304.73236618      0.64985112D+01
        304.75237619      0.64941517D+01
        304.77238619      0.64897749D+01
        304.79239620      0.64853802D+01
        304.81240620      0.64809672D+01
        304.83241621      0.64765355D+01
        304.85242621      0.64720847D+01
        304.87243622      0.64676143D+01
        304.89244622      0.64631239D+01
        304.91245623      0.64586130D+01
        304.93246623      0.64540812D+01
        304.95247624      0.64495281D+01
        304.97248624      0.64449531D+01
        304.99249625      0.64403559D+01
        305.01250625      0.64357360D+01
        305.03251626      0.64310929D+01
        305.05252626      0.64264261D+01
        305.07253627      0.64217353D+01
        305.09254627      0.64170199D+01
        305.11255628      0.64122795D+01
        305.13256628      0.64075136D+01
        305.15257629      0.64027218D+01
        305.17258629      0.63979036D+01
        305.19259630      0.63930586D+01
        305.21260630      0.63881863D+01
        305.23261631      0.63832862D+01
        305.25262631      0.63783579D+01
        305.27263632      0.63734009D+01
        305.29264632      0.63684149D+01
        305.31265633      0.63633993D+01
        305.33266633      0.63583536D+01
        305.35267634      0.63532776D+01
        305.37268634      0.63481706D+01
        305.39269635      0.63430323D+01
        305.41270635      0.63378623D+01
        305.43271636      0.63326601D+01
        305.45272636      0.63274253D+01
        305.47273637      0.63221574D+01
        305.49274637      0.63168561D+01
        305.51275638      0.63115209D+01
        305.53276638      0.63061514D+01
        305.55277639      0.63007473D+01
        305.57278639      0.62953081D+01
        305.59279640      0.62898334D+01
        305.61280640      0.62843229D+01
        305.63281641      0.62787761D+01
        305.65282641      0.62731927D+01
        305.67283642      0.62675723D+01
        305.69284642      0.62619146D+01
        305.71285643      0.62562191D+01
        305.73286643      0.62504856D+01
        305.75287644      0.62447137D+01
        305.77288644      0.62389030D+01
        305.79289645      0.62330533D+01
        305.81290645      0.62271641D+01
        305.83291646      0.62212353D+01
        305.85292646      0.62152664D+01
        305.87293647      0.62092572D+01
        305.89294647      0.62032073D+01
        305.91295648      0.61971166D+01
        305.93296648      0.61909846D+01
        305.95297649      0.61848113D+01
        305.97298649      0.61785961D+01
        305.99299650      0.61723391D+01
        306.01300650      0.61660398D+01
        306.03301651      0.61596980D+01
        306.05302651      0.61533136D+01
        306.07303652      0.61468863D+01
        306.09304652      0.61404158D+01
        306.11305653      0.61339021D+01
        306.13306653      0.61273448D+01
        306.15307654      0.61207439D+01
        306.17308654      0.61140991D+01
        306.19309655      0.61074102D+01
        306.21310655      0.61006772D+01
        306.23311656      0.60938999D+01
        306.25312656      0.60870781D+01
        306.27313657      0.60802117D+01
        306.29314657      0.60733006D+01
        306.31315658      0.60663447D+01
        306.33316658      0.60593439D+01
        306.35317659      0.60522981D+01
        306.37318659      0.60452072D+01
        306.39319660      0.60380712D+01
        306.41320660      0.60308900D+01
        306.43321661      0.60236635D+01
        306.45322661      0.60163917D+01
        306.47323662      0.60090747D+01
        306.49324662      0.60017122D+01
        306.51325663      0.59943045D+01
        306.53326663      0.59868514D+01
        306.55327664      0.59793529D+01
        306.57328664      0.59718092D+01
        306.59329665      0.59642202D+01
        306.61330665      0.59565859D+01
        306.63331666      0.59489065D+01
        306.65332666      0.59411819D+01
        306.67333667      0.59334123D+01
        306.69334667      0.59255977D+01
        306.71335668      0.59177382D+01
        306.73336668      0.59098340D+01
        306.75337669      0.59018851D+01
        306.77338669      0.58938916D+01
        306.79339670      0.58858537D+01
        306.81340670      0.58777715D+01
        306.83341671      0.58696453D+01
        306.85342671      0.58614750D+01
        306.87343672      0.58532609D+01
        306.89344672      0.58450033D+01
        306.91345673      0.58367022D+01
        306.93346673      0.58283578D+01
        306.95347674      0.58199705D+01
        306.97348674      0.58115403D+01
        306.99349675      0.58030675D+01
        307.01350675      0.57945524D+01
        307.03351676      0.57859952D+01
        307.05352676      0.57773961D+01
        307.07353677      0.57687555D+01
        307.09354677      0.57600735D+01
        307.11355678      0.57513505D+01
        307.13356678      0.57425867D+01
        307.15357679      0.57337825D+01
        307.17358679      0.57249382D+01
        307.19359680      0.57160540D+01
        307.21360680      0.57071303D+01
        307.23361681      0.56981674D+01
        307.25362681      0.56891657D+01
        307.27363682      0.56801255D+01
        307.29364682      0.56710472D+01
        307.31365683      0.56619311D+01
        307.33366683      0.56527776D+01
        307.35367684      0.56435871D+01
        307.37368684      0.56343599D+01
        307.39369685      0.56250966D+01
        307.41370685      0.56157974D+01
        307.43371686      0.56064627D+01
        307.45372686      0.55970931D+01
        307.47373687      0.55876889D+01
        307.49374687      0.55782505D+01
        307.51375688      0.55687784D+01
        307.53376688      0.55592731D+01
        307.55377689      0.55497349D+01
        307.57378689      0.55401644D+01
        307.59379690      0.55305620D+01
        307.61380690      0.55209281D+01
        307.63381691      0.55112633D+01
        307.65382691      0.55015681D+01
        307.67383692      0.54918429D+01
        307.69384692      0.54820882D+01
        307.71385693      0.54723045D+01
        307.73386693      0.54624923D+01
        307.75387694      0.54526522D+01
        307.77388694      0.54427847D+01
        307.79389695      0.54328902D+01
        307.81390695      0.54229693D+01
        307.83391696      0.54130226D+01
        307.85392696      0.54030506D+01
        307.87393697      0.53930537D+01
        307.89394697      0.53830327D+01
        307.91395698      0.53729880D+01
        307.93396698      0.53629201D+01
        307.95397699      0.53528297D+01
        307.97398699      0.53427173D+01
        307.99399700      0.53325835D+01
        308.01400700      0.53224288D+01
        308.03401701      0.53122538D+01
        308.05402701      0.53020591D+01
        308.07403702      0.52918453D+01
        308.09404702      0.52816130D+01
        308.11405703      0.52713628D+01
        308.13406703      0.52610952D+01
        308.15407704      0.52508108D+01
        308.17408704      0.52405103D+01
        308.19409705      0.52301943D+01
        308.21410705      0.52198633D+01
        308.23411706      0.52095180D+01
        308.25412706      0.51991589D+01
        308.27413707      0.51887867D+01
        308.29414707      0.51784021D+01
        308.31415708      0.51680055D+01
        308.33416708      0.51575977D+01
        308.35417709      0.51471793D+01
        308.37418709      0.51367508D+01
        308.39419710      0.51263129D+01
        308.41420710      0.51158663D+01
        308.43421711      0.51054115D+01
        308.45422711      0.50949492D+01
        308.47423712      0.50844800D+01
        308.49424712      0.50740045D+01
        308.51425713      0.50635234D+01
        308.53426713      0.50530373D+01
        308.55427714      0.50425468D+01
        308.57428714      0.50320526D+01
        308.59429715      0.50215553D+01
        308.61430715      0.50110555D+01
        308.63431716      0.50005539D+01
        308.65432716      0.49900511D+01
        308.67433717      0.49795477D+01
        308.69434717      0.49690444D+01
        308.71435718      0.49585418D+01
        308.73436718      0.49480405D+01
        308.75437719      0.49375412D+01
        308.77438719      0.49270444D+01
        308.79439720      0.49165509D+01
        308.81440720      0.49060613D+01
        308.83441721      0.48955761D+01
        308.85442721      0.48850960D+01
        308.87443722      0.48746217D+01
        308.89444722      0.48641538D+01
        308.91445723      0.48536928D+01
        308.93446723      0.48432395D+01
        308.95447724      0.48327944D+01
        308.97448724      0.48223582D+01
        308.99449725      0.48119314D+01
        309.01450725      0.48015148D+01
        309.03451726      0.47911088D+01
        309.05452726      0.47807142D+01
        309.07453727      0.47703316D+01
        309.09454727      0.47599614D+01
        309.11455728      0.47496045D+01
        309.13456728      0.47392613D+01
        309.15457729      0.47289324D+01
        309.17458729      0.47186186D+01
        309.19459730      0.47083203D+01
        309.21460730      0.46980381D+01
        309.23461731      0.46877727D+01
        309.25462731      0.46775247D+01
        309.27463732      0.46672946D+01
        309.29464732      0.46570830D+01
        309.31465733      0.46468905D+01
        309.33466733      0.46367177D+01
        309.35467734      0.46265651D+01
        309.37468734      0.46164333D+01
        309.39469735      0.46063230D+01
        309.41470735      0.45962346D+01
        309.43471736      0.45861687D+01
        309.45472736      0.45761259D+01
        309.47473737      0.45661067D+01
        309.49474737      0.45561118D+01
        309.51475738      0.45461415D+01
        309.53476738      0.45361966D+01
        309.55477739      0.45262774D+01
        309.57478739      0.45163846D+01
        309.59479740      0.45065187D+01
        309.61480740      0.44966803D+01
        309.63481741      0.44868697D+01
        309.65482741      0.44770876D+01
        309.67483742      0.44673345D+01
        309.69484742      0.44576109D+01
        309.71485743      0.44479173D+01
        309.73486743      0.44382542D+01
        309.75487744      0.44286221D+01
        309.77488744      0.44190215D+01
        309.79489745      0.44094529D+01
        309.81490745      0.43999168D+01
        309.83491746      0.43904136D+01
        309.85492746      0.43809438D+01
        309.87493747      0.43715080D+01
        309.89494747      0.43621065D+01
        309.91495748      0.43527399D+01
        309.93496748      0.43434085D+01
        309.95497749      0.43341129D+01
        309.97498749      0.43248535D+01
        309.99499750      0.43156307D+01
        310.01500750      0.43064450D+01
        310.03501751      0.42972968D+01
        310.05502751      0.42881866D+01
        310.07503752      0.42791147D+01
        310.09504752      0.42700816D+01
        310.11505753      0.42610876D+01
        310.13506753      0.42521333D+01
        310.15507754      0.42432190D+01
        310.17508754      0.42343451D+01
        310.19509755      0.42255119D+01
        310.21510755      0.42167200D+01
        310.23511756      0.42079696D+01
        310.25512756      0.41992611D+01
        310.27513757      0.41905950D+01
        310.29514757      0.41819715D+01
        310.31515758      0.41733911D+01
        310.33516758      0.41648541D+01
        310.35517759      0.41563607D+01
        310.37518759      0.41479115D+01
        310.39519760      0.41395067D+01
        310.41520760      0.41311467D+01
        310.43521761      0.41228317D+01
        310.45522761      0.41145621D+01
        310.47523762      0.41063383D+01
        310.49524762      0.40981605D+01
        310.51525763      0.40900290D+01
        310.53526763      0.40819441D+01
        310.55527764      0.40739062D+01
        310.57528764      0.40659155D+01
        310.59529765      0.40579723D+01
        310.61530765      0.40500769D+01
        310.63531766      0.40422295D+01
        310.65532766      0.40344304D+01
        310.67533767      0.40266799D+01
        310.69534767      0.40189782D+01
        310.71535768      0.40113256D+01
        310.73536768      0.40037224D+01
        310.75537769      0.39961686D+01
        310.77538769      0.39886647D+01
        310.79539770      0.39812107D+01
        310.81540770      0.39738070D+01
        310.83541771      0.39664538D+01
        310.85542771      0.39591512D+01
        310.87543772      0.39518994D+01
        310.89544772      0.39446987D+01
        310.91545773      0.39375492D+01
        310.93546773      0.39304512D+01
        310.95547774      0.39234048D+01
        310.97548774      0.39164101D+01
        310.99549775      0.39094674D+01
        311.01550775      0.39025768D+01
        311.03551776      0.38957385D+01
        311.05552776      0.38889526D+01
        311.07553777      0.38822193D+01
        311.09554777      0.38755386D+01
        311.11555778      0.38689108D+01
        311.13556778      0.38623360D+01
        311.15557779      0.38558142D+01
        311.17558779      0.38493457D+01
        311.19559780      0.38429304D+01
        311.21560780      0.38365686D+01
        311.23561781      0.38302603D+01
        311.25562781      0.38240056D+01
        311.27563782      0.38178047D+01
        311.29564782      0.38116574D+01
        311.31565783      0.38055641D+01
        311.33566783      0.37995247D+01
        311.35567784      0.37935393D+01
        311.37568784      0.37876079D+01
        311.39569785      0.37817307D+01
        311.41570785      0.37759076D+01
        311.43571786      0.37701387D+01
        311.45572786      0.37644241D+01
        311.47573787      0.37587637D+01
        311.49574787      0.37531577D+01
        311.51575788      0.37476059D+01
        311.53576788      0.37421085D+01
        311.55577789      0.37366655D+01
        311.57578789      0.37312768D+01
        311.59579790      0.37259425D+01
        311.61580790      0.37206625D+01
        311.63581791      0.37154369D+01
        311.65582791      0.37102656D+01
        311.67583792      0.37051486D+01
        311.69584792      0.37000859D+01
        311.71585793      0.36950775D+01
        311.73586793      0.36901232D+01
        311.75587794      0.36852232D+01
        311.77588794      0.36803772D+01
        311.79589795      0.36755853D+01
        311.81590795      0.36708474D+01
        311.83591796      0.36661635D+01
        311.85592796      0.36615335D+01
        311.87593797      0.36569573D+01
        311.89594797      0.36524348D+01
        311.91595798      0.36479659D+01
        311.93596798      0.36435507D+01
        311.95597799      0.36391889D+01
        311.97598799      0.36348804D+01
        311.99599800      0.36306253D+01
        312.01600800      0.36264233D+01
        312.03601801      0.36222744D+01
        312.05602801      0.36181784D+01
        312.07603802      0.36141352D+01
        312.09604802      0.36101447D+01
        312.11605803      0.36062068D+01
        312.13606803      0.36023213D+01
        312.15607804      0.35984881D+01
        312.17608804      0.35947070D+01
        312.19609805      0.35909779D+01
        312.21610805      0.35873007D+01
        312.23611806      0.35836751D+01
        312.25612806      0.35801011D+01
        312.27613807      0.35765784D+01
        312.29614807      0.35731069D+01
        312.31615808      0.35696865D+01
        312.33616808      0.35663168D+01
        312.35617809      0.35629978D+01
        312.37618809      0.35597292D+01
        312.39619810      0.35565109D+01
        312.41620810      0.35533427D+01
        312.43621811      0.35502244D+01
        312.45622811      0.35471557D+01
        312.47623812      0.35441364D+01
        312.49624812      0.35411664D+01
        312.51625813      0.35382455D+01
        312.53626813      0.35353733D+01
        312.55627814      0.35325497D+01
        312.57628814      0.35297745D+01
        312.59629815      0.35270474D+01
        312.61630815      0.35243682D+01
        312.63631816      0.35217366D+01
        312.65632816      0.35191525D+01
        312.67633817      0.35166155D+01
        312.69634817      0.35141254D+01
        312.71635818      0.35116819D+01
        312.73636818      0.35092849D+01
        312.75637819      0.35069340D+01
        312.77638819      0.35046290D+01
        312.79639820      0.35023695D+01
        312.81640820      0.35001555D+01
        312.83641821      0.34979864D+01
        312.85642821      0.34958622D+01
        312.87643822      0.34937824D+01
        312.89644822      0.34917469D+01
        312.91645823      0.34897553D+01
        312.93646823      0.34878073D+01
        312.95647824      0.34859027D+01
        312.97648824      0.34840412D+01
        312.99649825      0.34822224D+01
        313.01650825      0.34804460D+01
        313.03651826      0.34787118D+01
        313.05652826      0.34770194D+01
        313.07653827      0.34753686D+01
        313.09654827      0.34737590D+01
        313.11655828      0.34721902D+01
        313.13656828      0.34706621D+01
        313.15657829      0.34691742D+01
        313.17658829      0.34677263D+01
        313.19659830      0.34663179D+01
        313.21660830      0.34649488D+01
        313.23661831      0.34636187D+01
        313.25662831      0.34623272D+01
        313.27663832      0.34610740D+01
        313.29664832      0.34598587D+01
        313.31665833      0.34586810D+01
        313.33666833      0.34575406D+01
        313.35667834      0.34564371D+01
        313.37668834      0.34553702D+01
        313.39669835      0.34543394D+01
        313.41670835      0.34533446D+01
        313.43671836      0.34523852D+01
        313.45672836      0.34514610D+01
        313.47673837      0.34505716D+01
        313.49674837      0.34497166D+01
        313.51675838      0.34488958D+01
        313.53676838      0.34481086D+01
        313.55677839      0.34473548D+01
        313.57678839      0.34466339D+01
        313.59679840      0.34459457D+01
        313.61680840      0.34452898D+01
        313.63681841      0.34446657D+01
        313.65682841      0.34440731D+01
        313.67683842      0.34435116D+01
        313.69684842      0.34429809D+01
        313.71685843      0.34424806D+01
        313.73686843      0.34420103D+01
        313.75687844      0.34415696D+01
        313.77688844      0.34411581D+01
        313.79689845      0.34407755D+01
        313.81690845      0.34404214D+01
        313.83691846      0.34400954D+01
        313.85692846      0.34397971D+01
        313.87693847      0.34395260D+01
        313.89694847      0.34392820D+01
        313.91695848      0.34390644D+01
        313.93696848      0.34388731D+01
        313.95697849      0.34387074D+01
        313.97698849      0.34385672D+01
        313.99699850      0.34384519D+01
        314.01700850      0.34383613D+01
        314.03701851      0.34382948D+01
        314.05702851      0.34382521D+01
        314.07703852      0.34382329D+01
        314.09704852      0.34382366D+01
        314.11705853      0.34382630D+01
        314.13706853      0.34383116D+01
        314.15707854      0.34383820D+01
        314.17708854      0.34384738D+01
        314.19709855      0.34385867D+01
        314.21710855      0.34387202D+01
        314.23711856      0.34388739D+01
        314.25712856      0.34390475D+01
        314.27713857      0.34392405D+01
        314.29714857      0.34394526D+01
        314.31715858      0.34396833D+01
        314.33716858      0.34399322D+01
        314.35717859      0.34401990D+01
        314.37718859      0.34404832D+01
        314.39719860      0.34407844D+01
        314.41720860      0.34411024D+01
        314.43721861      0.34414365D+01
        314.45722861      0.34417865D+01
        314.47723862      0.34421520D+01
        314.49724862      0.34425325D+01
        314.51725863      0.34429276D+01
        314.53726863      0.34433370D+01
        314.55727864      0.34437603D+01
        314.57728864      0.34441970D+01
        314.59729865      0.34446468D+01
        314.61730865      0.34451093D+01
        314.63731866      0.34455840D+01
        314.65732866      0.34460707D+01
        314.67733867      0.34465688D+01
        314.69734867      0.34470780D+01
        314.71735868      0.34475978D+01
        314.73736868      0.34481280D+01
        314.75737869      0.34486681D+01
        314.77738869      0.34492178D+01
        314.79739870      0.34497765D+01
        314.81740870      0.34503440D+01
        314.83741871      0.34509198D+01
        314.85742871      0.34515036D+01
        314.87743872      0.34520950D+01
        314.89744872      0.34526935D+01
        314.91745873      0.34532989D+01
        314.93746873      0.34539107D+01
        314.95747874      0.34545285D+01
        314.97748874      0.34551519D+01
        314.99749875      0.34557807D+01
        315.01750875      0.34564143D+01
        315.03751876      0.34570524D+01
        315.05752876      0.34576947D+01
        315.07753877      0.34583407D+01
        315.09754877      0.34589901D+01
        315.11755878      0.34596425D+01
        315.13756878      0.34602976D+01
        315.15757879      0.34609549D+01
        315.17758879      0.34616141D+01
        315.19759880      0.34622748D+01
        315.21760880      0.34629367D+01
        315.23761881      0.34635993D+01
        315.25762881      0.34642624D+01
        315.27763882      0.34649256D+01
        315.29764882      0.34655884D+01
        315.31765883      0.34662506D+01
        315.33766883      0.34669118D+01
        315.35767884      0.34675716D+01
        315.37768884      0.34682297D+01
        315.39769885      0.34688856D+01
        315.41770885      0.34695392D+01
        315.43771886      0.34701900D+01
        315.45772886      0.34708376D+01
        315.47773887      0.34714818D+01
        315.49774887      0.34721221D+01
        315.51775888      0.34727582D+01
        315.53776888      0.34733899D+01
        315.55777889      0.34740167D+01
        315.57778889      0.34746383D+01
        315.59779890      0.34752544D+01
        315.61780890      0.34758647D+01
        315.63781891      0.34764687D+01
        315.65782891      0.34770663D+01
        315.67783892      0.34776570D+01
        315.69784892      0.34782405D+01
        315.71785893      0.34788165D+01
        315.73786893      0.34793847D+01
        315.75787894      0.34799448D+01
        315.77788894      0.34804965D+01
        315.79789895      0.34810393D+01
        315.81790895      0.34815731D+01
        315.83791896      0.34820975D+01
        315.85792896      0.34826122D+01
        315.87793897      0.34831169D+01
        315.89794897      0.34836113D+01
        315.91795898      0.34840950D+01
        315.93796898      0.34845679D+01
        315.95797899      0.34850295D+01
        315.97798899      0.34854797D+01
        315.99799900      0.34859180D+01
        316.01800900      0.34863442D+01
        316.03801901      0.34867581D+01
        316.05802901      0.34871593D+01
        316.07803902      0.34875476D+01
        316.09804902      0.34879226D+01
        316.11805903      0.34882841D+01
        316.13806903      0.34886319D+01
        316.15807904      0.34889655D+01
        316.17808904      0.34892849D+01
        316.19809905      0.34895896D+01
        316.21810905      0.34898795D+01
        316.23811906      0.34901543D+01
        316.25812906      0.34904136D+01
        316.27813907      0.34906574D+01
        316.29814907      0.34908852D+01
        316.31815908      0.34910968D+01
        316.33816908      0.34912921D+01
        316.35817909      0.34914706D+01
        316.37818909      0.34916323D+01
        316.39819910      0.34917768D+01
        316.41820910      0.34919039D+01
        316.43821911      0.34920134D+01
        316.45822911      0.34921051D+01
        316.47823912      0.34921786D+01
        316.49824912      0.34922338D+01
        316.51825913      0.34922704D+01
        316.53826913      0.34922883D+01
        316.55827914      0.34922871D+01
        316.57828914      0.34922668D+01
        316.59829915      0.34922269D+01
        316.61830915      0.34921675D+01
        316.63831916      0.34920881D+01
        316.65832916      0.34919887D+01
        316.67833917      0.34918690D+01
        316.69834917      0.34917288D+01
        316.71835918      0.34915679D+01
        316.73836918      0.34913861D+01
        316.75837919      0.34911833D+01
        316.77838919      0.34909592D+01
        316.79839920      0.34907136D+01
        316.81840920      0.34904463D+01
        316.83841921      0.34901573D+01
        316.85842921      0.34898462D+01
        316.87843922      0.34895129D+01
        316.89844922      0.34891572D+01
        316.91845923      0.34887790D+01
        316.93846923      0.34883781D+01
        316.95847924      0.34879543D+01
        316.97848924      0.34875074D+01
        316.99849925      0.34870374D+01
        317.01850925      0.34865439D+01
        317.03851926      0.34860270D+01
        317.05852926      0.34854864D+01
        317.07853927      0.34849219D+01
        317.09854927      0.34843335D+01
        317.11855928      0.34837209D+01
        317.13856928      0.34830841D+01
        317.15857929      0.34824229D+01
        317.17858929      0.34817371D+01
        317.19859930      0.34810267D+01
        317.21860930      0.34802915D+01
        317.23861931      0.34795313D+01
        317.25862931      0.34787461D+01
        317.27863932      0.34779358D+01
        317.29864932      0.34771001D+01
        317.31865933      0.34762390D+01
        317.33866933      0.34753524D+01
        317.35867934      0.34744401D+01
        317.37868934      0.34735021D+01
        317.39869935      0.34725383D+01
        317.41870935      0.34715485D+01
        317.43871936      0.34705327D+01
        317.45872936      0.34694907D+01
        317.47873937      0.34684225D+01
        317.49874937      0.34673279D+01
        317.51875938      0.34662069D+01
        317.53876938      0.34650595D+01
        317.55877939      0.34638854D+01
        317.57878939      0.34626847D+01
        317.59879940      0.34614572D+01
        317.61880940      0.34602029D+01
        317.63881941      0.34589217D+01
        317.65882941      0.34576136D+01
        317.67883942      0.34562785D+01
        317.69884942      0.34549163D+01
        317.71885943      0.34535269D+01
        317.73886943      0.34521103D+01
        317.75887944      0.34506665D+01
        317.77888944      0.34491954D+01
        317.79889945      0.34476969D+01
        317.81890945      0.34461710D+01
        317.83891946      0.34446177D+01
        317.85892946      0.34430369D+01
        317.87893947      0.34414286D+01
        317.89894947      0.34397928D+01
        317.91895948      0.34381293D+01
        317.93896948      0.34364383D+01
        317.95897949      0.34347195D+01
        317.97898949      0.34329732D+01
        317.99899950      0.34311991D+01
        318.01900950      0.34293974D+01
        318.03901951      0.34275679D+01
        318.05902951      0.34257107D+01
        318.07903952      0.34238257D+01
        318.09904952      0.34219130D+01
        318.11905953      0.34199726D+01
        318.13906953      0.34180044D+01
        318.15907954      0.34160084D+01
        318.17908954      0.34139847D+01
        318.19909955      0.34119332D+01
        318.21910955      0.34098540D+01
        318.23911956      0.34077471D+01
        318.25912956      0.34056125D+01
        318.27913957      0.34034501D+01
        318.29914957      0.34012601D+01
        318.31915958      0.33990425D+01
        318.33916958      0.33967972D+01
        318.35917959      0.33945243D+01
        318.37918959      0.33922238D+01
        318.39919960      0.33898958D+01
        318.41920960      0.33875403D+01
        318.43921961      0.33851573D+01
        318.45922961      0.33827468D+01
        318.47923962      0.33803090D+01
        318.49924962      0.33778438D+01
        318.51925963      0.33753514D+01
        318.53926963      0.33728317D+01
        318.55927964      0.33702848D+01
        318.57928964      0.33677107D+01
        318.59929965      0.33651096D+01
        318.61930965      0.33624814D+01
        318.63931966      0.33598263D+01
        318.65932966      0.33571443D+01
        318.67933967      0.33544354D+01
        318.69934967      0.33516998D+01
        318.71935968      0.33489375D+01
        318.73936968      0.33461485D+01
        318.75937969      0.33433330D+01
        318.77938969      0.33404911D+01
        318.79939970      0.33376228D+01
        318.81940970      0.33347281D+01
        318.83941971      0.33318073D+01
        318.85942971      0.33288603D+01
        318.87943972      0.33258873D+01
        318.89944972      0.33228884D+01
        318.91945973      0.33198636D+01
        318.93946973      0.33168130D+01
        318.95947974      0.33137368D+01
        318.97948974      0.33106350D+01
        318.99949975      0.33075078D+01
        319.01950975      0.33043552D+01
        319.03951976      0.33011774D+01
        319.05952976      0.32979745D+01
        319.07953977      0.32947465D+01
        319.09954977      0.32914937D+01
        319.11955978      0.32882160D+01
        319.13956978      0.32849137D+01
        319.15957979      0.32815869D+01
        319.17958979      0.32782356D+01
        319.19959980      0.32748600D+01
        319.21960980      0.32714603D+01
        319.23961981      0.32680365D+01
        319.25962981      0.32645887D+01
        319.27963982      0.32611172D+01
        319.29964982      0.32576221D+01
        319.31965983      0.32541034D+01
        319.33966983      0.32505614D+01
        319.35967984      0.32469961D+01
        319.37968984      0.32434078D+01
        319.39969985      0.32397965D+01
        319.41970985      0.32361624D+01
        319.43971986      0.32325056D+01
        319.45972986      0.32288264D+01
        319.47973987      0.32251248D+01
        319.49974987      0.32214010D+01
        319.51975988      0.32176551D+01
        319.53976988      0.32138874D+01
        319.55977989      0.32100979D+01
        319.57978989      0.32062869D+01
        319.59979990      0.32024544D+01
        319.61980990      0.31986008D+01
        319.63981991      0.31947260D+01
        319.65982991      0.31908303D+01
        319.67983992      0.31869139D+01
        319.69984992      0.31829770D+01
        319.71985993      0.31790196D+01
        319.73986993      0.31750420D+01
        319.75987994      0.31710444D+01
        319.77988994      0.31670269D+01
        319.79989995      0.31629897D+01
        319.81990995      0.31589330D+01
        319.83991996      0.31548569D+01
        319.85992996      0.31507618D+01
        319.87993997      0.31466476D+01
        319.89994997      0.31425147D+01
        319.91995998      0.31383632D+01
        319.93996998      0.31341933D+01
        319.95997999      0.31300052D+01
        319.97998999      0.31257991D+01
        320.00000000      0.31215751D+01
      -----------------------------------

 END OF SPECTRA OUTPUT
