        280.00000000      0.00000000D+00
        280.02001001      0.00000000D+00
        280.04002001      0.00000000D+00
        280.06003002      0.00000000D+00
        280.08004002      0.00000000D+00
        280.10005003      0.00000000D+00
        280.12006003      0.00000000D+00
        280.14007004      0.00000000D+00
        280.16008004      0.00000000D+00
        280.18009005      0.00000000D+00
        280.20010005      0.00000000D+00
        280.22011006      0.00000000D+00
        280.24012006      0.00000000D+00
        280.26013007      0.00000000D+00
        280.28014007      0.00000000D+00
        280.30015008      0.00000000D+00
        280.32016008      0.00000000D+00
        280.34017009      0.00000000D+00
        280.36018009      0.00000000D+00
        280.38019010      0.00000000D+00
        280.40020010      0.00000000D+00
        280.42021011      0.00000000D+00
        280.44022011      0.00000000D+00
        280.46023012      0.00000000D+00
        280.48024012      0.00000000D+00
        280.50025013      0.00000000D+00
        280.52026013      0.00000000D+00
        280.54027014      0.00000000D+00
        280.56028014      0.00000000D+00
        280.58029015      0.00000000D+00
        280.60030015      0.00000000D+00
        280.62031016      0.00000000D+00
        280.64032016      0.00000000D+00
        280.66033017      0.00000000D+00
        280.68034017      0.00000000D+00
        280.70035018      0.00000000D+00
        280.72036018      0.00000000D+00
        280.74037019      0.00000000D+00
        280.76038019      0.00000000D+00
        280.78039020      0.00000000D+00
        280.80040020      0.00000000D+00
        280.82041021      0.00000000D+00
        280.84042021      0.00000000D+00
        280.86043022      0.00000000D+00
        280.88044022      0.00000000D+00
        280.90045023      0.00000000D+00
        280.92046023      0.00000000D+00
        280.94047024      0.00000000D+00
        280.96048024      0.00000000D+00
        280.98049025      0.00000000D+00
        281.00050025      0.00000000D+00
        281.02051026      0.00000000D+00
        281.04052026      0.00000000D+00
        281.06053027      0.00000000D+00
        281.08054027      0.00000000D+00
        281.10055028      0.00000000D+00
        281.12056028      0.00000000D+00
        281.14057029      0.00000000D+00
        281.16058029      0.00000000D+00
        281.18059030      0.00000000D+00
        281.20060030      0.00000000D+00
        281.22061031      0.00000000D+00
        281.24062031      0.00000000D+00
        281.26063032      0.00000000D+00
        281.28064032      0.00000000D+00
        281.30065033      0.00000000D+00
        281.32066033      0.00000000D+00
        281.34067034      0.00000000D+00
        281.36068034      0.00000000D+00
        281.38069035      0.00000000D+00
        281.40070035      0.00000000D+00
        281.42071036      0.00000000D+00
        281.44072036      0.00000000D+00
        281.46073037      0.00000000D+00
        281.48074037      0.00000000D+00
        281.50075038      0.00000000D+00
        281.52076038      0.00000000D+00
        281.54077039      0.00000000D+00
        281.56078039      0.00000000D+00
        281.58079040      0.00000000D+00
        281.60080040      0.00000000D+00
        281.62081041      0.00000000D+00
        281.64082041      0.00000000D+00
        281.66083042      0.00000000D+00
        281.68084042      0.00000000D+00
        281.70085043      0.00000000D+00
        281.72086043      0.00000000D+00
        281.74087044      0.00000000D+00
        281.76088044      0.00000000D+00
        281.78089045      0.00000000D+00
        281.80090045      0.00000000D+00
        281.82091046      0.00000000D+00
        281.84092046      0.00000000D+00
        281.86093047      0.00000000D+00
        281.88094047      0.00000000D+00
        281.90095048      0.00000000D+00
        281.92096048      0.00000000D+00
        281.94097049      0.00000000D+00
        281.96098049      0.00000000D+00
        281.98099050      0.00000000D+00
        282.00100050      0.00000000D+00
        282.02101051      0.00000000D+00
        282.04102051      0.00000000D+00
        282.06103052      0.00000000D+00
        282.08104052      0.00000000D+00
        282.10105053      0.00000000D+00
        282.12106053      0.00000000D+00
        282.14107054      0.00000000D+00
        282.16108054      0.00000000D+00
        282.18109055      0.00000000D+00
        282.20110055      0.00000000D+00
        282.22111056      0.00000000D+00
        282.24112056      0.00000000D+00
        282.26113057      0.00000000D+00
        282.28114057      0.00000000D+00
        282.30115058      0.00000000D+00
        282.32116058      0.00000000D+00
        282.34117059      0.00000000D+00
        282.36118059      0.00000000D+00
        282.38119060      0.00000000D+00
        282.40120060      0.00000000D+00
        282.42121061      0.00000000D+00
        282.44122061      0.00000000D+00
        282.46123062      0.00000000D+00
        282.48124062      0.00000000D+00
        282.50125063      0.00000000D+00
        282.52126063      0.00000000D+00
        282.54127064      0.00000000D+00
        282.56128064      0.00000000D+00
        282.58129065      0.00000000D+00
        282.60130065      0.00000000D+00
        282.62131066      0.00000000D+00
        282.64132066      0.00000000D+00
        282.66133067      0.00000000D+00
        282.68134067      0.00000000D+00
        282.70135068      0.00000000D+00
        282.72136068      0.00000000D+00
        282.74137069      0.00000000D+00
        282.76138069      0.00000000D+00
        282.78139070      0.00000000D+00
        282.80140070      0.00000000D+00
        282.82141071      0.00000000D+00
        282.84142071      0.00000000D+00
        282.86143072      0.00000000D+00
        282.88144072      0.00000000D+00
        282.90145073      0.00000000D+00
        282.92146073      0.00000000D+00
        282.94147074      0.00000000D+00
        282.96148074      0.00000000D+00
        282.98149075      0.00000000D+00
        283.00150075      0.00000000D+00
        283.02151076      0.00000000D+00
        283.04152076      0.00000000D+00
        283.06153077      0.00000000D+00
        283.08154077      0.00000000D+00
        283.10155078      0.00000000D+00
        283.12156078      0.00000000D+00
        283.14157079      0.00000000D+00
        283.16158079      0.00000000D+00
        283.18159080      0.00000000D+00
        283.20160080      0.00000000D+00
        283.22161081      0.00000000D+00
        283.24162081      0.00000000D+00
        283.26163082      0.00000000D+00
        283.28164082      0.00000000D+00
        283.30165083      0.00000000D+00
        283.32166083      0.00000000D+00
        283.34167084      0.00000000D+00
        283.36168084      0.00000000D+00
        283.38169085      0.00000000D+00
        283.40170085      0.00000000D+00
        283.42171086      0.00000000D+00
        283.44172086      0.00000000D+00
        283.46173087      0.00000000D+00
        283.48174087      0.00000000D+00
        283.50175088      0.00000000D+00
        283.52176088      0.00000000D+00
        283.54177089      0.00000000D+00
        283.56178089      0.00000000D+00
        283.58179090      0.00000000D+00
        283.60180090      0.00000000D+00
        283.62181091      0.00000000D+00
        283.64182091      0.00000000D+00
        283.66183092      0.00000000D+00
        283.68184092      0.00000000D+00
        283.70185093      0.00000000D+00
        283.72186093      0.00000000D+00
        283.74187094      0.00000000D+00
        283.76188094      0.00000000D+00
        283.78189095      0.00000000D+00
        283.80190095      0.00000000D+00
        283.82191096      0.00000000D+00
        283.84192096      0.00000000D+00
        283.86193097      0.00000000D+00
        283.88194097      0.00000000D+00
        283.90195098      0.00000000D+00
        283.92196098      0.00000000D+00
        283.94197099      0.00000000D+00
        283.96198099      0.00000000D+00
        283.98199100      0.16884235D-11
        284.00200100      0.17361873D-11
        284.02201101      0.74141378D-10
        284.04202101      0.14240849D-09
        284.06203102      0.27234229D-09
        284.08204102      0.51572612D-09
        284.10205103      0.97064457D-09
        284.12206103      0.18121425D-08
        284.14207104      0.33574831D-08
        284.16208104      0.61634771D-08
        284.18209105      0.11217953D-07
        284.20210105      0.20249903D-07
        284.22211106      0.36220282D-07
        284.24212106      0.64217369D-07
        284.26213107      0.11285356D-06
        284.28214107      0.19657916D-06
        284.30215108      0.33941044D-06
        284.32216108      0.58079679D-06
        284.34217109      0.98508475D-06
        284.36218109      0.16560397D-05
        284.38219110      0.27594051D-05
        284.40220110      0.45572894D-05
        284.42221111      0.74600868D-05
        284.44222111      0.12103944D-04
        284.46223112      0.19465057D-04
        284.48224112      0.31026318D-04
        284.50225113      0.49017444D-04
        284.52226113      0.76756843D-04
        284.54227114      0.11913237D-03
        284.56228114      0.18326894D-03
        284.58229115      0.27944392D-03
        284.60230115      0.42232559D-03
        284.62231116      0.63262651D-03
        284.64232116      0.93927972D-03
        284.66233117      0.13822622D-02
        284.68234117      0.20162026D-02
        284.70235118      0.29149199D-02
        284.72236118      0.41770358D-02
        284.74237119      0.59327951D-02
        284.76238119      0.83521942D-02
        284.78239120      0.11654468D-01
        284.80240120      0.16118903D-01
        284.82241121      0.22096849D-01
        284.84242121      0.30024633D-01
        284.86243122      0.40436936D-01
        284.88244122      0.53979985D-01
        284.90245123      0.71423653D-01
        284.92246123      0.93671407D-01
        284.94247124      0.12176674D+00
        284.96248124      0.15689458D+00
        284.98249125      0.20037612D+00
        285.00250125      0.25365530D+00
        285.02251126      0.31827544D+00
        285.04252126      0.39584473D+00
        285.06253127      0.48798969D+00
        285.08254127      0.59629615D+00
        285.10255128      0.72223852D+00
        285.12256128      0.86709836D+00
        285.14257129      0.10318750D+01
        285.16258129      0.12171914D+01
        285.18259130      0.14232002D+01
        285.20260130      0.16494942D+01
        285.22261131      0.18950287D+01
        285.24262131      0.21580612D+01
        285.26263132      0.24361140D+01
        285.28264132      0.27259661D+01
        285.30265133      0.30236786D+01
        285.32266133      0.33246560D+01
        285.34267134      0.36237442D+01
        285.36268134      0.39153640D+01
        285.38269135      0.41936763D+01
        285.40270135      0.44527720D+01
        285.42271136      0.46868789D+01
        285.44272136      0.48905759D+01
        285.46273137      0.50590024D+01
        285.48274137      0.51880520D+01
        285.50275138      0.52745409D+01
        285.52276138      0.53163386D+01
        285.54277139      0.53124563D+01
        285.56278139      0.52630856D+01
        285.58279140      0.51695868D+01
        285.60280140      0.50344267D+01
        285.62281141      0.48610709D+01
        285.64282141      0.46538357D+01
        285.66283142      0.44177105D+01
        285.68284142      0.41581585D+01
        285.70285143      0.38809089D+01
        285.72286143      0.35917498D+01
        285.74287144      0.32963342D+01
        285.76288144      0.30000048D+01
        285.78289145      0.27076478D+01
        285.80290145      0.24235786D+01
        285.82291146      0.21514623D+01
        285.84292146      0.18942694D+01
        285.86293147      0.16542654D+01
        285.88294147      0.14330302D+01
        285.90295148      0.12315040D+01
        285.92296148      0.10500529D+01
        285.94297149      0.88855042D+00
        285.96298149      0.74646818D+00
        285.98299150      0.62297107D+00
        286.00300150      0.51701318D+00
        286.02301151      0.42743032D+00
        286.04302151      0.35302703D+00
        286.06303152      0.29265612D+00
        286.08304152      0.24528993D+00
        286.10305153      0.21008281D+00
        286.12306153      0.18642490D+00
        286.14307154      0.17398742D+00
        286.16308154      0.17275943D+00
        286.18309155      0.18307626D+00
        286.20310155      0.20563889D+00
        286.22311156      0.24152370D+00
        286.24312156      0.29218100D+00
        286.26313157      0.35942074D+00
        286.28314157      0.44538331D+00
        286.30315158      0.55249326D+00
        286.32316158      0.68339405D+00
        286.34317159      0.84086215D+00
        286.36318159      0.10277000D+01
        286.38319160      0.12466081D+01
        286.40320160      0.15000382D+01
        286.42321161      0.17900314D+01
        286.44322161      0.21180459D+01
        286.46323162      0.24847822D+01
        286.48324162      0.28900144D+01
        286.50325163      0.33324379D+01
        286.52326163      0.38095430D+01
        286.54327164      0.43175269D+01
        286.56328164      0.48512532D+01
        286.58329165      0.54042672D+01
        286.60330165      0.59688736D+01
        286.62331166      0.65362777D+01
        286.64332166      0.70967915D+01
        286.66333167      0.76400975D+01
        286.68334167      0.81555617D+01
        286.70335168      0.86325829D+01
        286.72336168      0.90609619D+01
        286.74337169      0.94312732D+01
        286.76338169      0.97352184D+01
        286.78339170      0.99659441D+01
        286.80340170      0.10118306D+02
        286.82341171      0.10189064D+02
        286.84342171      0.10177001D+02
        286.86343172      0.10082957D+02
        286.88344172      0.99097745D+01
        286.90345173      0.96621688D+01
        286.92346173      0.93465229D+01
        286.94347174      0.89706228D+01
        286.96348174      0.85433511D+01
        286.98349175      0.80743520D+01
        287.00350175      0.75736884D+01
        287.02351176      0.70515069D+01
        287.04352176      0.65177255D+01
        287.06353177      0.59817569D+01
        287.08354177      0.54522770D+01
        287.10355178      0.49370433D+01
        287.12356178      0.44427670D+01
        287.14357179      0.39750368D+01
        287.16358179      0.35382913D+01
        287.18359180      0.31358349D+01
        287.20360180      0.27698891D+01
        287.22361181      0.24416720D+01
        287.24362181      0.21514978D+01
        287.26363182      0.18988887D+01
        287.28364182      0.16826933D+01
        287.30365183      0.15012037D+01
        287.32366183      0.13522696D+01
        287.34367184      0.12334047D+01
        287.36368184      0.11418842D+01
        287.38369185      0.10748323D+01
        287.40370185      0.10293003D+01
        287.42371186      0.10023359D+01
        287.44372186      0.99104474D+00
        287.46373187      0.99264486D+00
        287.48374187      0.10045165D+01
        287.50375188      0.10242468D+01
        287.52376188      0.10496703D+01
        287.54377189      0.10789058D+01
        287.56378189      0.11103882D+01
        287.58379190      0.11428959D+01
        287.60380190      0.11755708D+01
        287.62381191      0.12079321D+01
        287.64382191      0.12398809D+01
        287.66383192      0.12716947D+01
        287.68384192      0.13040118D+01
        287.70385193      0.13378048D+01
        287.72386193      0.13743423D+01
        287.74387194      0.14151408D+01
        287.76388194      0.14619064D+01
        287.78389195      0.15164687D+01
        287.80390195      0.15807085D+01
        287.82391196      0.16564812D+01
        287.84392196      0.17455390D+01
        287.86393197      0.18494536D+01
        287.88394197      0.19695432D+01
        287.90395198      0.21068050D+01
        287.92396198      0.22618559D+01
        287.94397199      0.24348842D+01
        287.96398199      0.26256127D+01
        287.98399200      0.28332752D+01
        288.00400200      0.30566075D+01
        288.02401201      0.32938526D+01
        288.04402201      0.35427816D+01
        288.06403202      0.38007283D+01
        288.08404202      0.40646378D+01
        288.10405203      0.43311284D+01
        288.12406203      0.45965640D+01
        288.14407204      0.48571359D+01
        288.16408204      0.51089524D+01
        288.18409205      0.53481323D+01
        288.20410205      0.55709008D+01
        288.22411206      0.57736847D+01
        288.24412206      0.59532029D+01
        288.26413207      0.61065511D+01
        288.28414207      0.62312766D+01
        288.30415208      0.63254407D+01
        288.32416208      0.63876681D+01
        288.34417209      0.64171790D+01
        288.36418209      0.64138052D+01
        288.38419210      0.63779888D+01
        288.40420210      0.63107632D+01
        288.42421211      0.62137178D+01
        288.44422211      0.60889477D+01
        288.46423212      0.59389902D+01
        288.48424212      0.57667506D+01
        288.50425213      0.55754204D+01
        288.52426213      0.53683903D+01
        288.54427214      0.51491613D+01
        288.56428214      0.49212577D+01
        288.58429215      0.46881439D+01
        288.60430215      0.44531472D+01
        288.62431216      0.42193906D+01
        288.64432216      0.39897353D+01
        288.66433217      0.37667347D+01
        288.68434217      0.35526017D+01
        288.70435218      0.33491870D+01
        288.72436218      0.31579708D+01
        288.74437219      0.29800644D+01
        288.76438219      0.28162230D+01
        288.78439220      0.26668662D+01
        288.80440220      0.25321066D+01
        288.82441221      0.24117823D+01
        288.84442221      0.23054947D+01
        288.86443222      0.22126469D+01
        288.88444222      0.21324831D+01
        288.90445223      0.20641275D+01
        288.92446223      0.20066205D+01
        288.94447224      0.19589526D+01
        288.96448224      0.19200943D+01
        288.98449225      0.18890224D+01
        289.00450225      0.18647419D+01
        289.02451226      0.18463033D+01
        289.04452226      0.18328166D+01
        289.06453227      0.18234611D+01
        289.08454227      0.18174910D+01
        289.10455228      0.18142393D+01
        289.12456228      0.18131179D+01
        289.14457229      0.18136162D+01
        289.16458229      0.18152982D+01
        289.18459230      0.18177976D+01
        289.20460230      0.18208127D+01
        289.22461231      0.18241007D+01
        289.24462231      0.18274719D+01
        289.26463232      0.18307834D+01
        289.28464232      0.18339334D+01
        289.30465233      0.18368564D+01
        289.32466233      0.18395174D+01
        289.34467234      0.18419083D+01
        289.36468234      0.18440433D+01
        289.38469235      0.18459557D+01
        289.40470235      0.18476953D+01
        289.42471236      0.18493251D+01
        289.44472236      0.18509199D+01
        289.46473237      0.18525638D+01
        289.48474237      0.18543493D+01
        289.50475238      0.18563755D+01
        289.52476238      0.18587470D+01
        289.54477239      0.18615730D+01
        289.56478239      0.18649661D+01
        289.58479240      0.18690416D+01
        289.60480240      0.18739166D+01
        289.62481241      0.18797088D+01
        289.64482241      0.18865360D+01
        289.66483242      0.18945151D+01
        289.68484242      0.19037610D+01
        289.70485243      0.19143860D+01
        289.72486243      0.19264986D+01
        289.74487244      0.19402030D+01
        289.76488244      0.19555978D+01
        289.78489245      0.19727754D+01
        289.80490245      0.19918213D+01
        289.82491246      0.20128132D+01
        289.84492246      0.20358204D+01
        289.86493247      0.20609034D+01
        289.88494247      0.20881132D+01
        289.90495248      0.21174910D+01
        289.92496248      0.21490680D+01
        289.94497249      0.21828651D+01
        289.96498249      0.22188931D+01
        289.98499250      0.22571523D+01
        290.00500250      0.22976330D+01
        290.02501251      0.23403157D+01
        290.04502251      0.23851711D+01
        290.06503252      0.24321611D+01
        290.08504252      0.24812386D+01
        290.10505253      0.25323488D+01
        290.12506253      0.25854289D+01
        290.14507254      0.26404097D+01
        290.16508254      0.26972155D+01
        290.18509255      0.27557655D+01
        290.20510255      0.28159737D+01
        290.22511256      0.28777505D+01
        290.24512256      0.29410028D+01
        290.26513257      0.30056352D+01
        290.28514257      0.30715502D+01
        290.30515258      0.31386493D+01
        290.32516258      0.32068334D+01
        290.34517259      0.32760037D+01
        290.36518259      0.33460617D+01
        290.38519260      0.34169106D+01
        290.40520260      0.34884551D+01
        290.42521261      0.35606020D+01
        290.44522261      0.36332608D+01
        290.46523262      0.37063440D+01
        290.48524262      0.37797674D+01
        290.50525263      0.38534500D+01
        290.52526263      0.39273150D+01
        290.54527264      0.40012893D+01
        290.56528264      0.40753040D+01
        290.58529265      0.41492944D+01
        290.60530265      0.42231999D+01
        290.62531266      0.42969645D+01
        290.64532266      0.43705363D+01
        290.66533267      0.44438678D+01
        290.68534267      0.45169155D+01
        290.70535268      0.45896404D+01
        290.72536268      0.46620072D+01
        290.74537269      0.47339846D+01
        290.76538269      0.48055453D+01
        290.78539270      0.48766651D+01
        290.80540270      0.49473238D+01
        290.82541271      0.50175039D+01
        290.84542271      0.50871912D+01
        290.86543272      0.51563743D+01
        290.88544272      0.52250443D+01
        290.90545273      0.52931947D+01
        290.92546273      0.53608211D+01
        290.94547274      0.54279209D+01
        290.96548274      0.54944933D+01
        290.98549275      0.55605388D+01
        291.00550275      0.56260592D+01
        291.02551276      0.56910571D+01
        291.04552276      0.57555359D+01
        291.06553277      0.58194996D+01
        291.08554277      0.58829522D+01
        291.10555278      0.59458980D+01
        291.12556278      0.60083412D+01
        291.14557279      0.60702857D+01
        291.16558279      0.61317347D+01
        291.18559280      0.61926911D+01
        291.20560280      0.62531567D+01
        291.22561281      0.63131327D+01
        291.24562281      0.63726190D+01
        291.26563282      0.64316146D+01
        291.28564282      0.64901169D+01
        291.30565283      0.65481224D+01
        291.32566283      0.66056261D+01
        291.34567284      0.66626214D+01
        291.36568284      0.67191007D+01
        291.38569285      0.67750545D+01
        291.40570285      0.68304722D+01
        291.42571286      0.68853416D+01
        291.44572286      0.69396492D+01
        291.46573287      0.69933802D+01
        291.48574287      0.70465184D+01
        291.50575288      0.70990466D+01
        291.52576288      0.71509463D+01
        291.54577289      0.72021982D+01
        291.56578289      0.72527817D+01
        291.58579290      0.73026759D+01
        291.60580290      0.73518588D+01
        291.62581291      0.74003082D+01
        291.64582291      0.74480012D+01
        291.66583292      0.74949147D+01
        291.68584292      0.75410256D+01
        291.70585293      0.75863105D+01
        291.72586293      0.76307464D+01
        291.74587294      0.76743105D+01
        291.76588294      0.77169802D+01
        291.78589295      0.77587339D+01
        291.80590295      0.77995501D+01
        291.82591296      0.78394085D+01
        291.84592296      0.78782896D+01
        291.86593297      0.79161749D+01
        291.88594297      0.79530470D+01
        291.90595298      0.79888898D+01
        291.92596298      0.80236884D+01
        291.94597299      0.80574294D+01
        291.96598299      0.80901008D+01
        291.98599300      0.81216921D+01
        292.00600300      0.81521943D+01
        292.02601301      0.81816001D+01
        292.04602301      0.82099037D+01
        292.06603302      0.82371011D+01
        292.08604302      0.82631898D+01
        292.10605303      0.82881689D+01
        292.12606303      0.83120392D+01
        292.14607304      0.83348031D+01
        292.16608304      0.83564644D+01
        292.18609305      0.83770285D+01
        292.20610305      0.83965024D+01
        292.22611306      0.84148942D+01
        292.24612306      0.84322135D+01
        292.26613307      0.84484711D+01
        292.28614307      0.84636791D+01
        292.30615308      0.84778503D+01
        292.32616308      0.84909990D+01
        292.34617309      0.85031400D+01
        292.36618309      0.85142891D+01
        292.38619310      0.85244627D+01
        292.40620310      0.85336779D+01
        292.42621311      0.85419522D+01
        292.44622311      0.85493035D+01
        292.46623312      0.85557501D+01
        292.48624312      0.85613104D+01
        292.50625313      0.85660031D+01
        292.52626313      0.85698465D+01
        292.54627314      0.85728593D+01
        292.56628314      0.85750597D+01
        292.58629315      0.85764658D+01
        292.60630315      0.85770953D+01
        292.62631316      0.85769656D+01
        292.64632316      0.85760937D+01
        292.66633317      0.85744958D+01
        292.68634317      0.85721878D+01
        292.70635318      0.85691849D+01
        292.72636318      0.85655017D+01
        292.74637319      0.85611519D+01
        292.76638319      0.85561487D+01
        292.78639320      0.85505045D+01
        292.80640320      0.85442309D+01
        292.82641321      0.85373388D+01
        292.84642321      0.85298383D+01
        292.86643322      0.85217389D+01
        292.88644322      0.85130490D+01
        292.90645323      0.85037767D+01
        292.92646323      0.84939292D+01
        292.94647324      0.84835129D+01
        292.96648324      0.84725339D+01
        292.98649325      0.84609973D+01
        293.00650325      0.84489080D+01
        293.02651326      0.84362702D+01
        293.04652326      0.84230876D+01
        293.06653327      0.84093637D+01
        293.08654327      0.83951014D+01
        293.10655328      0.83803034D+01
        293.12656328      0.83649723D+01
        293.14657329      0.83491103D+01
        293.16658329      0.83327196D+01
        293.18659330      0.83158023D+01
        293.20660330      0.82983604D+01
        293.22661331      0.82803963D+01
        293.24662331      0.82619120D+01
        293.26663332      0.82429102D+01
        293.28664332      0.82233934D+01
        293.30665333      0.82033646D+01
        293.32666333      0.81828272D+01
        293.34667334      0.81617848D+01
        293.36668334      0.81402415D+01
        293.38669335      0.81182020D+01
        293.40670335      0.80956713D+01
        293.42671336      0.80726550D+01
        293.44672336      0.80491596D+01
        293.46673337      0.80251917D+01
        293.48674337      0.80007589D+01
        293.50675338      0.79758693D+01
        293.52676338      0.79505318D+01
        293.54677339      0.79247560D+01
        293.56678339      0.78985520D+01
        293.58679340      0.78719308D+01
        293.60680340      0.78449040D+01
        293.62681341      0.78174842D+01
        293.64682341      0.77896842D+01
        293.66683342      0.77615180D+01
        293.68684342      0.77329999D+01
        293.70685343      0.77041452D+01
        293.72686343      0.76749695D+01
        293.74687344      0.76454894D+01
        293.76688344      0.76157217D+01
        293.78689345      0.75856842D+01
        293.80690345      0.75553949D+01
        293.82691346      0.75248725D+01
        293.84692346      0.74941361D+01
        293.86693347      0.74632052D+01
        293.88694347      0.74320999D+01
        293.90695348      0.74008403D+01
        293.92696348      0.73694472D+01
        293.94697349      0.73379415D+01
        293.96698349      0.73063442D+01
        293.98699350      0.72746767D+01
        294.00700350      0.72429604D+01
        294.02701351      0.72112170D+01
        294.04702351      0.71794678D+01
        294.06703352      0.71477347D+01
        294.08704352      0.71160390D+01
        294.10705353      0.70844023D+01
        294.12706353      0.70528459D+01
        294.14707354      0.70213909D+01
        294.16708354      0.69900583D+01
        294.18709355      0.69588688D+01
        294.20710355      0.69278427D+01
        294.22711356      0.68970000D+01
        294.24712356      0.68663605D+01
        294.26713357      0.68359433D+01
        294.28714357      0.68057673D+01
        294.30715358      0.67758507D+01
        294.32716358      0.67462114D+01
        294.34717359      0.67168668D+01
        294.36718359      0.66878334D+01
        294.38719360      0.66591274D+01
        294.40720360      0.66307643D+01
        294.42721361      0.66027591D+01
        294.44722361      0.65751259D+01
        294.46723362      0.65478783D+01
        294.48724362      0.65210292D+01
        294.50725363      0.64945909D+01
        294.52726363      0.64685747D+01
        294.54727364      0.64429916D+01
        294.56728364      0.64178515D+01
        294.58729365      0.63931638D+01
        294.60730365      0.63689372D+01
        294.62731366      0.63451795D+01
        294.64732366      0.63218980D+01
        294.66733367      0.62990990D+01
        294.68734367      0.62767885D+01
        294.70735368      0.62549713D+01
        294.72736368      0.62336520D+01
        294.74737369      0.62128340D+01
        294.76738369      0.61925205D+01
        294.78739370      0.61727137D+01
        294.80740370      0.61534154D+01
        294.82741371      0.61346265D+01
        294.84742371      0.61163475D+01
        294.86743372      0.60985781D+01
        294.88744372      0.60813176D+01
        294.90745373      0.60645647D+01
        294.92746373      0.60483174D+01
        294.94747374      0.60325734D+01
        294.96748374      0.60173297D+01
        294.98749375      0.60025828D+01
        295.00750375      0.59883289D+01
        295.02751376      0.59745638D+01
        295.04752376      0.59612825D+01
        295.06753377      0.59484800D+01
        295.08754377      0.59361507D+01
        295.10755378      0.59242888D+01
        295.12756378      0.59128880D+01
        295.14757379      0.59019418D+01
        295.16758379      0.58914435D+01
        295.18759380      0.58813858D+01
        295.20760380      0.58717615D+01
        295.22761381      0.58625631D+01
        295.24762381      0.58537828D+01
        295.26763382      0.58454127D+01
        295.28764382      0.58374446D+01
        295.30765383      0.58298704D+01
        295.32766383      0.58226817D+01
        295.34767384      0.58158701D+01
        295.36768384      0.58094270D+01
        295.38769385      0.58033439D+01
        295.40770385      0.57976121D+01
        295.42771386      0.57922229D+01
        295.44772386      0.57871677D+01
        295.46773387      0.57824379D+01
        295.48774387      0.57780246D+01
        295.50775388      0.57739194D+01
        295.52776388      0.57701136D+01
        295.54777389      0.57665988D+01
        295.56778389      0.57633664D+01
        295.58779390      0.57604081D+01
        295.60780390      0.57577157D+01
        295.62781391      0.57552810D+01
        295.64782391      0.57530959D+01
        295.66783392      0.57511525D+01
        295.68784392      0.57494430D+01
        295.70785393      0.57479599D+01
        295.72786393      0.57466954D+01
        295.74787394      0.57456424D+01
        295.76788394      0.57447937D+01
        295.78789395      0.57441421D+01
        295.80790395      0.57436810D+01
        295.82791396      0.57434035D+01
        295.84792396      0.57433033D+01
        295.86793397      0.57433739D+01
        295.88794397      0.57436094D+01
        295.90795398      0.57440036D+01
        295.92796398      0.57445510D+01
        295.94797399      0.57452459D+01
        295.96798399      0.57460831D+01
        295.98799400      0.57470572D+01
        296.00800400      0.57481634D+01
        296.02801401      0.57493969D+01
        296.04802401      0.57507530D+01
        296.06803402      0.57522275D+01
        296.08804402      0.57538160D+01
        296.10805403      0.57555146D+01
        296.12806403      0.57573195D+01
        296.14807404      0.57592270D+01
        296.16808404      0.57612337D+01
        296.18809405      0.57633362D+01
        296.20810405      0.57655316D+01
        296.22811406      0.57678168D+01
        296.24812406      0.57701892D+01
        296.26813407      0.57726461D+01
        296.28814407      0.57751852D+01
        296.30815408      0.57778041D+01
        296.32816408      0.57805009D+01
        296.34817409      0.57832735D+01
        296.36818409      0.57861202D+01
        296.38819410      0.57890393D+01
        296.40820410      0.57920294D+01
        296.42821411      0.57950891D+01
        296.44822411      0.57982171D+01
        296.46823412      0.58014124D+01
        296.48824412      0.58046739D+01
        296.50825413      0.58080010D+01
        296.52826413      0.58113927D+01
        296.54827414      0.58148485D+01
        296.56828414      0.58183680D+01
        296.58829415      0.58219506D+01
        296.60830415      0.58255960D+01
        296.62831416      0.58293042D+01
        296.64832416      0.58330748D+01
        296.66833417      0.58369080D+01
        296.68834417      0.58408036D+01
        296.70835418      0.58447619D+01
        296.72836418      0.58487831D+01
        296.74837419      0.58528673D+01
        296.76838419      0.58570150D+01
        296.78839420      0.58612265D+01
        296.80840420      0.58655022D+01
        296.82841421      0.58698427D+01
        296.84842421      0.58742484D+01
        296.86843422      0.58787200D+01
        296.88844422      0.58832581D+01
        296.90845423      0.58878633D+01
        296.92846423      0.58925363D+01
        296.94847424      0.58972779D+01
        296.96848424      0.59020887D+01
        296.98849425      0.59069696D+01
        297.00850425      0.59119214D+01
        297.02851426      0.59169447D+01
        297.04852426      0.59220405D+01
        297.06853427      0.59272096D+01
        297.08854427      0.59324527D+01
        297.10855428      0.59377707D+01
        297.12856428      0.59431645D+01
        297.14857429      0.59486347D+01
        297.16858429      0.59541823D+01
        297.18859430      0.59598080D+01
        297.20860430      0.59655127D+01
        297.22861431      0.59712970D+01
        297.24862431      0.59771618D+01
        297.26863432      0.59831077D+01
        297.28864432      0.59891355D+01
        297.30865433      0.59952458D+01
        297.32866433      0.60014393D+01
        297.34867434      0.60077167D+01
        297.36868434      0.60140784D+01
        297.38869435      0.60205252D+01
        297.40870435      0.60270574D+01
        297.42871436      0.60336756D+01
        297.44872436      0.60403802D+01
        297.46873437      0.60471716D+01
        297.48874437      0.60540502D+01
        297.50875438      0.60610163D+01
        297.52876438      0.60680701D+01
        297.54877439      0.60752119D+01
        297.56878439      0.60824418D+01
        297.58879440      0.60897599D+01
        297.60880440      0.60971665D+01
        297.62881441      0.61046613D+01
        297.64882441      0.61122445D+01
        297.66883442      0.61199158D+01
        297.68884442      0.61276753D+01
        297.70885443      0.61355226D+01
        297.72886443      0.61434575D+01
        297.74887444      0.61514798D+01
        297.76888444      0.61595889D+01
        297.78889445      0.61677845D+01
        297.80890445      0.61760662D+01
        297.82891446      0.61844333D+01
        297.84892446      0.61928852D+01
        297.86893447      0.62014213D+01
        297.88894447      0.62100409D+01
        297.90895448      0.62187431D+01
        297.92896448      0.62275271D+01
        297.94897449      0.62363921D+01
        297.96898449      0.62453370D+01
        297.98899450      0.62543608D+01
        298.00900450      0.62634624D+01
        298.02901451      0.62726408D+01
        298.04902451      0.62818946D+01
        298.06903452      0.62912227D+01
        298.08904452      0.63006237D+01
        298.10905453      0.63100963D+01
        298.12906453      0.63196389D+01
        298.14907454      0.63292503D+01
        298.16908454      0.63389287D+01
        298.18909455      0.63486727D+01
        298.20910455      0.63584805D+01
        298.22911456      0.63683505D+01
        298.24912456      0.63782810D+01
        298.26913457      0.63882700D+01
        298.28914457      0.63983159D+01
        298.30915458      0.64084167D+01
        298.32916458      0.64185705D+01
        298.34917459      0.64287752D+01
        298.36918459      0.64390290D+01
        298.38919460      0.64493296D+01
        298.40920460      0.64596749D+01
        298.42921461      0.64700630D+01
        298.44922461      0.64804914D+01
        298.46923462      0.64909581D+01
        298.48924462      0.65014607D+01
        298.50925463      0.65119969D+01
        298.52926463      0.65225645D+01
        298.54927464      0.65331611D+01
        298.56928464      0.65437842D+01
        298.58929465      0.65544315D+01
        298.60930465      0.65651005D+01
        298.62931466      0.65757887D+01
        298.64932466      0.65864937D+01
        298.66933467      0.65972129D+01
        298.68934467      0.66079439D+01
        298.70935468      0.66186839D+01
        298.72936468      0.66294306D+01
        298.74937469      0.66401812D+01
        298.76938469      0.66509333D+01
        298.78939470      0.66616842D+01
        298.80940470      0.66724312D+01
        298.82941471      0.66831718D+01
        298.84942471      0.66939033D+01
        298.86943472      0.67046231D+01
        298.88944472      0.67153286D+01
        298.90945473      0.67260170D+01
        298.92946473      0.67366859D+01
        298.94947474      0.67473325D+01
        298.96948474      0.67579542D+01
        298.98949475      0.67685485D+01
        299.00950475      0.67791126D+01
        299.02951476      0.67896439D+01
        299.04952476      0.68001400D+01
        299.06953477      0.68105981D+01
        299.08954477      0.68210157D+01
        299.10955478      0.68313904D+01
        299.12956478      0.68417194D+01
        299.14957479      0.68520004D+01
        299.16958479      0.68622308D+01
        299.18959480      0.68724081D+01
        299.20960480      0.68825300D+01
        299.22961481      0.68925939D+01
        299.24962481      0.69025975D+01
        299.26963482      0.69125384D+01
        299.28964482      0.69224142D+01
        299.30965483      0.69322227D+01
        299.32966483      0.69419616D+01
        299.34967484      0.69516286D+01
        299.36968484      0.69612215D+01
        299.38969485      0.69707382D+01
        299.40970485      0.69801764D+01
        299.42971486      0.69895341D+01
        299.44972486      0.69988093D+01
        299.46973487      0.70079999D+01
        299.48974487      0.70171039D+01
        299.50975488      0.70261194D+01
        299.52976488      0.70350445D+01
        299.54977489      0.70438773D+01
        299.56978489      0.70526161D+01
        299.58979490      0.70612591D+01
        299.60980490      0.70698045D+01
        299.62981491      0.70782507D+01
        299.64982491      0.70865961D+01
        299.66983492      0.70948391D+01
        299.68984492      0.71029781D+01
        299.70985493      0.71110118D+01
        299.72986493      0.71189387D+01
        299.74987494      0.71267573D+01
        299.76988494      0.71344665D+01
        299.78989495      0.71420649D+01
        299.80990495      0.71495514D+01
        299.82991496      0.71569247D+01
        299.84992496      0.71641837D+01
        299.86993497      0.71713275D+01
        299.88994497      0.71783549D+01
        299.90995498      0.71852651D+01
        299.92996498      0.71920572D+01
        299.94997499      0.71987302D+01
        299.96998499      0.72052835D+01
        299.98999500      0.72117162D+01
        300.01000500      0.72180278D+01
        300.03001501      0.72242176D+01
        300.05002501      0.72302850D+01
        300.07003502      0.72362295D+01
        300.09004502      0.72420506D+01
        300.11005503      0.72477480D+01
        300.13006503      0.72533212D+01
        300.15007504      0.72587700D+01
        300.17008504      0.72640942D+01
        300.19009505      0.72692934D+01
        300.21010505      0.72743677D+01
        300.23011506      0.72793168D+01
        300.25012506      0.72841407D+01
        300.27013507      0.72888395D+01
        300.29014507      0.72934133D+01
        300.31015508      0.72978620D+01
        300.33016508      0.73021858D+01
        300.35017509      0.73063851D+01
        300.37018509      0.73104600D+01
        300.39019510      0.73144108D+01
        300.41020510      0.73182378D+01
        300.43021511      0.73219416D+01
        300.45022511      0.73255224D+01
        300.47023512      0.73289808D+01
        300.49024512      0.73323173D+01
        300.51025513      0.73355325D+01
        300.53026513      0.73386270D+01
        300.55027514      0.73416014D+01
        300.57028514      0.73444565D+01
        300.59029515      0.73471929D+01
        300.61030515      0.73498115D+01
        300.63031516      0.73523130D+01
        300.65032516      0.73546983D+01
        300.67033517      0.73569683D+01
        300.69034517      0.73591239D+01
        300.71035518      0.73611660D+01
        300.73036518      0.73630956D+01
        300.75037519      0.73649139D+01
        300.77038519      0.73666217D+01
        300.79039520      0.73682201D+01
        300.81040520      0.73697104D+01
        300.83041521      0.73710936D+01
        300.85042521      0.73723708D+01
        300.87043522      0.73735434D+01
        300.89044522      0.73746124D+01
        300.91045523      0.73755791D+01
        300.93046523      0.73764449D+01
        300.95047524      0.73772109D+01
        300.97048524      0.73778785D+01
        300.99049525      0.73784489D+01
        301.01050525      0.73789236D+01
        301.03051526      0.73793040D+01
        301.05052526      0.73795912D+01
        301.07053527      0.73797869D+01
        301.09054527      0.73798923D+01
        301.11055528      0.73799089D+01
        301.13056528      0.73798382D+01
        301.15057529      0.73796815D+01
        301.17058529      0.73794404D+01
        301.19059530      0.73791162D+01
        301.21060530      0.73787105D+01
        301.23061531      0.73782247D+01
        301.25062531      0.73776604D+01
        301.27063532      0.73770190D+01
        301.29064532      0.73763019D+01
        301.31065533      0.73755108D+01
        301.33066533      0.73746470D+01
        301.35067534      0.73737122D+01
        301.37068534      0.73727077D+01
        301.39069535      0.73716352D+01
        301.41070535      0.73704960D+01
        301.43071536      0.73692917D+01
        301.45072536      0.73680238D+01
        301.47073537      0.73666937D+01
        301.49074537      0.73653030D+01
        301.51075538      0.73638530D+01
        301.53076538      0.73623453D+01
        301.55077539      0.73607814D+01
        301.57078539      0.73591626D+01
        301.59079540      0.73574904D+01
        301.61080540      0.73557663D+01
        301.63081541      0.73539916D+01
        301.65082541      0.73521678D+01
        301.67083542      0.73502961D+01
        301.69084542      0.73483781D+01
        301.71085543      0.73464151D+01
        301.73086543      0.73444084D+01
        301.75087544      0.73423593D+01
        301.77088544      0.73402692D+01
        301.79089545      0.73381393D+01
        301.81090545      0.73359709D+01
        301.83091546      0.73337653D+01
        301.85092546      0.73315237D+01
        301.87093547      0.73292473D+01
        301.89094547      0.73269373D+01
        301.91095548      0.73245950D+01
        301.93096548      0.73222213D+01
        301.95097549      0.73198176D+01
        301.97098549      0.73173848D+01
        301.99099550      0.73149241D+01
        302.01100550      0.73124365D+01
        302.03101551      0.73099231D+01
        302.05102551      0.73073848D+01
        302.07103552      0.73048227D+01
        302.09104552      0.73022377D+01
        302.11105553      0.72996308D+01
        302.13106553      0.72970027D+01
        302.15107554      0.72943546D+01
        302.17108554      0.72916871D+01
        302.19109555      0.72890011D+01
        302.21110555      0.72862974D+01
        302.23111556      0.72835768D+01
        302.25112556      0.72808401D+01
        302.27113557      0.72780879D+01
        302.29114557      0.72753209D+01
        302.31115558      0.72725398D+01
        302.33116558      0.72697452D+01
        302.35117559      0.72669377D+01
        302.37118559      0.72641179D+01
        302.39119560      0.72612864D+01
        302.41120560      0.72584436D+01
        302.43121561      0.72555900D+01
        302.45122561      0.72527262D+01
        302.47123562      0.72498524D+01
        302.49124562      0.72469691D+01
        302.51125563      0.72440768D+01
        302.53126563      0.72411756D+01
        302.55127564      0.72382660D+01
        302.57128564      0.72353482D+01
        302.59129565      0.72324224D+01
        302.61130565      0.72294890D+01
        302.63131566      0.72265480D+01
        302.65132566      0.72235996D+01
        302.67133567      0.72206441D+01
        302.69134567      0.72176814D+01
        302.71135568      0.72147117D+01
        302.73136568      0.72117351D+01
        302.75137569      0.72087515D+01
        302.77138569      0.72057609D+01
        302.79139570      0.72027634D+01
        302.81140570      0.71997588D+01
        302.83141571      0.71967472D+01
        302.85142571      0.71937283D+01
        302.87143572      0.71907020D+01
        302.89144572      0.71876683D+01
        302.91145573      0.71846268D+01
        302.93146573      0.71815774D+01
        302.95147574      0.71785199D+01
        302.97148574      0.71754540D+01
        302.99149575      0.71723794D+01
        303.01150575      0.71692957D+01
        303.03151576      0.71662028D+01
        303.05152576      0.71631002D+01
        303.07153577      0.71599875D+01
        303.09154577      0.71568644D+01
        303.11155578      0.71537303D+01
        303.13156578      0.71505850D+01
        303.15157579      0.71474279D+01
        303.17158579      0.71442586D+01
        303.19159580      0.71410765D+01
        303.21160580      0.71378811D+01
        303.23161581      0.71346719D+01
        303.25162581      0.71314484D+01
        303.27163582      0.71282099D+01
        303.29164582      0.71249558D+01
        303.31165583      0.71216857D+01
        303.33166583      0.71183987D+01
        303.35167584      0.71150944D+01
        303.37168584      0.71117720D+01
        303.39169585      0.71084309D+01
        303.41170585      0.71050703D+01
        303.43171586      0.71016897D+01
        303.45172586      0.70982882D+01
        303.47173587      0.70948652D+01
        303.49174587      0.70914199D+01
        303.51175588      0.70879516D+01
        303.53176588      0.70844595D+01
        303.55177589      0.70809428D+01
        303.57178589      0.70774009D+01
        303.59179590      0.70738328D+01
        303.61180590      0.70702378D+01
        303.63181591      0.70666151D+01
        303.65182591      0.70629639D+01
        303.67183592      0.70592834D+01
        303.69184592      0.70555727D+01
        303.71185593      0.70518311D+01
        303.73186593      0.70480576D+01
        303.75187594      0.70442514D+01
        303.77188594      0.70404118D+01
        303.79189595      0.70365378D+01
        303.81190595      0.70326286D+01
        303.83191596      0.70286834D+01
        303.85192596      0.70247013D+01
        303.87193597      0.70206814D+01
        303.89194597      0.70166229D+01
        303.91195598      0.70125249D+01
        303.93196598      0.70083866D+01
        303.95197599      0.70042071D+01
        303.97198599      0.69999856D+01
        303.99199600      0.69957212D+01
        304.01200600      0.69914131D+01
        304.03201601      0.69870604D+01
        304.05202601      0.69826622D+01
        304.07203602      0.69782178D+01
        304.09204602      0.69737263D+01
        304.11205603      0.69691868D+01
        304.13206603      0.69645986D+01
        304.15207604      0.69599607D+01
        304.17208604      0.69552725D+01
        304.19209605      0.69505331D+01
        304.21210605      0.69457417D+01
        304.23211606      0.69408974D+01
        304.25212606      0.69359996D+01
        304.27213607      0.69310474D+01
        304.29214607      0.69260401D+01
        304.31215608      0.69209769D+01
        304.33216608      0.69158570D+01
        304.35217609      0.69106798D+01
        304.37218609      0.69054445D+01
        304.39219610      0.69001503D+01
        304.41220610      0.68947966D+01
        304.43221611      0.68893826D+01
        304.45222611      0.68839078D+01
        304.47223612      0.68783714D+01
        304.49224612      0.68727727D+01
        304.51225613      0.68671111D+01
        304.53226613      0.68613861D+01
        304.55227614      0.68555969D+01
        304.57228614      0.68497429D+01
        304.59229615      0.68438236D+01
        304.61230615      0.68378384D+01
        304.63231616      0.68317867D+01
        304.65232616      0.68256680D+01
        304.67233617      0.68194818D+01
        304.69234617      0.68132275D+01
        304.71235618      0.68069046D+01
        304.73236618      0.68005127D+01
        304.75237619      0.67940513D+01
        304.77238619      0.67875199D+01
        304.79239620      0.67809182D+01
        304.81240620      0.67742456D+01
        304.83241621      0.67675018D+01
        304.85242621      0.67606864D+01
        304.87243622      0.67537990D+01
        304.89244622      0.67468393D+01
        304.91245623      0.67398070D+01
        304.93246623      0.67327017D+01
        304.95247624      0.67255232D+01
        304.97248624      0.67182712D+01
        304.99249625      0.67109454D+01
        305.01250625      0.67035456D+01
        305.03251626      0.66960715D+01
        305.05252626      0.66885230D+01
        305.07253627      0.66808999D+01
        305.09254627      0.66732020D+01
        305.11255628      0.66654292D+01
        305.13256628      0.66575813D+01
        305.15257629      0.66496582D+01
        305.17258629      0.66416599D+01
        305.19259630      0.66335863D+01
        305.21260630      0.66254373D+01
        305.23261631      0.66172129D+01
        305.25262631      0.66089131D+01
        305.27263632      0.66005379D+01
        305.29264632      0.65920872D+01
        305.31265633      0.65835613D+01
        305.33266633      0.65749601D+01
        305.35267634      0.65662836D+01
        305.37268634      0.65575321D+01
        305.39269635      0.65487057D+01
        305.41270635      0.65398043D+01
        305.43271636      0.65308284D+01
        305.45272636      0.65217779D+01
        305.47273637      0.65126531D+01
        305.49274637      0.65034543D+01
        305.51275638      0.64941815D+01
        305.53276638      0.64848352D+01
        305.55277639      0.64754156D+01
        305.57278639      0.64659229D+01
        305.59279640      0.64563575D+01
        305.61280640      0.64467196D+01
        305.63281641      0.64370097D+01
        305.65282641      0.64272281D+01
        305.67283642      0.64173751D+01
        305.69284642      0.64074512D+01
        305.71285643      0.63974567D+01
        305.73286643      0.63873922D+01
        305.75287644      0.63772579D+01
        305.77288644      0.63670545D+01
        305.79289645      0.63567824D+01
        305.81290645      0.63464420D+01
        305.83291646      0.63360339D+01
        305.85292646      0.63255587D+01
        305.87293647      0.63150167D+01
        305.89294647      0.63044087D+01
        305.91295648      0.62937352D+01
        305.93296648      0.62829968D+01
        305.95297649      0.62721940D+01
        305.97298649      0.62613275D+01
        305.99299650      0.62503980D+01
        306.01300650      0.62394060D+01
        306.03301651      0.62283523D+01
        306.05302651      0.62172375D+01
        306.07303652      0.62060623D+01
        306.09304652      0.61948274D+01
        306.11305653      0.61835336D+01
        306.13306653      0.61721815D+01
        306.15307654      0.61607719D+01
        306.17308654      0.61493056D+01
        306.19309655      0.61377832D+01
        306.21310655      0.61262057D+01
        306.23311656      0.61145738D+01
        306.25312656      0.61028883D+01
        306.27313657      0.60911499D+01
        306.29314657      0.60793596D+01
        306.31315658      0.60675182D+01
        306.33316658      0.60556265D+01
        306.35317659      0.60436854D+01
        306.37318659      0.60316957D+01
        306.39319660      0.60196583D+01
        306.41320660      0.60075741D+01
        306.43321661      0.59954440D+01
        306.45322661      0.59832689D+01
        306.47323662      0.59710497D+01
        306.49324662      0.59587873D+01
        306.51325663      0.59464827D+01
        306.53326663      0.59341368D+01
        306.55327664      0.59217505D+01
        306.57328664      0.59093248D+01
        306.59329665      0.58968607D+01
        306.61330665      0.58843590D+01
        306.63331666      0.58718209D+01
        306.65332666      0.58592472D+01
        306.67333667      0.58466390D+01
        306.69334667      0.58339972D+01
        306.71335668      0.58213229D+01
        306.73336668      0.58086170D+01
        306.75337669      0.57958805D+01
        306.77338669      0.57831145D+01
        306.79339670      0.57703199D+01
        306.81340670      0.57574979D+01
        306.83341671      0.57446493D+01
        306.85342671      0.57317753D+01
        306.87343672      0.57188768D+01
        306.89344672      0.57059550D+01
        306.91345673      0.56930107D+01
        306.93346673      0.56800451D+01
        306.95347674      0.56670593D+01
        306.97348674      0.56540542D+01
        306.99349675      0.56410309D+01
        307.01350675      0.56279904D+01
        307.03351676      0.56149338D+01
        307.05352676      0.56018622D+01
        307.07353677      0.55887765D+01
        307.09354677      0.55756779D+01
        307.11355678      0.55625674D+01
        307.13356678      0.55494460D+01
        307.15357679      0.55363148D+01
        307.17358679      0.55231748D+01
        307.19359680      0.55100271D+01
        307.21360680      0.54968727D+01
        307.23361681      0.54837128D+01
        307.25362681      0.54705482D+01
        307.27363682      0.54573801D+01
        307.29364682      0.54442095D+01
        307.31365683      0.54310375D+01
        307.33366683      0.54178651D+01
        307.35367684      0.54046933D+01
        307.37368684      0.53915231D+01
        307.39369685      0.53783556D+01
        307.41370685      0.53651919D+01
        307.43371686      0.53520329D+01
        307.45372686      0.53388796D+01
        307.47373687      0.53257331D+01
        307.49374687      0.53125945D+01
        307.51375688      0.52994646D+01
        307.53376688      0.52863445D+01
        307.55377689      0.52732352D+01
        307.57378689      0.52601378D+01
        307.59379690      0.52470531D+01
        307.61380690      0.52339822D+01
        307.63381691      0.52209261D+01
        307.65382691      0.52078857D+01
        307.67383692      0.51948620D+01
        307.69384692      0.51818560D+01
        307.71385693      0.51688686D+01
        307.73386693      0.51559008D+01
        307.75387694      0.51429536D+01
        307.77388694      0.51300278D+01
        307.79389695      0.51171244D+01
        307.81390695      0.51042444D+01
        307.83391696      0.50913886D+01
        307.85392696      0.50785580D+01
        307.87393697      0.50657534D+01
        307.89394697      0.50529759D+01
        307.91395698      0.50402262D+01
        307.93396698      0.50275053D+01
        307.95397699      0.50148140D+01
        307.97398699      0.50021532D+01
        307.99399700      0.49895238D+01
        308.01400700      0.49769267D+01
        308.03401701      0.49643626D+01
        308.05402701      0.49518324D+01
        308.07403702      0.49393369D+01
        308.09404702      0.49268770D+01
        308.11405703      0.49144535D+01
        308.13406703      0.49020672D+01
        308.15407704      0.48897188D+01
        308.17408704      0.48774093D+01
        308.19409705      0.48651392D+01
        308.21410705      0.48529095D+01
        308.23411706      0.48407209D+01
        308.25412706      0.48285741D+01
        308.27413707      0.48164699D+01
        308.29414707      0.48044090D+01
        308.31415708      0.47923921D+01
        308.33416708      0.47804200D+01
        308.35417709      0.47684933D+01
        308.37418709      0.47566128D+01
        308.39419710      0.47447791D+01
        308.41420710      0.47329929D+01
        308.43421711      0.47212550D+01
        308.45422711      0.47095658D+01
        308.47423712      0.46979262D+01
        308.49424712      0.46863366D+01
        308.51425713      0.46747979D+01
        308.53426713      0.46633105D+01
        308.55427714      0.46518751D+01
        308.57428714      0.46404923D+01
        308.59429715      0.46291626D+01
        308.61430715      0.46178867D+01
        308.63431716      0.46066652D+01
        308.65432716      0.45954985D+01
        308.67433717      0.45843872D+01
        308.69434717      0.45733319D+01
        308.71435718      0.45623330D+01
        308.73436718      0.45513912D+01
        308.75437719      0.45405069D+01
        308.77438719      0.45296806D+01
        308.79439720      0.45189128D+01
        308.81440720      0.45082040D+01
        308.83441721      0.44975547D+01
        308.85442721      0.44869652D+01
        308.87443722      0.44764360D+01
        308.89444722      0.44659677D+01
        308.91445723      0.44555606D+01
        308.93446723      0.44452150D+01
        308.95447724      0.44349315D+01
        308.97448724      0.44247104D+01
        308.99449725      0.44145522D+01
        309.01450725      0.44044570D+01
        309.03451726      0.43944255D+01
        309.05452726      0.43844578D+01
        309.07453727      0.43745544D+01
        309.09454727      0.43647155D+01
        309.11455728      0.43549415D+01
        309.13456728      0.43452328D+01
        309.15457729      0.43355895D+01
        309.17458729      0.43260120D+01
        309.19459730      0.43165007D+01
        309.21460730      0.43070556D+01
        309.23461731      0.42976772D+01
        309.25462731      0.42883657D+01
        309.27463732      0.42791213D+01
        309.29464732      0.42699442D+01
        309.31465733      0.42608347D+01
        309.33466733      0.42517930D+01
        309.35467734      0.42428193D+01
        309.37468734      0.42339138D+01
        309.39469735      0.42250766D+01
        309.41470735      0.42163079D+01
        309.43471736      0.42076080D+01
        309.45472736      0.41989769D+01
        309.47473737      0.41904148D+01
        309.49474737      0.41819219D+01
        309.51475738      0.41734982D+01
        309.53476738      0.41651440D+01
        309.55477739      0.41568592D+01
        309.57478739      0.41486440D+01
        309.59479740      0.41404985D+01
        309.61480740      0.41324228D+01
        309.63481741      0.41244169D+01
        309.65482741      0.41164809D+01
        309.67483742      0.41086148D+01
        309.69484742      0.41008188D+01
        309.71485743      0.40930928D+01
        309.73486743      0.40854368D+01
        309.75487744      0.40778510D+01
        309.77488744      0.40703352D+01
        309.79489745      0.40628895D+01
        309.81490745      0.40555140D+01
        309.83491746      0.40482085D+01
        309.85492746      0.40409730D+01
        309.87493747      0.40338076D+01
        309.89494747      0.40267121D+01
        309.91495748      0.40196866D+01
        309.93496748      0.40127310D+01
        309.95497749      0.40058451D+01
        309.97498749      0.39990290D+01
        309.99499750      0.39922826D+01
        310.01500750      0.39856058D+01
        310.03501751      0.39789984D+01
        310.05502751      0.39724604D+01
        310.07503752      0.39659917D+01
        310.09504752      0.39595921D+01
        310.11505753      0.39532615D+01
        310.13506753      0.39469999D+01
        310.15507754      0.39408070D+01
        310.17508754      0.39346827D+01
        310.19509755      0.39286268D+01
        310.21510755      0.39226393D+01
        310.23511756      0.39167199D+01
        310.25512756      0.39108684D+01
        310.27513757      0.39050847D+01
        310.29514757      0.38993686D+01
        310.31515758      0.38937199D+01
        310.33516758      0.38881384D+01
        310.35517759      0.38826239D+01
        310.37518759      0.38771761D+01
        310.39519760      0.38717949D+01
        310.41520760      0.38664800D+01
        310.43521761      0.38612312D+01
        310.45522761      0.38560483D+01
        310.47523762      0.38509309D+01
        310.49524762      0.38458790D+01
        310.51525763      0.38408921D+01
        310.53526763      0.38359702D+01
        310.55527764      0.38311127D+01
        310.57528764      0.38263196D+01
        310.59529765      0.38215906D+01
        310.61530765      0.38169253D+01
        310.63531766      0.38123234D+01
        310.65532766      0.38077848D+01
        310.67533767      0.38033090D+01
        310.69534767      0.37988957D+01
        310.71535768      0.37945448D+01
        310.73536768      0.37902558D+01
        310.75537769      0.37860284D+01
        310.77538769      0.37818623D+01
        310.79539770      0.37777572D+01
        310.81540770      0.37737128D+01
        310.83541771      0.37697287D+01
        310.85542771      0.37658046D+01
        310.87543772      0.37619401D+01
        310.89544772      0.37581349D+01
        310.91545773      0.37543886D+01
        310.93546773      0.37507010D+01
        310.95547774      0.37470715D+01
        310.97548774      0.37434999D+01
        310.99549775      0.37399858D+01
        311.01550775      0.37365288D+01
        311.03551776      0.37331285D+01
        311.05552776      0.37297846D+01
        311.07553777      0.37264967D+01
        311.09554777      0.37232644D+01
        311.11555778      0.37200873D+01
        311.13556778      0.37169650D+01
        311.15557779      0.37138971D+01
        311.17558779      0.37108832D+01
        311.19559780      0.37079230D+01
        311.21560780      0.37050160D+01
        311.23561781      0.37021618D+01
        311.25562781      0.36993600D+01
        311.27563782      0.36966102D+01
        311.29564782      0.36939119D+01
        311.31565783      0.36912648D+01
        311.33566783      0.36886685D+01
        311.35567784      0.36861225D+01
        311.37568784      0.36836263D+01
        311.39569785      0.36811796D+01
        311.41570785      0.36787820D+01
        311.43571786      0.36764330D+01
        311.45572786      0.36741321D+01
        311.47573787      0.36718790D+01
        311.49574787      0.36696732D+01
        311.51575788      0.36675142D+01
        311.53576788      0.36654017D+01
        311.55577789      0.36633351D+01
        311.57578789      0.36613141D+01
        311.59579790      0.36593382D+01
        311.61580790      0.36574069D+01
        311.63581791      0.36555199D+01
        311.65582791      0.36536765D+01
        311.67583792      0.36518765D+01
        311.69584792      0.36501193D+01
        311.71585793      0.36484045D+01
        311.73586793      0.36467317D+01
        311.75587794      0.36451003D+01
        311.77588794      0.36435100D+01
        311.79589795      0.36419602D+01
        311.81590795      0.36404506D+01
        311.83591796      0.36389806D+01
        311.85592796      0.36375498D+01
        311.87593797      0.36361578D+01
        311.89594797      0.36348040D+01
        311.91595798      0.36334881D+01
        311.93596798      0.36322095D+01
        311.95597799      0.36309678D+01
        311.97598799      0.36297626D+01
        311.99599800      0.36285933D+01
        312.01600800      0.36274595D+01
        312.03601801      0.36263608D+01
        312.05602801      0.36252966D+01
        312.07603802      0.36242666D+01
        312.09604802      0.36232703D+01
        312.11605803      0.36223071D+01
        312.13606803      0.36213767D+01
        312.15607804      0.36204786D+01
        312.17608804      0.36196122D+01
        312.19609805      0.36187772D+01
        312.21610805      0.36179731D+01
        312.23611806      0.36171995D+01
        312.25612806      0.36164558D+01
        312.27613807      0.36157416D+01
        312.29614807      0.36150564D+01
        312.31615808      0.36143998D+01
        312.33616808      0.36137714D+01
        312.35617809      0.36131706D+01
        312.37618809      0.36125971D+01
        312.39619810      0.36120503D+01
        312.41620810      0.36115298D+01
        312.43621811      0.36110351D+01
        312.45622811      0.36105658D+01
        312.47623812      0.36101215D+01
        312.49624812      0.36097017D+01
        312.51625813      0.36093058D+01
        312.53626813      0.36089336D+01
        312.55627814      0.36085845D+01
        312.57628814      0.36082581D+01
        312.59629815      0.36079539D+01
        312.61630815      0.36076715D+01
        312.63631816      0.36074105D+01
        312.65632816      0.36071704D+01
        312.67633817      0.36069507D+01
        312.69634817      0.36067511D+01
        312.71635818      0.36065710D+01
        312.73636818      0.36064101D+01
        312.75637819      0.36062679D+01
        312.77638819      0.36061439D+01
        312.79639820      0.36060378D+01
        312.81640820      0.36059492D+01
        312.83641821      0.36058775D+01
        312.85642821      0.36058223D+01
        312.87643822      0.36057833D+01
        312.89644822      0.36057599D+01
        312.91645823      0.36057518D+01
        312.93646823      0.36057586D+01
        312.95647824      0.36057798D+01
        312.97648824      0.36058151D+01
        312.99649825      0.36058639D+01
        313.01650825      0.36059259D+01
        313.03651826      0.36060007D+01
        313.05652826      0.36060878D+01
        313.07653827      0.36061869D+01
        313.09654827      0.36062975D+01
        313.11655828      0.36064192D+01
        313.13656828      0.36065517D+01
        313.15657829      0.36066945D+01
        313.17658829      0.36068473D+01
        313.19659830      0.36070096D+01
        313.21660830      0.36071810D+01
        313.23661831      0.36073612D+01
        313.25662831      0.36075497D+01
        313.27663832      0.36077462D+01
        313.29664832      0.36079503D+01
        313.31665833      0.36081615D+01
        313.33666833      0.36083796D+01
        313.35667834      0.36086042D+01
        313.37668834      0.36088348D+01
        313.39669835      0.36090710D+01
        313.41670835      0.36093126D+01
        313.43671836      0.36095591D+01
        313.45672836      0.36098102D+01
        313.47673837      0.36100655D+01
        313.49674837      0.36103247D+01
        313.51675838      0.36105873D+01
        313.53676838      0.36108530D+01
        313.55677839      0.36111215D+01
        313.57678839      0.36113925D+01
        313.59679840      0.36116655D+01
        313.61680840      0.36119402D+01
        313.63681841      0.36122162D+01
        313.65682841      0.36124933D+01
        313.67683842      0.36127711D+01
        313.69684842      0.36130492D+01
        313.71685843      0.36133273D+01
        313.73686843      0.36136051D+01
        313.75687844      0.36138822D+01
        313.77688844      0.36141583D+01
        313.79689845      0.36144331D+01
        313.81690845      0.36147063D+01
        313.83691846      0.36149775D+01
        313.85692846      0.36152465D+01
        313.87693847      0.36155128D+01
        313.89694847      0.36157762D+01
        313.91695848      0.36160364D+01
        313.93696848      0.36162931D+01
        313.95697849      0.36165459D+01
        313.97698849      0.36167946D+01
        313.99699850      0.36170389D+01
        314.01700850      0.36172784D+01
        314.03701851      0.36175129D+01
        314.05702851      0.36177421D+01
        314.07703852      0.36179657D+01
        314.09704852      0.36181833D+01
        314.11705853      0.36183948D+01
        314.13706853      0.36185998D+01
        314.15707854      0.36187981D+01
        314.17708854      0.36189893D+01
        314.19709855      0.36191733D+01
        314.21710855      0.36193497D+01
        314.23711856      0.36195182D+01
        314.25712856      0.36196787D+01
        314.27713857      0.36198308D+01
        314.29714857      0.36199742D+01
        314.31715858      0.36201088D+01
        314.33716858      0.36202343D+01
        314.35717859      0.36203503D+01
        314.37718859      0.36204567D+01
        314.39719860      0.36205533D+01
        314.41720860      0.36206397D+01
        314.43721861      0.36207157D+01
        314.45722861      0.36207812D+01
        314.47723862      0.36208358D+01
        314.49724862      0.36208793D+01
        314.51725863      0.36209115D+01
        314.53726863      0.36209322D+01
        314.55727864      0.36209411D+01
        314.57728864      0.36209381D+01
        314.59729865      0.36209228D+01
        314.61730865      0.36208951D+01
        314.63731866      0.36208548D+01
        314.65732866      0.36208017D+01
        314.67733867      0.36207355D+01
        314.69734867      0.36206560D+01
        314.71735868      0.36205631D+01
        314.73736868      0.36204565D+01
        314.75737869      0.36203361D+01
        314.77738869      0.36202016D+01
        314.79739870      0.36200529D+01
        314.81740870      0.36198897D+01
        314.83741871      0.36197119D+01
        314.85742871      0.36195193D+01
        314.87743872      0.36193117D+01
        314.89744872      0.36190890D+01
        314.91745873      0.36188509D+01
        314.93746873      0.36185973D+01
        314.95747874      0.36183279D+01
        314.97748874      0.36180428D+01
        314.99749875      0.36177416D+01
        315.01750875      0.36174242D+01
        315.03751876      0.36170905D+01
        315.05752876      0.36167402D+01
        315.07753877      0.36163733D+01
        315.09754877      0.36159896D+01
        315.11755878      0.36155890D+01
        315.13756878      0.36151712D+01
        315.15757879      0.36147361D+01
        315.17758879      0.36142837D+01
        315.19759880      0.36138137D+01
        315.21760880      0.36133261D+01
        315.23761881      0.36128206D+01
        315.25762881      0.36122972D+01
        315.27763882      0.36117557D+01
        315.29764882      0.36111961D+01
        315.31765883      0.36106181D+01
        315.33766883      0.36100216D+01
        315.35767884      0.36094066D+01
        315.37768884      0.36087730D+01
        315.39769885      0.36081205D+01
        315.41770885      0.36074491D+01
        315.43771886      0.36067587D+01
        315.45772886      0.36060492D+01
        315.47773887      0.36053205D+01
        315.49774887      0.36045724D+01
        315.51775888      0.36038049D+01
        315.53776888      0.36030179D+01
        315.55777889      0.36022113D+01
        315.57778889      0.36013849D+01
        315.59779890      0.36005388D+01
        315.61780890      0.35996727D+01
        315.63781891      0.35987867D+01
        315.65782891      0.35978807D+01
        315.67783892      0.35969545D+01
        315.69784892      0.35960081D+01
        315.71785893      0.35950415D+01
        315.73786893      0.35940544D+01
        315.75787894      0.35930470D+01
        315.77788894      0.35920190D+01
        315.79789895      0.35909705D+01
        315.81790895      0.35899014D+01
        315.83791896      0.35888116D+01
        315.85792896      0.35877011D+01
        315.87793897      0.35865697D+01
        315.89794897      0.35854175D+01
        315.91795898      0.35842444D+01
        315.93796898      0.35830503D+01
        315.95797899      0.35818353D+01
        315.97798899      0.35805992D+01
        315.99799900      0.35793420D+01
        316.01800900      0.35780637D+01
        316.03801901      0.35767642D+01
        316.05802901      0.35754436D+01
        316.07803902      0.35741017D+01
        316.09804902      0.35727385D+01
        316.11805903      0.35713540D+01
        316.13806903      0.35699483D+01
        316.15807904      0.35685211D+01
        316.17808904      0.35670726D+01
        316.19809905      0.35656028D+01
        316.21810905      0.35641115D+01
        316.23811906      0.35625988D+01
        316.25812906      0.35610646D+01
        316.27813907      0.35595091D+01
        316.29814907      0.35579320D+01
        316.31815908      0.35563335D+01
        316.33816908      0.35547135D+01
        316.35817909      0.35530721D+01
        316.37818909      0.35514092D+01
        316.39819910      0.35497248D+01
        316.41820910      0.35480189D+01
        316.43821911      0.35462916D+01
        316.45822911      0.35445428D+01
        316.47823912      0.35427726D+01
        316.49824912      0.35409809D+01
        316.51825913      0.35391678D+01
        316.53826913      0.35373333D+01
        316.55827914      0.35354774D+01
        316.57828914      0.35336001D+01
        316.59829915      0.35317015D+01
        316.61830915      0.35297815D+01
        316.63831916      0.35278402D+01
        316.65832916      0.35258777D+01
        316.67833917      0.35238939D+01
        316.69834917      0.35218889D+01
        316.71835918      0.35198626D+01
        316.73836918      0.35178153D+01
        316.75837919      0.35157468D+01
        316.77838919      0.35136572D+01
        316.79839920      0.35115466D+01
        316.81840920      0.35094150D+01
        316.83841921      0.35072624D+01
        316.85842921      0.35050890D+01
        316.87843922      0.35028946D+01
        316.89844922      0.35006794D+01
        316.91845923      0.34984435D+01
        316.93846923      0.34961869D+01
        316.95847924      0.34939096D+01
        316.97848924      0.34916117D+01
        316.99849925      0.34892932D+01
        317.01850925      0.34869543D+01
        317.03851926      0.34845949D+01
        317.05852926      0.34822152D+01
        317.07853927      0.34798152D+01
        317.09854927      0.34773949D+01
        317.11855928      0.34749545D+01
        317.13856928      0.34724940D+01
        317.15857929      0.34700134D+01
        317.17858929      0.34675129D+01
        317.19859930      0.34649925D+01
        317.21860930      0.34624524D+01
        317.23861931      0.34598924D+01
        317.25862931      0.34573129D+01
        317.27863932      0.34547138D+01
        317.29864932      0.34520952D+01
        317.31865933      0.34494571D+01
        317.33866933      0.34467998D+01
        317.35867934      0.34441232D+01
        317.37868934      0.34414275D+01
        317.39869935      0.34387128D+01
        317.41870935      0.34359791D+01
        317.43871936      0.34332265D+01
        317.45872936      0.34304551D+01
        317.47873937      0.34276651D+01
        317.49874937      0.34248564D+01
        317.51875938      0.34220293D+01
        317.53876938      0.34191838D+01
        317.55877939      0.34163200D+01
        317.57878939      0.34134381D+01
        317.59879940      0.34105380D+01
        317.61880940      0.34076200D+01
        317.63881941      0.34046841D+01
        317.65882941      0.34017305D+01
        317.67883942      0.33987592D+01
        317.69884942      0.33957703D+01
        317.71885943      0.33927640D+01
        317.73886943      0.33897405D+01
        317.75887944      0.33866997D+01
        317.77888944      0.33836418D+01
        317.79889945      0.33805670D+01
        317.81890945      0.33774753D+01
        317.83891946      0.33743669D+01
        317.85892946      0.33712418D+01
        317.87893947      0.33681003D+01
        317.89894947      0.33649424D+01
        317.91895948      0.33617683D+01
        317.93896948      0.33585780D+01
        317.95897949      0.33553718D+01
        317.97898949      0.33521497D+01
        317.99899950      0.33489118D+01
        318.01900950      0.33456584D+01
        318.03901951      0.33423895D+01
        318.05902951      0.33391052D+01
        318.07903952      0.33358057D+01
        318.09904952      0.33324912D+01
        318.11905953      0.33291617D+01
        318.13906953      0.33258174D+01
        318.15907954      0.33224584D+01
        318.17908954      0.33190850D+01
        318.19909955      0.33156971D+01
        318.21910955      0.33122949D+01
        318.23911956      0.33088787D+01
        318.25912956      0.33054485D+01
        318.27913957      0.33020045D+01
        318.29914957      0.32985468D+01
        318.31915958      0.32950755D+01
        318.33916958      0.32915909D+01
        318.35917959      0.32880930D+01
        318.37918959      0.32845820D+01
        318.39919960      0.32810581D+01
        318.41920960      0.32775214D+01
        318.43921961      0.32739720D+01
        318.45922961      0.32704102D+01
        318.47923962      0.32668360D+01
        318.49924962      0.32632496D+01
        318.51925963      0.32596512D+01
        318.53926963      0.32560409D+01
        318.55927964      0.32524188D+01
        318.57928964      0.32487852D+01
        318.59929965      0.32451402D+01
        318.61930965      0.32414839D+01
        318.63931966      0.32378165D+01
        318.65932966      0.32341382D+01
        318.67933967      0.32304491D+01
        318.69934967      0.32267494D+01
        318.71935968      0.32230392D+01
        318.73936968      0.32193187D+01
        318.75937969      0.32155881D+01
        318.77938969      0.32118475D+01
        318.79939970      0.32080971D+01
        318.81940970      0.32043371D+01
        318.83941971      0.32005676D+01
        318.85942971      0.31967887D+01
        318.87943972      0.31930007D+01
        318.89944972      0.31892038D+01
        318.91945973      0.31853980D+01
        318.93946973      0.31815836D+01
        318.95947974      0.31777606D+01
        318.97948974      0.31739294D+01
        318.99949975      0.31700901D+01
        319.01950975      0.31662427D+01
        319.03951976      0.31623876D+01
        319.05952976      0.31585248D+01
        319.07953977      0.31546546D+01
        319.09954977      0.31507771D+01
        319.11955978      0.31468925D+01
        319.13956978      0.31430009D+01
        319.15957979      0.31391025D+01
        319.17958979      0.31351976D+01
        319.19959980      0.31312862D+01
        319.21960980      0.31273686D+01
        319.23961981      0.31234449D+01
        319.25962981      0.31195153D+01
        319.27963982      0.31155800D+01
        319.29964982      0.31116392D+01
        319.31965983      0.31076929D+01
        319.33966983      0.31037415D+01
        319.35967984      0.30997851D+01
        319.37968984      0.30958238D+01
        319.39969985      0.30918578D+01
        319.41970985      0.30878874D+01
        319.43971986      0.30839126D+01
        319.45972986      0.30799337D+01
        319.47973987      0.30759509D+01
        319.49974987      0.30719643D+01
        319.51975988      0.30679740D+01
        319.53976988      0.30639804D+01
        319.55977989      0.30599835D+01
        319.57978989      0.30559836D+01
        319.59979990      0.30519808D+01
        319.61980990      0.30479752D+01
        319.63981991      0.30439672D+01
        319.65982991      0.30399568D+01
        319.67983992      0.30359442D+01
        319.69984992      0.30319297D+01
        319.71985993      0.30279134D+01
        319.73986993      0.30238954D+01
        319.75987994      0.30198760D+01
        319.77988994      0.30158553D+01
        319.79989995      0.30118336D+01
        319.81990995      0.30078109D+01
        319.83991996      0.30037875D+01
        319.85992996      0.29997636D+01
        319.87993997      0.29957394D+01
        319.89994997      0.29917149D+01
        319.91995998      0.29876904D+01
        319.93996998      0.29836662D+01
        319.95997999      0.29796423D+01
        319.97998999      0.29756189D+01
        320.00000000      0.29715963D+01
