
 GENERATE SPECTRAL CURVES FROM StoBe Xray output

 Authors:  K. Hermann, C. Kolczewski, FHI  2013


 Run title       : znpc_default XAS                                                 
 Spectr. setting : Print spectrum (+ file output)
 Spectr. setting : Energy range (eV) = [   280.000 ,    320.000]
 Spectr. setting : Points inside range =  2000
 Spectr. setting : Variable level width (FWHM, eV) :
                   E < E1=   288.000000 : width =     0.500000
                   E > E2=   320.000000 : width =    12.000000
                   linear width variation between E1, E2
 Spectrum type   : XAS                    
 Spectrum no.  1 : Total  XAS spectrum,  file position =  1


 SUMMARY OF INPUT PARAMETERS

 Run title       : znpc_default XAS                                                 
 Data type : Xray absorption (XAS, NEXAFS)
 Total of   1 spectra calculations :
    1:  Total  XAS spectrum,  file position =  1
        Dipole transitions included only
        Energy range (eV) = [   280.000 ,    320.000]
        Points inside range =  2000
        Variable level width (FWHM) :
                     E < E1= 288.000000 : width =   0.500000
                     E > E2= 320.000000 : width =  12.000000
                     linear width variation between E1, E2
        Global scaling  =    1.00000
        Global shifting =    0.00000
        Spectrum print and file output


 RESULTS:

 Spectrum no.   1:

   Total (angle integrated)  XAS spectrum,  (dipl./quad.)file position =  1
   Spectrum for energy range (eV) [a, b] = [   280.000 ,    320.000]
   Lowest  trans. energy =    285.289 eV  (  10.48410 H)
   Highest trans. energy =   4178.586 eV  ( 153.55894 H)
   Listing of spectrum:

           E (eV)          Total Int.
      -----------------------------------
        280.00000000      0.00000000D+00
        280.02001001      0.00000000D+00
        280.04002001      0.00000000D+00
        280.06003002      0.00000000D+00
        280.08004002      0.00000000D+00
        280.10005003      0.00000000D+00
        280.12006003      0.00000000D+00
        280.14007004      0.00000000D+00
        280.16008004      0.00000000D+00
        280.18009005      0.00000000D+00
        280.20010005      0.00000000D+00
        280.22011006      0.00000000D+00
        280.24012006      0.00000000D+00
        280.26013007      0.00000000D+00
        280.28014007      0.00000000D+00
        280.30015008      0.00000000D+00
        280.32016008      0.00000000D+00
        280.34017009      0.00000000D+00
        280.36018009      0.00000000D+00
        280.38019010      0.00000000D+00
        280.40020010      0.00000000D+00
        280.42021011      0.00000000D+00
        280.44022011      0.00000000D+00
        280.46023012      0.00000000D+00
        280.48024012      0.00000000D+00
        280.50025013      0.00000000D+00
        280.52026013      0.00000000D+00
        280.54027014      0.00000000D+00
        280.56028014      0.00000000D+00
        280.58029015      0.00000000D+00
        280.60030015      0.00000000D+00
        280.62031016      0.00000000D+00
        280.64032016      0.00000000D+00
        280.66033017      0.00000000D+00
        280.68034017      0.00000000D+00
        280.70035018      0.00000000D+00
        280.72036018      0.00000000D+00
        280.74037019      0.00000000D+00
        280.76038019      0.00000000D+00
        280.78039020      0.00000000D+00
        280.80040020      0.00000000D+00
        280.82041021      0.00000000D+00
        280.84042021      0.00000000D+00
        280.86043022      0.00000000D+00
        280.88044022      0.00000000D+00
        280.90045023      0.00000000D+00
        280.92046023      0.00000000D+00
        280.94047024      0.00000000D+00
        280.96048024      0.00000000D+00
        280.98049025      0.00000000D+00
        281.00050025      0.00000000D+00
        281.02051026      0.00000000D+00
        281.04052026      0.00000000D+00
        281.06053027      0.00000000D+00
        281.08054027      0.00000000D+00
        281.10055028      0.00000000D+00
        281.12056028      0.00000000D+00
        281.14057029      0.00000000D+00
        281.16058029      0.00000000D+00
        281.18059030      0.00000000D+00
        281.20060030      0.00000000D+00
        281.22061031      0.00000000D+00
        281.24062031      0.00000000D+00
        281.26063032      0.00000000D+00
        281.28064032      0.00000000D+00
        281.30065033      0.00000000D+00
        281.32066033      0.00000000D+00
        281.34067034      0.00000000D+00
        281.36068034      0.00000000D+00
        281.38069035      0.00000000D+00
        281.40070035      0.00000000D+00
        281.42071036      0.00000000D+00
        281.44072036      0.00000000D+00
        281.46073037      0.00000000D+00
        281.48074037      0.00000000D+00
        281.50075038      0.00000000D+00
        281.52076038      0.00000000D+00
        281.54077039      0.00000000D+00
        281.56078039      0.00000000D+00
        281.58079040      0.00000000D+00
        281.60080040      0.00000000D+00
        281.62081041      0.00000000D+00
        281.64082041      0.00000000D+00
        281.66083042      0.00000000D+00
        281.68084042      0.00000000D+00
        281.70085043      0.00000000D+00
        281.72086043      0.00000000D+00
        281.74087044      0.00000000D+00
        281.76088044      0.00000000D+00
        281.78089045      0.00000000D+00
        281.80090045      0.00000000D+00
        281.82091046      0.00000000D+00
        281.84092046      0.00000000D+00
        281.86093047      0.00000000D+00
        281.88094047      0.00000000D+00
        281.90095048      0.00000000D+00
        281.92096048      0.00000000D+00
        281.94097049      0.00000000D+00
        281.96098049      0.00000000D+00
        281.98099050      0.00000000D+00
        282.00100050      0.00000000D+00
        282.02101051      0.00000000D+00
        282.04102051      0.00000000D+00
        282.06103052      0.00000000D+00
        282.08104052      0.00000000D+00
        282.10105053      0.00000000D+00
        282.12106053      0.00000000D+00
        282.14107054      0.00000000D+00
        282.16108054      0.00000000D+00
        282.18109055      0.00000000D+00
        282.20110055      0.00000000D+00
        282.22111056      0.00000000D+00
        282.24112056      0.00000000D+00
        282.26113057      0.00000000D+00
        282.28114057      0.00000000D+00
        282.30115058      0.00000000D+00
        282.32116058      0.00000000D+00
        282.34117059      0.00000000D+00
        282.36118059      0.00000000D+00
        282.38119060      0.00000000D+00
        282.40120060      0.00000000D+00
        282.42121061      0.00000000D+00
        282.44122061      0.00000000D+00
        282.46123062      0.00000000D+00
        282.48124062      0.00000000D+00
        282.50125063      0.00000000D+00
        282.52126063      0.00000000D+00
        282.54127064      0.00000000D+00
        282.56128064      0.00000000D+00
        282.58129065      0.00000000D+00
        282.60130065      0.00000000D+00
        282.62131066      0.00000000D+00
        282.64132066      0.00000000D+00
        282.66133067      0.00000000D+00
        282.68134067      0.00000000D+00
        282.70135068      0.00000000D+00
        282.72136068      0.00000000D+00
        282.74137069      0.00000000D+00
        282.76138069      0.00000000D+00
        282.78139070      0.00000000D+00
        282.80140070      0.00000000D+00
        282.82141071      0.00000000D+00
        282.84142071      0.00000000D+00
        282.86143072      0.00000000D+00
        282.88144072      0.00000000D+00
        282.90145073      0.00000000D+00
        282.92146073      0.00000000D+00
        282.94147074      0.00000000D+00
        282.96148074      0.00000000D+00
        282.98149075      0.00000000D+00
        283.00150075      0.00000000D+00
        283.02151076      0.00000000D+00
        283.04152076      0.00000000D+00
        283.06153077      0.00000000D+00
        283.08154077      0.00000000D+00
        283.10155078      0.00000000D+00
        283.12156078      0.00000000D+00
        283.14157079      0.00000000D+00
        283.16158079      0.00000000D+00
        283.18159080      0.00000000D+00
        283.20160080      0.00000000D+00
        283.22161081      0.00000000D+00
        283.24162081      0.00000000D+00
        283.26163082      0.00000000D+00
        283.28164082      0.00000000D+00
        283.30165083      0.00000000D+00
        283.32166083      0.00000000D+00
        283.34167084      0.00000000D+00
        283.36168084      0.00000000D+00
        283.38169085      0.00000000D+00
        283.40170085      0.00000000D+00
        283.42171086      0.00000000D+00
        283.44172086      0.00000000D+00
        283.46173087      0.00000000D+00
        283.48174087      0.00000000D+00
        283.50175088      0.00000000D+00
        283.52176088      0.00000000D+00
        283.54177089      0.00000000D+00
        283.56178089      0.00000000D+00
        283.58179090      0.00000000D+00
        283.60180090      0.00000000D+00
        283.62181091      0.00000000D+00
        283.64182091      0.00000000D+00
        283.66183092      0.00000000D+00
        283.68184092      0.00000000D+00
        283.70185093      0.00000000D+00
        283.72186093      0.00000000D+00
        283.74187094      0.00000000D+00
        283.76188094      0.00000000D+00
        283.78189095      0.00000000D+00
        283.80190095      0.97575594D-10
        283.82191096      0.18797816D-09
        283.84192096      0.35893562D-09
        283.86193097      0.67931105D-09
        283.88194097      0.12742767D-08
        283.90195098      0.23692004D-08
        283.92196098      0.43659906D-08
        283.94197099      0.79745604D-08
        283.96198099      0.14459259D-07
        283.98199100      0.25949339D-07
        284.00200100      0.46155318D-07
        284.02201101      0.81370462D-07
        284.04202101      0.14219214D-06
        284.06203102      0.24627123D-06
        284.08204102      0.42276705D-06
        284.10205103      0.71934660D-06
        284.12206103      0.12131786D-05
        284.14207104      0.20279636D-05
        284.16208104      0.33600440D-05
        284.18209105      0.55179685D-05
        284.20210105      0.89818007D-05
        284.22211106      0.14490985D-04
        284.24212106      0.23173066D-04
        284.26213107      0.36729922D-04
        284.28214107      0.57704333D-04
        284.30215108      0.89856475D-04
        284.32216108      0.13868948D-03
        284.34217109      0.21217371D-03
        284.36218109      0.32173202D-03
        284.38219110      0.48356234D-03
        284.40220110      0.72038893D-03
        284.42221111      0.10637483D-02
        284.44222111      0.15569299D-02
        284.46223112      0.22587003D-02
        284.48224112      0.32479452D-02
        284.50225113      0.46293556D-02
        284.52226113      0.65402669D-02
        284.54227114      0.91587223D-02
        284.56228114      0.12712773D-01
        284.58229115      0.17490945D-01
        284.60230115      0.23853690D-01
        284.62231116      0.32245490D-01
        284.64232116      0.43207135D-01
        284.66233117      0.57387474D-01
        284.68234117      0.75553766D-01
        284.70235118      0.98599534D-01
        284.72236118      0.12754865D+00
        284.74237119      0.16355424D+00
        284.76238119      0.20789094D+00
        284.78239120      0.26193899D+00
        284.80240120      0.32715898D+00
        284.82241121      0.40505600D+00
        284.84242121      0.49713289D+00
        284.86243122      0.60483238D+00
        284.88244122      0.72946894D+00
        284.90245123      0.87215205D+00
        284.92246123      0.10337033D+01
        284.94247124      0.12145707D+01
        284.96248124      0.14147450D+01
        284.98249125      0.16336819D+01
        285.00250125      0.18702372D+01
        285.02251126      0.21226183D+01
        285.04252126      0.23883592D+01
        285.06253127      0.26643226D+01
        285.08254127      0.29467322D+01
        285.10255128      0.32312370D+01
        285.12256128      0.35130091D+01
        285.14257129      0.37868708D+01
        285.16258129      0.40474479D+01
        285.18259130      0.42893440D+01
        285.20260130      0.45073265D+01
        285.22261131      0.46965164D+01
        285.24262131      0.48525722D+01
        285.26263132      0.49718574D+01
        285.28264132      0.50515839D+01
        285.30265133      0.50899223D+01
        285.32266133      0.50860737D+01
        285.34267134      0.50402998D+01
        285.36268134      0.49539086D+01
        285.38269135      0.48292000D+01
        285.40270135      0.46693718D+01
        285.42271136      0.44783956D+01
        285.44272136      0.42608681D+01
        285.46273137      0.40218482D+01
        285.48274137      0.37666893D+01
        285.50275138      0.35008758D+01
        285.52276138      0.32298729D+01
        285.54277139      0.29589973D+01
        285.56278139      0.26933144D+01
        285.58279140      0.24375655D+01
        285.60280140      0.21961269D+01
        285.62281141      0.19730011D+01
        285.64282141      0.17718357D+01
        285.66283142      0.15959672D+01
        285.68284142      0.14484827D+01
        285.70285143      0.13322926D+01
        285.72286143      0.12502061D+01
        285.74287144      0.12049996D+01
        285.76288144      0.11994718D+01
        285.78289145      0.12364752D+01
        285.80290145      0.13189176D+01
        285.82291146      0.14497282D+01
        285.84292146      0.16317846D+01
        285.86293147      0.18677989D+01
        285.88294147      0.21601648D+01
        285.90295148      0.25107704D+01
        285.92296148      0.29207839D+01
        285.94297149      0.33904242D+01
        285.96298149      0.39187284D+01
        285.98299150      0.45033338D+01
        286.00300150      0.51402900D+01
        286.02301151      0.58239202D+01
        286.04302151      0.65467475D+01
        286.06303152      0.72995005D+01
        286.08304152      0.80712099D+01
        286.10305153      0.88494001D+01
        286.12306153      0.96203779D+01
        286.14307154      0.10369610D+02
        286.16308154      0.11082177D+02
        286.18309155      0.11743283D+02
        286.20310155      0.12338799D+02
        286.22311156      0.12855806D+02
        286.24312156      0.13283112D+02
        286.26313157      0.13611710D+02
        286.28314157      0.13835149D+02
        286.30315158      0.13949793D+02
        286.32316158      0.13954955D+02
        286.34317159      0.13852891D+02
        286.36318159      0.13648661D+02
        286.38319160      0.13349859D+02
        286.40320160      0.12966234D+02
        286.42321161      0.12509223D+02
        286.44322161      0.11991425D+02
        286.46323162      0.11426052D+02
        286.48324162      0.10826384D+02
        286.50325163      0.10205261D+02
        286.52326163      0.95746421D+01
        286.54327164      0.89452466D+01
        286.56328164      0.83262914D+01
        286.58329165      0.77253362D+01
        286.60330165      0.71482302D+01
        286.62331166      0.65991540D+01
        286.64332166      0.60807438D+01
        286.66333167      0.55942790D+01
        286.68334167      0.51399153D+01
        286.70335168      0.47169400D+01
        286.72336168      0.43240329D+01
        286.74337169      0.39595128D+01
        286.76338169      0.36215577D+01
        286.78339170      0.33083868D+01
        286.80340170      0.30183995D+01
        286.82341171      0.27502689D+01
        286.84342171      0.25029906D+01
        286.86343172      0.22758920D+01
        286.88344172      0.20686084D+01
        286.90345173      0.18810324D+01
        286.92346173      0.17132469D+01
        286.94347174      0.15654482D+01
        286.96348174      0.14378665D+01
        286.98349175      0.13306922D+01
        287.00350175      0.12440105D+01
        287.02351176      0.11777507D+01
        287.04352176      0.11316513D+01
        287.06353177      0.11052428D+01
        287.08354177      0.10978501D+01
        287.10355178      0.11086117D+01
        287.12356178      0.11365177D+01
        287.14357179      0.11804624D+01
        287.16358179      0.12393110D+01
        287.18359180      0.13119761D+01
        287.20360180      0.13975016D+01
        287.22361181      0.14951485D+01
        287.24362181      0.16044782D+01
        287.26363182      0.17254271D+01
        287.28364182      0.18583671D+01
        287.30365183      0.20041445D+01
        287.32366183      0.21640927D+01
        287.34367184      0.23400118D+01
        287.36368184      0.25341121D+01
        287.38369185      0.27489182D+01
        287.40370185      0.29871340D+01
        287.42371186      0.32514707D+01
        287.44372186      0.35444432D+01
        287.46373187      0.38681437D+01
        287.48374187      0.42240034D+01
        287.50375188      0.46125557D+01
        287.52376188      0.50332169D+01
        287.54377189      0.54841001D+01
        287.56378189      0.59618786D+01
        287.58379190      0.64617126D+01
        287.60380190      0.69772508D+01
        287.62381191      0.75007152D+01
        287.64382191      0.80230715D+01
        287.66383192      0.85342811D+01
        287.68384192      0.90236290D+01
        287.70385193      0.94801103D+01
        287.72386193      0.98928593D+01
        287.74387194      0.10251596D+02
        287.76388194      0.10547068D+02
        287.78389195      0.10771458D+02
        287.80390195      0.10918736D+02
        287.82391196      0.10984937D+02
        287.84392196      0.10968337D+02
        287.86393197      0.10869534D+02
        287.88394197      0.10691411D+02
        287.90395198      0.10438996D+02
        287.92396198      0.10119227D+02
        287.94397199      0.97406337D+01
        287.96398199      0.93129590D+01
        287.98399200      0.88467407D+01
        288.00400200      0.83528818D+01
        288.02401201      0.78422296D+01
        288.04402201      0.73251873D+01
        288.06403202      0.68113771D+01
        288.08404202      0.63093662D+01
        288.10405203      0.58264678D+01
        288.12406203      0.53686176D+01
        288.14407204      0.49403264D+01
        288.16408204      0.45447020D+01
        288.18409205      0.41835311D+01
        288.20410205      0.38574086D+01
        288.22411206      0.35659031D+01
        288.24412206      0.33077422D+01
        288.26413207      0.30810068D+01
        288.28414207      0.28833218D+01
        288.30415208      0.27120341D+01
        288.32416208      0.25643699D+01
        288.34417209      0.24375678D+01
        288.36418209      0.23289840D+01
        288.38419210      0.22361691D+01
        288.40420210      0.21569196D+01
        288.42421211      0.20893040D+01
        288.44422211      0.20316697D+01
        288.46423212      0.19826334D+01
        288.48424212      0.19410591D+01
        288.50425213      0.19060286D+01
        288.52426213      0.18768076D+01
        288.54427214      0.18528106D+01
        288.56428214      0.18335671D+01
        288.58429215      0.18186910D+01
        288.60430215      0.18078537D+01
        288.62431216      0.18007631D+01
        288.64432216      0.17971468D+01
        288.66433217      0.17967404D+01
        288.68434217      0.17992806D+01
        288.70435218      0.18045006D+01
        288.72436218      0.18121303D+01
        288.74437219      0.18218967D+01
        288.76438219      0.18335273D+01
        288.78439220      0.18467531D+01
        288.80440220      0.18613123D+01
        288.82441221      0.18769538D+01
        288.84442221      0.18934400D+01
        288.86443222      0.19105491D+01
        288.88444222      0.19280764D+01
        288.90445223      0.19458348D+01
        288.92446223      0.19636548D+01
        288.94447224      0.19813841D+01
        288.96448224      0.19988859D+01
        288.98449225      0.20160375D+01
        289.00450225      0.20327292D+01
        289.02451226      0.20488620D+01
        289.04452226      0.20643463D+01
        289.06453227      0.20791004D+01
        289.08454227      0.20930498D+01
        289.10455228      0.21061259D+01
        289.12456228      0.21182658D+01
        289.14457229      0.21294122D+01
        289.16458229      0.21395133D+01
        289.18459230      0.21485232D+01
        289.20460230      0.21564029D+01
        289.22461231      0.21631204D+01
        289.24462231      0.21686521D+01
        289.26463232      0.21729830D+01
        289.28464232      0.21761079D+01
        289.30465233      0.21780321D+01
        289.32466233      0.21787718D+01
        289.34467234      0.21783545D+01
        289.36468234      0.21768191D+01
        289.38469235      0.21742162D+01
        289.40470235      0.21706079D+01
        289.42471236      0.21660670D+01
        289.44472236      0.21606766D+01
        289.46473237      0.21545295D+01
        289.48474237      0.21477269D+01
        289.50475238      0.21403777D+01
        289.52476238      0.21325966D+01
        289.54477239      0.21245036D+01
        289.56478239      0.21162221D+01
        289.58479240      0.21078776D+01
        289.60480240      0.20995964D+01
        289.62481241      0.20915042D+01
        289.64482241      0.20837246D+01
        289.66483242      0.20763781D+01
        289.68484242      0.20695806D+01
        289.70485243      0.20634425D+01
        289.72486243      0.20580676D+01
        289.74487244      0.20535525D+01
        289.76488244      0.20499855D+01
        289.78489245      0.20474462D+01
        289.80490245      0.20460049D+01
        289.82491246      0.20457225D+01
        289.84492246      0.20466499D+01
        289.86493247      0.20488282D+01
        289.88494247      0.20522886D+01
        289.90495248      0.20570524D+01
        289.92496248      0.20631317D+01
        289.94497249      0.20705288D+01
        289.96498249      0.20792377D+01
        289.98499250      0.20892436D+01
        290.00500250      0.21005240D+01
        290.02501251      0.21130491D+01
        290.04502251      0.21267823D+01
        290.06503252      0.21416811D+01
        290.08504252      0.21576974D+01
        290.10505253      0.21747785D+01
        290.12506253      0.21928678D+01
        290.14507254      0.22119050D+01
        290.16508254      0.22318273D+01
        290.18509255      0.22525700D+01
        290.20510255      0.22740666D+01
        290.22511256      0.22962501D+01
        290.24512256      0.23190532D+01
        290.26513257      0.23424089D+01
        290.28514257      0.23662508D+01
        290.30515258      0.23905141D+01
        290.32516258      0.24151355D+01
        290.34517259      0.24400539D+01
        290.36518259      0.24652105D+01
        290.38519260      0.24905493D+01
        290.40520260      0.25160175D+01
        290.42521261      0.25415653D+01
        290.44522261      0.25671463D+01
        290.46523262      0.25927179D+01
        290.48524262      0.26182410D+01
        290.50525263      0.26436803D+01
        290.52526263      0.26690043D+01
        290.54527264      0.26941855D+01
        290.56528264      0.27191999D+01
        290.58529265      0.27440275D+01
        290.60530265      0.27686518D+01
        290.62531266      0.27930602D+01
        290.64532266      0.28172433D+01
        290.66533267      0.28411952D+01
        290.68534267      0.28649132D+01
        290.70535268      0.28883977D+01
        290.72536268      0.29116520D+01
        290.74537269      0.29346820D+01
        290.76538269      0.29574962D+01
        290.78539270      0.29801053D+01
        290.80540270      0.30025223D+01
        290.82541271      0.30247621D+01
        290.84542271      0.30468410D+01
        290.86543272      0.30687770D+01
        290.88544272      0.30905895D+01
        290.90545273      0.31122988D+01
        290.92546273      0.31339261D+01
        290.94547274      0.31554933D+01
        290.96548274      0.31770228D+01
        290.98549275      0.31985373D+01
        291.00550275      0.32200596D+01
        291.02551276      0.32416125D+01
        291.04552276      0.32632188D+01
        291.06553277      0.32849006D+01
        291.08554277      0.33066798D+01
        291.10555278      0.33285777D+01
        291.12556278      0.33506150D+01
        291.14557279      0.33728113D+01
        291.16558279      0.33951857D+01
        291.18559280      0.34177561D+01
        291.20560280      0.34405394D+01
        291.22561281      0.34635517D+01
        291.24562281      0.34868077D+01
        291.26563282      0.35103211D+01
        291.28564282      0.35341044D+01
        291.30565283      0.35581690D+01
        291.32566283      0.35825252D+01
        291.34567284      0.36071820D+01
        291.36568284      0.36321473D+01
        291.38569285      0.36574280D+01
        291.40570285      0.36830299D+01
        291.42571286      0.37089577D+01
        291.44572286      0.37352152D+01
        291.46573287      0.37618051D+01
        291.48574287      0.37887294D+01
        291.50575288      0.38159891D+01
        291.52576288      0.38435845D+01
        291.54577289      0.38715153D+01
        291.56578289      0.38997802D+01
        291.58579290      0.39283777D+01
        291.60580290      0.39573054D+01
        291.62581291      0.39865607D+01
        291.64582291      0.40161404D+01
        291.66583292      0.40460409D+01
        291.68584292      0.40762583D+01
        291.70585293      0.41067886D+01
        291.72586293      0.41376273D+01
        291.74587294      0.41687699D+01
        291.76588294      0.42002116D+01
        291.78589295      0.42319476D+01
        291.80590295      0.42639728D+01
        291.82591296      0.42962823D+01
        291.84592296      0.43288709D+01
        291.86593297      0.43617335D+01
        291.88594297      0.43948650D+01
        291.90595298      0.44282602D+01
        291.92596298      0.44619137D+01
        291.94597299      0.44958205D+01
        291.96598299      0.45299752D+01
        291.98599300      0.45643725D+01
        292.00600300      0.45990070D+01
        292.02601301      0.46338733D+01
        292.04602301      0.46689658D+01
        292.06603302      0.47042789D+01
        292.08604302      0.47398069D+01
        292.10605303      0.47755437D+01
        292.12606303      0.48114832D+01
        292.14607304      0.48476192D+01
        292.16608304      0.48839449D+01
        292.18609305      0.49204537D+01
        292.20610305      0.49571382D+01
        292.22611306      0.49939911D+01
        292.24612306      0.50310046D+01
        292.26613307      0.50681704D+01
        292.28614307      0.51054799D+01
        292.30615308      0.51429241D+01
        292.32616308      0.51804936D+01
        292.34617309      0.52181784D+01
        292.36618309      0.52559681D+01
        292.38619310      0.52938518D+01
        292.40620310      0.53318181D+01
        292.42621311      0.53698551D+01
        292.44622311      0.54079503D+01
        292.46623312      0.54460907D+01
        292.48624312      0.54842629D+01
        292.50625313      0.55224528D+01
        292.52626313      0.55606459D+01
        292.54627314      0.55988272D+01
        292.56628314      0.56369810D+01
        292.58629315      0.56750914D+01
        292.60630315      0.57131419D+01
        292.62631316      0.57511155D+01
        292.64632316      0.57889949D+01
        292.66633317      0.58267623D+01
        292.68634317      0.58643996D+01
        292.70635318      0.59018883D+01
        292.72636318      0.59392096D+01
        292.74637319      0.59763445D+01
        292.76638319      0.60132737D+01
        292.78639320      0.60499777D+01
        292.80640320      0.60864368D+01
        292.82641321      0.61226312D+01
        292.84642321      0.61585411D+01
        292.86643322      0.61941465D+01
        292.88644322      0.62294275D+01
        292.90645323      0.62643642D+01
        292.92646323      0.62989368D+01
        292.94647324      0.63331256D+01
        292.96648324      0.63669112D+01
        292.98649325      0.64002741D+01
        293.00650325      0.64331954D+01
        293.02651326      0.64656563D+01
        293.04652326      0.64976383D+01
        293.06653327      0.65291234D+01
        293.08654327      0.65600939D+01
        293.10655328      0.65905326D+01
        293.12656328      0.66204228D+01
        293.14657329      0.66497482D+01
        293.16658329      0.66784931D+01
        293.18659330      0.67066424D+01
        293.20660330      0.67341817D+01
        293.22661331      0.67610969D+01
        293.24662331      0.67873750D+01
        293.26663332      0.68130032D+01
        293.28664332      0.68379699D+01
        293.30665333      0.68622637D+01
        293.32666333      0.68858744D+01
        293.34667334      0.69087922D+01
        293.36668334      0.69310082D+01
        293.38669335      0.69525144D+01
        293.40670335      0.69733032D+01
        293.42671336      0.69933681D+01
        293.44672336      0.70127034D+01
        293.46673337      0.70313040D+01
        293.48674337      0.70491657D+01
        293.50675338      0.70662850D+01
        293.52676338      0.70826593D+01
        293.54677339      0.70982867D+01
        293.56678339      0.71131660D+01
        293.58679340      0.71272969D+01
        293.60680340      0.71406799D+01
        293.62681341      0.71533159D+01
        293.64682341      0.71652069D+01
        293.66683342      0.71763554D+01
        293.68684342      0.71867647D+01
        293.70685343      0.71964386D+01
        293.72686343      0.72053816D+01
        293.74687344      0.72135991D+01
        293.76688344      0.72210968D+01
        293.78689345      0.72278810D+01
        293.80690345      0.72339588D+01
        293.82691346      0.72393377D+01
        293.84692346      0.72440256D+01
        293.86693347      0.72480311D+01
        293.88694347      0.72513632D+01
        293.90695348      0.72540313D+01
        293.92696348      0.72560453D+01
        293.94697349      0.72574154D+01
        293.96698349      0.72581523D+01
        293.98699350      0.72582669D+01
        294.00700350      0.72577705D+01
        294.02701351      0.72566748D+01
        294.04702351      0.72549915D+01
        294.06703352      0.72527327D+01
        294.08704352      0.72499109D+01
        294.10705353      0.72465384D+01
        294.12706353      0.72426280D+01
        294.14707354      0.72381926D+01
        294.16708354      0.72332450D+01
        294.18709355      0.72277985D+01
        294.20710355      0.72218661D+01
        294.22711356      0.72154611D+01
        294.24712356      0.72085967D+01
        294.26713357      0.72012863D+01
        294.28714357      0.71935431D+01
        294.30715358      0.71853805D+01
        294.32716358      0.71768117D+01
        294.34717359      0.71678500D+01
        294.36718359      0.71585085D+01
        294.38719360      0.71488003D+01
        294.40720360      0.71387384D+01
        294.42721361      0.71283358D+01
        294.44722361      0.71176052D+01
        294.46723362      0.71065593D+01
        294.48724362      0.70952107D+01
        294.50725363      0.70835718D+01
        294.52726363      0.70716547D+01
        294.54727364      0.70594718D+01
        294.56728364      0.70470347D+01
        294.58729365      0.70343554D+01
        294.60730365      0.70214454D+01
        294.62731366      0.70083161D+01
        294.64732366      0.69949788D+01
        294.66733367      0.69814443D+01
        294.68734367      0.69677237D+01
        294.70735368      0.69538274D+01
        294.72736368      0.69397660D+01
        294.74737369      0.69255497D+01
        294.76738369      0.69111885D+01
        294.78739370      0.68966923D+01
        294.80740370      0.68820707D+01
        294.82741371      0.68673332D+01
        294.84742371      0.68524890D+01
        294.86743372      0.68375471D+01
        294.88744372      0.68225165D+01
        294.90745373      0.68074058D+01
        294.92746373      0.67922234D+01
        294.94747374      0.67769777D+01
        294.96748374      0.67616768D+01
        294.98749375      0.67463286D+01
        295.00750375      0.67309408D+01
        295.02751376      0.67155212D+01
        295.04752376      0.67000770D+01
        295.06753377      0.66846156D+01
        295.08754377      0.66691441D+01
        295.10755378      0.66536694D+01
        295.12756378      0.66381982D+01
        295.14757379      0.66227374D+01
        295.16758379      0.66072933D+01
        295.18759380      0.65918724D+01
        295.20760380      0.65764808D+01
        295.22761381      0.65611248D+01
        295.24762381      0.65458104D+01
        295.26763382      0.65305433D+01
        295.28764382      0.65153294D+01
        295.30765383      0.65001743D+01
        295.32766383      0.64850836D+01
        295.34767384      0.64700628D+01
        295.36768384      0.64551171D+01
        295.38769385      0.64402519D+01
        295.40770385      0.64254723D+01
        295.42771386      0.64107835D+01
        295.44772386      0.63961903D+01
        295.46773387      0.63816978D+01
        295.48774387      0.63673108D+01
        295.50775388      0.63530340D+01
        295.52776388      0.63388722D+01
        295.54777389      0.63248300D+01
        295.56778389      0.63109120D+01
        295.58779390      0.62971227D+01
        295.60780390      0.62834664D+01
        295.62781391      0.62699477D+01
        295.64782391      0.62565708D+01
        295.66783392      0.62433400D+01
        295.68784392      0.62302595D+01
        295.70785393      0.62173334D+01
        295.72786393      0.62045658D+01
        295.74787394      0.61919609D+01
        295.76788394      0.61795226D+01
        295.78789395      0.61672548D+01
        295.80790395      0.61551613D+01
        295.82791396      0.61432462D+01
        295.84792396      0.61315131D+01
        295.86793397      0.61199657D+01
        295.88794397      0.61086077D+01
        295.90795398      0.60974428D+01
        295.92796398      0.60864745D+01
        295.94797399      0.60757063D+01
        295.96798399      0.60651416D+01
        295.98799400      0.60547839D+01
        296.00800400      0.60446364D+01
        296.02801401      0.60347025D+01
        296.04802401      0.60249853D+01
        296.06803402      0.60154880D+01
        296.08804402      0.60062137D+01
        296.10805403      0.59971653D+01
        296.12806403      0.59883458D+01
        296.14807404      0.59797581D+01
        296.16808404      0.59714049D+01
        296.18809405      0.59632890D+01
        296.20810405      0.59554130D+01
        296.22811406      0.59477795D+01
        296.24812406      0.59403909D+01
        296.26813407      0.59332496D+01
        296.28814407      0.59263579D+01
        296.30815408      0.59197182D+01
        296.32816408      0.59133324D+01
        296.34817409      0.59072026D+01
        296.36818409      0.59013309D+01
        296.38819410      0.58957189D+01
        296.40820410      0.58903685D+01
        296.42821411      0.58852814D+01
        296.44822411      0.58804590D+01
        296.46823412      0.58759028D+01
        296.48824412      0.58716142D+01
        296.50825413      0.58675943D+01
        296.52826413      0.58638443D+01
        296.54827414      0.58603653D+01
        296.56828414      0.58571581D+01
        296.58829415      0.58542234D+01
        296.60830415      0.58515620D+01
        296.62831416      0.58491744D+01
        296.64832416      0.58470610D+01
        296.66833417      0.58452221D+01
        296.68834417      0.58436580D+01
        296.70835418      0.58423686D+01
        296.72836418      0.58413540D+01
        296.74837419      0.58406139D+01
        296.76838419      0.58401480D+01
        296.78839420      0.58399559D+01
        296.80840420      0.58400370D+01
        296.82841421      0.58403907D+01
        296.84842421      0.58410161D+01
        296.86843422      0.58419123D+01
        296.88844422      0.58430781D+01
        296.90845423      0.58445125D+01
        296.92846423      0.58462140D+01
        296.94847424      0.58481813D+01
        296.96848424      0.58504126D+01
        296.98849425      0.58529064D+01
        297.00850425      0.58556607D+01
        297.02851426      0.58586736D+01
        297.04852426      0.58619430D+01
        297.06853427      0.58654667D+01
        297.08854427      0.58692423D+01
        297.10855428      0.58732674D+01
        297.12856428      0.58775393D+01
        297.14857429      0.58820553D+01
        297.16858429      0.58868127D+01
        297.18859430      0.58918084D+01
        297.20860430      0.58970394D+01
        297.22861431      0.59025025D+01
        297.24862431      0.59081944D+01
        297.26863432      0.59141117D+01
        297.28864432      0.59202508D+01
        297.30865433      0.59266081D+01
        297.32866433      0.59331799D+01
        297.34867434      0.59399623D+01
        297.36868434      0.59469514D+01
        297.38869435      0.59541431D+01
        297.40870435      0.59615332D+01
        297.42871436      0.59691176D+01
        297.44872436      0.59768918D+01
        297.46873437      0.59848516D+01
        297.48874437      0.59929922D+01
        297.50875438      0.60013092D+01
        297.52876438      0.60097978D+01
        297.54877439      0.60184532D+01
        297.56878439      0.60272707D+01
        297.58879440      0.60362453D+01
        297.60880440      0.60453720D+01
        297.62881441      0.60546458D+01
        297.64882441      0.60640615D+01
        297.66883442      0.60736139D+01
        297.68884442      0.60832978D+01
        297.70885443      0.60931079D+01
        297.72886443      0.61030388D+01
        297.74887444      0.61130852D+01
        297.76888444      0.61232415D+01
        297.78889445      0.61335022D+01
        297.80890445      0.61438620D+01
        297.82891446      0.61543150D+01
        297.84892446      0.61648559D+01
        297.86893447      0.61754788D+01
        297.88894447      0.61861782D+01
        297.90895448      0.61969484D+01
        297.92896448      0.62077836D+01
        297.94897449      0.62186782D+01
        297.96898449      0.62296263D+01
        297.98899450      0.62406224D+01
        298.00900450      0.62516605D+01
        298.02901451      0.62627350D+01
        298.04902451      0.62738401D+01
        298.06903452      0.62849700D+01
        298.08904452      0.62961191D+01
        298.10905453      0.63072815D+01
        298.12906453      0.63184515D+01
        298.14907454      0.63296236D+01
        298.16908454      0.63407918D+01
        298.18909455      0.63519507D+01
        298.20910455      0.63630945D+01
        298.22911456      0.63742178D+01
        298.24912456      0.63853148D+01
        298.26913457      0.63963801D+01
        298.28914457      0.64074081D+01
        298.30915458      0.64183935D+01
        298.32916458      0.64293308D+01
        298.34917459      0.64402146D+01
        298.36918459      0.64510396D+01
        298.38919460      0.64618007D+01
        298.40920460      0.64724925D+01
        298.42921461      0.64831099D+01
        298.44922461      0.64936479D+01
        298.46923462      0.65041014D+01
        298.48924462      0.65144655D+01
        298.50925463      0.65247353D+01
        298.52926463      0.65349061D+01
        298.54927464      0.65449729D+01
        298.56928464      0.65549313D+01
        298.58929465      0.65647766D+01
        298.60930465      0.65745043D+01
        298.62931466      0.65841101D+01
        298.64932466      0.65935895D+01
        298.66933467      0.66029383D+01
        298.68934467      0.66121524D+01
        298.70935468      0.66212277D+01
        298.72936468      0.66301603D+01
        298.74937469      0.66389462D+01
        298.76938469      0.66475817D+01
        298.78939470      0.66560630D+01
        298.80940470      0.66643867D+01
        298.82941471      0.66725492D+01
        298.84942471      0.66805470D+01
        298.86943472      0.66883771D+01
        298.88944472      0.66960360D+01
        298.90945473      0.67035209D+01
        298.92946473      0.67108286D+01
        298.94947474      0.67179565D+01
        298.96948474      0.67249016D+01
        298.98949475      0.67316613D+01
        299.00950475      0.67382332D+01
        299.02951476      0.67446147D+01
        299.04952476      0.67508036D+01
        299.06953477      0.67567977D+01
        299.08954477      0.67625948D+01
        299.10955478      0.67681931D+01
        299.12956478      0.67735905D+01
        299.14957479      0.67787854D+01
        299.16958479      0.67837761D+01
        299.18959480      0.67885610D+01
        299.20960480      0.67931388D+01
        299.22961481      0.67975082D+01
        299.24962481      0.68016679D+01
        299.26963482      0.68056169D+01
        299.28964482      0.68093541D+01
        299.30965483      0.68128788D+01
        299.32966483      0.68161902D+01
        299.34967484      0.68192875D+01
        299.36968484      0.68221704D+01
        299.38969485      0.68248384D+01
        299.40970485      0.68272911D+01
        299.42971486      0.68295284D+01
        299.44972486      0.68315501D+01
        299.46973487      0.68333563D+01
        299.48974487      0.68349470D+01
        299.50975488      0.68363226D+01
        299.52976488      0.68374832D+01
        299.54977489      0.68384294D+01
        299.56978489      0.68391616D+01
        299.58979490      0.68396805D+01
        299.60980490      0.68399867D+01
        299.62981491      0.68400812D+01
        299.64982491      0.68399647D+01
        299.66983492      0.68396384D+01
        299.68984492      0.68391032D+01
        299.70985493      0.68383605D+01
        299.72986493      0.68374114D+01
        299.74987494      0.68362573D+01
        299.76988494      0.68348997D+01
        299.78989495      0.68333401D+01
        299.80990495      0.68315802D+01
        299.82991496      0.68296216D+01
        299.84992496      0.68274661D+01
        299.86993497      0.68251156D+01
        299.88994497      0.68225720D+01
        299.90995498      0.68198372D+01
        299.92996498      0.68169135D+01
        299.94997499      0.68138029D+01
        299.96998499      0.68105077D+01
        299.98999500      0.68070300D+01
        300.01000500      0.68033724D+01
        300.03001501      0.67995372D+01
        300.05002501      0.67955268D+01
        300.07003502      0.67913438D+01
        300.09004502      0.67869908D+01
        300.11005503      0.67824704D+01
        300.13006503      0.67777853D+01
        300.15007504      0.67729382D+01
        300.17008504      0.67679320D+01
        300.19009505      0.67627695D+01
        300.21010505      0.67574535D+01
        300.23011506      0.67519869D+01
        300.25012506      0.67463728D+01
        300.27013507      0.67406142D+01
        300.29014507      0.67347139D+01
        300.31015508      0.67286753D+01
        300.33016508      0.67225012D+01
        300.35017509      0.67161949D+01
        300.37018509      0.67097595D+01
        300.39019510      0.67031982D+01
        300.41020510      0.66965141D+01
        300.43021511      0.66897106D+01
        300.45022511      0.66827909D+01
        300.47023512      0.66757581D+01
        300.49024512      0.66686157D+01
        300.51025513      0.66613668D+01
        300.53026513      0.66540148D+01
        300.55027514      0.66465630D+01
        300.57028514      0.66390147D+01
        300.59029515      0.66313733D+01
        300.61030515      0.66236419D+01
        300.63031516      0.66158240D+01
        300.65032516      0.66079230D+01
        300.67033517      0.65999420D+01
        300.69034517      0.65918845D+01
        300.71035518      0.65837537D+01
        300.73036518      0.65755530D+01
        300.75037519      0.65672856D+01
        300.77038519      0.65589549D+01
        300.79039520      0.65505641D+01
        300.81040520      0.65421164D+01
        300.83041521      0.65336152D+01
        300.85042521      0.65250635D+01
        300.87043522      0.65164648D+01
        300.89044522      0.65078220D+01
        300.91045523      0.64991385D+01
        300.93046523      0.64904172D+01
        300.95047524      0.64816615D+01
        300.97048524      0.64728742D+01
        300.99049525      0.64640586D+01
        301.01050525      0.64552176D+01
        301.03051526      0.64463542D+01
        301.05052526      0.64374715D+01
        301.07053527      0.64285722D+01
        301.09054527      0.64196595D+01
        301.11055528      0.64107361D+01
        301.13056528      0.64018048D+01
        301.15057529      0.63928685D+01
        301.17058529      0.63839300D+01
        301.19059530      0.63749919D+01
        301.21060530      0.63660569D+01
        301.23061531      0.63571276D+01
        301.25062531      0.63482068D+01
        301.27063532      0.63392969D+01
        301.29064532      0.63304004D+01
        301.31065533      0.63215199D+01
        301.33066533      0.63126577D+01
        301.35067534      0.63038162D+01
        301.37068534      0.62949977D+01
        301.39069535      0.62862047D+01
        301.41070535      0.62774392D+01
        301.43071536      0.62687034D+01
        301.45072536      0.62599996D+01
        301.47073537      0.62513299D+01
        301.49074537      0.62426961D+01
        301.51075538      0.62341005D+01
        301.53076538      0.62255449D+01
        301.55077539      0.62170311D+01
        301.57078539      0.62085612D+01
        301.59079540      0.62001367D+01
        301.61080540      0.61917596D+01
        301.63081541      0.61834315D+01
        301.65082541      0.61751540D+01
        301.67083542      0.61669287D+01
        301.69084542      0.61587572D+01
        301.71085543      0.61506410D+01
        301.73086543      0.61425814D+01
        301.75087544      0.61345799D+01
        301.77088544      0.61266378D+01
        301.79089545      0.61187564D+01
        301.81090545      0.61109369D+01
        301.83091546      0.61031805D+01
        301.85092546      0.60954883D+01
        301.87093547      0.60878615D+01
        301.89094547      0.60803009D+01
        301.91095548      0.60728077D+01
        301.93096548      0.60653826D+01
        301.95097549      0.60580267D+01
        301.97098549      0.60507406D+01
        301.99099550      0.60435253D+01
        302.01100550      0.60363814D+01
        302.03101551      0.60293095D+01
        302.05102551      0.60223104D+01
        302.07103552      0.60153846D+01
        302.09104552      0.60085326D+01
        302.11105553      0.60017549D+01
        302.13106553      0.59950519D+01
        302.15107554      0.59884241D+01
        302.17108554      0.59818718D+01
        302.19109555      0.59753953D+01
        302.21110555      0.59689948D+01
        302.23111556      0.59626705D+01
        302.25112556      0.59564227D+01
        302.27113557      0.59502514D+01
        302.29114557      0.59441567D+01
        302.31115558      0.59381386D+01
        302.33116558      0.59321972D+01
        302.35117559      0.59263325D+01
        302.37118559      0.59205442D+01
        302.39119560      0.59148324D+01
        302.41120560      0.59091968D+01
        302.43121561      0.59036372D+01
        302.45122561      0.58981535D+01
        302.47123562      0.58927453D+01
        302.49124562      0.58874123D+01
        302.51125563      0.58821542D+01
        302.53126563      0.58769706D+01
        302.55127564      0.58718610D+01
        302.57128564      0.58668251D+01
        302.59129565      0.58618624D+01
        302.61130565      0.58569723D+01
        302.63131566      0.58521544D+01
        302.65132566      0.58474079D+01
        302.67133567      0.58427324D+01
        302.69134567      0.58381272D+01
        302.71135568      0.58335917D+01
        302.73136568      0.58291251D+01
        302.75137569      0.58247267D+01
        302.77138569      0.58203959D+01
        302.79139570      0.58161318D+01
        302.81140570      0.58119336D+01
        302.83141571      0.58078007D+01
        302.85142571      0.58037320D+01
        302.87143572      0.57997268D+01
        302.89144572      0.57957842D+01
        302.91145573      0.57919032D+01
        302.93146573      0.57880831D+01
        302.95147574      0.57843228D+01
        302.97148574      0.57806213D+01
        302.99149575      0.57769778D+01
        303.01150575      0.57733912D+01
        303.03151576      0.57698606D+01
        303.05152576      0.57663848D+01
        303.07153577      0.57629629D+01
        303.09154577      0.57595938D+01
        303.11155578      0.57562765D+01
        303.13156578      0.57530099D+01
        303.15157579      0.57497928D+01
        303.17158579      0.57466243D+01
        303.19159580      0.57435032D+01
        303.21160580      0.57404283D+01
        303.23161581      0.57373986D+01
        303.25162581      0.57344130D+01
        303.27163582      0.57314702D+01
        303.29164582      0.57285691D+01
        303.31165583      0.57257086D+01
        303.33166583      0.57228876D+01
        303.35167584      0.57201048D+01
        303.37168584      0.57173591D+01
        303.39169585      0.57146492D+01
        303.41170585      0.57119741D+01
        303.43171586      0.57093326D+01
        303.45172586      0.57067234D+01
        303.47173587      0.57041454D+01
        303.49174587      0.57015974D+01
        303.51175588      0.56990782D+01
        303.53176588      0.56965866D+01
        303.55177589      0.56941215D+01
        303.57178589      0.56916816D+01
        303.59179590      0.56892658D+01
        303.61180590      0.56868728D+01
        303.63181591      0.56845016D+01
        303.65182591      0.56821509D+01
        303.67183592      0.56798196D+01
        303.69184592      0.56775064D+01
        303.71185593      0.56752103D+01
        303.73186593      0.56729301D+01
        303.75187594      0.56706646D+01
        303.77188594      0.56684126D+01
        303.79189595      0.56661731D+01
        303.81190595      0.56639449D+01
        303.83191596      0.56617269D+01
        303.85192596      0.56595179D+01
        303.87193597      0.56573168D+01
        303.89194597      0.56551226D+01
        303.91195598      0.56529342D+01
        303.93196598      0.56507503D+01
        303.95197599      0.56485701D+01
        303.97198599      0.56463924D+01
        303.99199600      0.56442161D+01
        304.01200600      0.56420403D+01
        304.03201601      0.56398638D+01
        304.05202601      0.56376857D+01
        304.07203602      0.56355049D+01
        304.09204602      0.56333204D+01
        304.11205603      0.56311312D+01
        304.13206603      0.56289365D+01
        304.15207604      0.56267351D+01
        304.17208604      0.56245261D+01
        304.19209605      0.56223086D+01
        304.21210605      0.56200817D+01
        304.23211606      0.56178445D+01
        304.25212606      0.56155959D+01
        304.27213607      0.56133353D+01
        304.29214607      0.56110616D+01
        304.31215608      0.56087740D+01
        304.33216608      0.56064717D+01
        304.35217609      0.56041538D+01
        304.37218609      0.56018195D+01
        304.39219610      0.55994681D+01
        304.41220610      0.55970986D+01
        304.43221611      0.55947104D+01
        304.45222611      0.55923027D+01
        304.47223612      0.55898747D+01
        304.49224612      0.55874257D+01
        304.51225613      0.55849550D+01
        304.53226613      0.55824619D+01
        304.55227614      0.55799457D+01
        304.57228614      0.55774057D+01
        304.59229615      0.55748414D+01
        304.61230615      0.55722519D+01
        304.63231616      0.55696368D+01
        304.65232616      0.55669955D+01
        304.67233617      0.55643272D+01
        304.69234617      0.55616315D+01
        304.71235618      0.55589078D+01
        304.73236618      0.55561556D+01
        304.75237619      0.55533742D+01
        304.77238619      0.55505634D+01
        304.79239620      0.55477224D+01
        304.81240620      0.55448509D+01
        304.83241621      0.55419484D+01
        304.85242621      0.55390144D+01
        304.87243622      0.55360485D+01
        304.89244622      0.55330503D+01
        304.91245623      0.55300195D+01
        304.93246623      0.55269556D+01
        304.95247624      0.55238582D+01
        304.97248624      0.55207270D+01
        304.99249625      0.55175618D+01
        305.01250625      0.55143621D+01
        305.03251626      0.55111276D+01
        305.05252626      0.55078581D+01
        305.07253627      0.55045534D+01
        305.09254627      0.55012131D+01
        305.11255628      0.54978370D+01
        305.13256628      0.54944249D+01
        305.15257629      0.54909766D+01
        305.17258629      0.54874920D+01
        305.19259630      0.54839707D+01
        305.21260630      0.54804127D+01
        305.23261631      0.54768179D+01
        305.25262631      0.54731860D+01
        305.27263632      0.54695171D+01
        305.29264632      0.54658109D+01
        305.31265633      0.54620674D+01
        305.33266633      0.54582866D+01
        305.35267634      0.54544684D+01
        305.37268634      0.54506127D+01
        305.39269635      0.54467195D+01
        305.41270635      0.54427888D+01
        305.43271636      0.54388207D+01
        305.45272636      0.54348151D+01
        305.47273637      0.54307720D+01
        305.49274637      0.54266916D+01
        305.51275638      0.54225739D+01
        305.53276638      0.54184189D+01
        305.55277639      0.54142268D+01
        305.57278639      0.54099976D+01
        305.59279640      0.54057315D+01
        305.61280640      0.54014286D+01
        305.63281641      0.53970890D+01
        305.65282641      0.53927129D+01
        305.67283642      0.53883005D+01
        305.69284642      0.53838520D+01
        305.71285643      0.53793674D+01
        305.73286643      0.53748472D+01
        305.75287644      0.53702913D+01
        305.77288644      0.53657002D+01
        305.79289645      0.53610741D+01
        305.81290645      0.53564131D+01
        305.83291646      0.53517176D+01
        305.85292646      0.53469879D+01
        305.87293647      0.53422242D+01
        305.89294647      0.53374268D+01
        305.91295648      0.53325961D+01
        305.93296648      0.53277324D+01
        305.95297649      0.53228360D+01
        305.97298649      0.53179073D+01
        305.99299650      0.53129465D+01
        306.01300650      0.53079542D+01
        306.03301651      0.53029306D+01
        306.05302651      0.52978762D+01
        306.07303652      0.52927913D+01
        306.09304652      0.52876764D+01
        306.11305653      0.52825318D+01
        306.13306653      0.52773581D+01
        306.15307654      0.52721555D+01
        306.17308654      0.52669247D+01
        306.19309655      0.52616660D+01
        306.21310655      0.52563799D+01
        306.23311656      0.52510668D+01
        306.25312656      0.52457273D+01
        306.27313657      0.52403618D+01
        306.29314657      0.52349709D+01
        306.31315658      0.52295550D+01
        306.33316658      0.52241146D+01
        306.35317659      0.52186503D+01
        306.37318659      0.52131625D+01
        306.39319660      0.52076519D+01
        306.41320660      0.52021190D+01
        306.43321661      0.51965642D+01
        306.45322661      0.51909882D+01
        306.47323662      0.51853915D+01
        306.49324662      0.51797747D+01
        306.51325663      0.51741384D+01
        306.53326663      0.51684831D+01
        306.55327664      0.51628094D+01
        306.57328664      0.51571179D+01
        306.59329665      0.51514092D+01
        306.61330665      0.51456839D+01
        306.63331666      0.51399427D+01
        306.65332666      0.51341860D+01
        306.67333667      0.51284146D+01
        306.69334667      0.51226290D+01
        306.71335668      0.51168299D+01
        306.73336668      0.51110179D+01
        306.75337669      0.51051936D+01
        306.77338669      0.50993577D+01
        306.79339670      0.50935108D+01
        306.81340670      0.50876536D+01
        306.83341671      0.50817866D+01
        306.85342671      0.50759106D+01
        306.87343672      0.50700261D+01
        306.89344672      0.50641340D+01
        306.91345673      0.50582347D+01
        306.93346673      0.50523289D+01
        306.95347674      0.50464174D+01
        306.97348674      0.50405008D+01
        306.99349675      0.50345797D+01
        307.01350675      0.50286549D+01
        307.03351676      0.50227269D+01
        307.05352676      0.50167965D+01
        307.07353677      0.50108642D+01
        307.09354677      0.50049309D+01
        307.11355678      0.49989972D+01
        307.13356678      0.49930636D+01
        307.15357679      0.49871310D+01
        307.17358679      0.49812000D+01
        307.19359680      0.49752712D+01
        307.21360680      0.49693453D+01
        307.23361681      0.49634230D+01
        307.25362681      0.49575050D+01
        307.27363682      0.49515920D+01
        307.29364682      0.49456845D+01
        307.31365683      0.49397834D+01
        307.33366683      0.49338891D+01
        307.35367684      0.49280025D+01
        307.37368684      0.49221242D+01
        307.39369685      0.49162548D+01
        307.41370685      0.49103951D+01
        307.43371686      0.49045456D+01
        307.45372686      0.48987070D+01
        307.47373687      0.48928800D+01
        307.49374687      0.48870653D+01
        307.51375688      0.48812634D+01
        307.53376688      0.48754751D+01
        307.55377689      0.48697010D+01
        307.57378689      0.48639416D+01
        307.59379690      0.48581978D+01
        307.61380690      0.48524701D+01
        307.63381691      0.48467591D+01
        307.65382691      0.48410655D+01
        307.67383692      0.48353898D+01
        307.69384692      0.48297328D+01
        307.71385693      0.48240950D+01
        307.73386693      0.48184771D+01
        307.75387694      0.48128796D+01
        307.77388694      0.48073032D+01
        307.79389695      0.48017485D+01
        307.81390695      0.47962160D+01
        307.83391696      0.47907064D+01
        307.85392696      0.47852202D+01
        307.87393697      0.47797580D+01
        307.89394697      0.47743205D+01
        307.91395698      0.47689081D+01
        307.93396698      0.47635214D+01
        307.95397699      0.47581611D+01
        307.97398699      0.47528276D+01
        307.99399700      0.47475215D+01
        308.01400700      0.47422434D+01
        308.03401701      0.47369937D+01
        308.05402701      0.47317730D+01
        308.07403702      0.47265819D+01
        308.09404702      0.47214209D+01
        308.11405703      0.47162904D+01
        308.13406703      0.47111911D+01
        308.15407704      0.47061233D+01
        308.17408704      0.47010875D+01
        308.19409705      0.46960844D+01
        308.21410705      0.46911142D+01
        308.23411706      0.46861776D+01
        308.25412706      0.46812750D+01
        308.27413707      0.46764068D+01
        308.29414707      0.46715735D+01
        308.31415708      0.46667755D+01
        308.33416708      0.46620133D+01
        308.35417709      0.46572873D+01
        308.37418709      0.46525979D+01
        308.39419710      0.46479455D+01
        308.41420710      0.46433306D+01
        308.43421711      0.46387535D+01
        308.45422711      0.46342147D+01
        308.47423712      0.46297145D+01
        308.49424712      0.46252533D+01
        308.51425713      0.46208314D+01
        308.53426713      0.46164492D+01
        308.55427714      0.46121072D+01
        308.57428714      0.46078055D+01
        308.59429715      0.46035446D+01
        308.61430715      0.45993247D+01
        308.63431716      0.45951463D+01
        308.65432716      0.45910095D+01
        308.67433717      0.45869148D+01
        308.69434717      0.45828623D+01
        308.71435718      0.45788525D+01
        308.73436718      0.45748855D+01
        308.75437719      0.45709616D+01
        308.77438719      0.45670811D+01
        308.79439720      0.45632443D+01
        308.81440720      0.45594513D+01
        308.83441721      0.45557025D+01
        308.85442721      0.45519980D+01
        308.87443722      0.45483380D+01
        308.89444722      0.45447228D+01
        308.91445723      0.45411526D+01
        308.93446723      0.45376275D+01
        308.95447724      0.45341478D+01
        308.97448724      0.45307135D+01
        308.99449725      0.45273250D+01
        309.01450725      0.45239822D+01
        309.03451726      0.45206854D+01
        309.05452726      0.45174347D+01
        309.07453727      0.45142303D+01
        309.09454727      0.45110722D+01
        309.11455728      0.45079606D+01
        309.13456728      0.45048955D+01
        309.15457729      0.45018771D+01
        309.17458729      0.44989055D+01
        309.19459730      0.44959806D+01
        309.21460730      0.44931027D+01
        309.23461731      0.44902717D+01
        309.25462731      0.44874877D+01
        309.27463732      0.44847507D+01
        309.29464732      0.44820608D+01
        309.31465733      0.44794180D+01
        309.33466733      0.44768223D+01
        309.35467734      0.44742737D+01
        309.37468734      0.44717722D+01
        309.39469735      0.44693178D+01
        309.41470735      0.44669104D+01
        309.43471736      0.44645502D+01
        309.45472736      0.44622369D+01
        309.47473737      0.44599706D+01
        309.49474737      0.44577512D+01
        309.51475738      0.44555787D+01
        309.53476738      0.44534529D+01
        309.55477739      0.44513739D+01
        309.57478739      0.44493414D+01
        309.59479740      0.44473555D+01
        309.61480740      0.44454160D+01
        309.63481741      0.44435228D+01
        309.65482741      0.44416758D+01
        309.67483742      0.44398749D+01
        309.69484742      0.44381198D+01
        309.71485743      0.44364106D+01
        309.73486743      0.44347470D+01
        309.75487744      0.44331288D+01
        309.77488744      0.44315560D+01
        309.79489745      0.44300283D+01
        309.81490745      0.44285455D+01
        309.83491746      0.44271075D+01
        309.85492746      0.44257141D+01
        309.87493747      0.44243650D+01
        309.89494747      0.44230601D+01
        309.91495748      0.44217991D+01
        309.93496748      0.44205818D+01
        309.95497749      0.44194080D+01
        309.97498749      0.44182774D+01
        309.99499750      0.44171898D+01
        310.01500750      0.44161449D+01
        310.03501751      0.44151425D+01
        310.05502751      0.44141823D+01
        310.07503752      0.44132640D+01
        310.09504752      0.44123874D+01
        310.11505753      0.44115521D+01
        310.13506753      0.44107579D+01
        310.15507754      0.44100045D+01
        310.17508754      0.44092915D+01
        310.19509755      0.44086186D+01
        310.21510755      0.44079856D+01
        310.23511756      0.44073921D+01
        310.25512756      0.44068378D+01
        310.27513757      0.44063223D+01
        310.29514757      0.44058452D+01
        310.31515758      0.44054064D+01
        310.33516758      0.44050053D+01
        310.35517759      0.44046416D+01
        310.37518759      0.44043150D+01
        310.39519760      0.44040251D+01
        310.41520760      0.44037715D+01
        310.43521761      0.44035539D+01
        310.45522761      0.44033718D+01
        310.47523762      0.44032249D+01
        310.49524762      0.44031127D+01
        310.51525763      0.44030350D+01
        310.53526763      0.44029911D+01
        310.55527764      0.44029808D+01
        310.57528764      0.44030037D+01
        310.59529765      0.44030593D+01
        310.61530765      0.44031471D+01
        310.63531766      0.44032669D+01
        310.65532766      0.44034181D+01
        310.67533767      0.44036002D+01
        310.69534767      0.44038130D+01
        310.71535768      0.44040558D+01
        310.73536768      0.44043283D+01
        310.75537769      0.44046301D+01
        310.77538769      0.44049606D+01
        310.79539770      0.44053194D+01
        310.81540770      0.44057060D+01
        310.83541771      0.44061201D+01
        310.85542771      0.44065610D+01
        310.87543772      0.44070284D+01
        310.89544772      0.44075218D+01
        310.91545773      0.44080406D+01
        310.93546773      0.44085845D+01
        310.95547774      0.44091528D+01
        310.97548774      0.44097453D+01
        310.99549775      0.44103612D+01
        311.01550775      0.44110003D+01
        311.03551776      0.44116619D+01
        311.05552776      0.44123456D+01
        311.07553777      0.44130509D+01
        311.09554777      0.44137772D+01
        311.11555778      0.44145241D+01
        311.13556778      0.44152912D+01
        311.15557779      0.44160777D+01
        311.17558779      0.44168834D+01
        311.19559780      0.44177076D+01
        311.21560780      0.44185498D+01
        311.23561781      0.44194096D+01
        311.25562781      0.44202865D+01
        311.27563782      0.44211798D+01
        311.29564782      0.44220891D+01
        311.31565783      0.44230139D+01
        311.33566783      0.44239537D+01
        311.35567784      0.44249079D+01
        311.37568784      0.44258761D+01
        311.39569785      0.44268576D+01
        311.41570785      0.44278521D+01
        311.43571786      0.44288589D+01
        311.45572786      0.44298775D+01
        311.47573787      0.44309075D+01
        311.49574787      0.44319483D+01
        311.51575788      0.44329994D+01
        311.53576788      0.44340603D+01
        311.55577789      0.44351304D+01
        311.57578789      0.44362092D+01
        311.59579790      0.44372962D+01
        311.61580790      0.44383909D+01
        311.63581791      0.44394928D+01
        311.65582791      0.44406013D+01
        311.67583792      0.44417159D+01
        311.69584792      0.44428361D+01
        311.71585793      0.44439614D+01
        311.73586793      0.44450913D+01
        311.75587794      0.44462252D+01
        311.77588794      0.44473626D+01
        311.79589795      0.44485031D+01
        311.81590795      0.44496461D+01
        311.83591796      0.44507910D+01
        311.85592796      0.44519374D+01
        311.87593797      0.44530848D+01
        311.89594797      0.44542327D+01
        311.91595798      0.44553805D+01
        311.93596798      0.44565278D+01
        311.95597799      0.44576740D+01
        311.97598799      0.44588186D+01
        311.99599800      0.44599611D+01
        312.01600800      0.44611011D+01
        312.03601801      0.44622381D+01
        312.05602801      0.44633715D+01
        312.07603802      0.44645008D+01
        312.09604802      0.44656256D+01
        312.11605803      0.44667454D+01
        312.13606803      0.44678596D+01
        312.15607804      0.44689678D+01
        312.17608804      0.44700696D+01
        312.19609805      0.44711643D+01
        312.21610805      0.44722517D+01
        312.23611806      0.44733311D+01
        312.25612806      0.44744021D+01
        312.27613807      0.44754642D+01
        312.29614807      0.44765170D+01
        312.31615808      0.44775600D+01
        312.33616808      0.44785928D+01
        312.35617809      0.44796148D+01
        312.37618809      0.44806256D+01
        312.39619810      0.44816248D+01
        312.41620810      0.44826119D+01
        312.43621811      0.44835865D+01
        312.45622811      0.44845481D+01
        312.47623812      0.44854962D+01
        312.49624812      0.44864306D+01
        312.51625813      0.44873506D+01
        312.53626813      0.44882559D+01
        312.55627814      0.44891460D+01
        312.57628814      0.44900205D+01
        312.59629815      0.44908791D+01
        312.61630815      0.44917212D+01
        312.63631816      0.44925464D+01
        312.65632816      0.44933544D+01
        312.67633817      0.44941448D+01
        312.69634817      0.44949171D+01
        312.71635818      0.44956709D+01
        312.73636818      0.44964058D+01
        312.75637819      0.44971215D+01
        312.77638819      0.44978176D+01
        312.79639820      0.44984935D+01
        312.81640820      0.44991491D+01
        312.83641821      0.44997839D+01
        312.85642821      0.45003975D+01
        312.87643822      0.45009895D+01
        312.89644822      0.45015597D+01
        312.91645823      0.45021075D+01
        312.93646823      0.45026328D+01
        312.95647824      0.45031350D+01
        312.97648824      0.45036139D+01
        312.99649825      0.45040691D+01
        313.01650825      0.45045002D+01
        313.03651826      0.45049070D+01
        313.05652826      0.45052891D+01
        313.07653827      0.45056461D+01
        313.09654827      0.45059778D+01
        313.11655828      0.45062838D+01
        313.13656828      0.45065637D+01
        313.15657829      0.45068174D+01
        313.17658829      0.45070444D+01
        313.19659830      0.45072445D+01
        313.21660830      0.45074173D+01
        313.23661831      0.45075626D+01
        313.25662831      0.45076800D+01
        313.27663832      0.45077694D+01
        313.29664832      0.45078303D+01
        313.31665833      0.45078626D+01
        313.33666833      0.45078659D+01
        313.35667834      0.45078399D+01
        313.37668834      0.45077845D+01
        313.39669835      0.45076993D+01
        313.41670835      0.45075841D+01
        313.43671836      0.45074386D+01
        313.45672836      0.45072626D+01
        313.47673837      0.45070559D+01
        313.49674837      0.45068181D+01
        313.51675838      0.45065491D+01
        313.53676838      0.45062486D+01
        313.55677839      0.45059164D+01
        313.57678839      0.45055523D+01
        313.59679840      0.45051560D+01
        313.61680840      0.45047274D+01
        313.63681841      0.45042662D+01
        313.65682841      0.45037723D+01
        313.67683842      0.45032454D+01
        313.69684842      0.45026853D+01
        313.71685843      0.45020918D+01
        313.73686843      0.45014649D+01
        313.75687844      0.45008041D+01
        313.77688844      0.45001095D+01
        313.79689845      0.44993808D+01
        313.81690845      0.44986178D+01
        313.83691846      0.44978205D+01
        313.85692846      0.44969885D+01
        313.87693847      0.44961218D+01
        313.89694847      0.44952203D+01
        313.91695848      0.44942837D+01
        313.93696848      0.44933119D+01
        313.95697849      0.44923048D+01
        313.97698849      0.44912623D+01
        313.99699850      0.44901842D+01
        314.01700850      0.44890704D+01
        314.03701851      0.44879207D+01
        314.05702851      0.44867351D+01
        314.07703852      0.44855135D+01
        314.09704852      0.44842557D+01
        314.11705853      0.44829616D+01
        314.13706853      0.44816312D+01
        314.15707854      0.44802643D+01
        314.17708854      0.44788608D+01
        314.19709855      0.44774207D+01
        314.21710855      0.44759439D+01
        314.23711856      0.44744303D+01
        314.25712856      0.44728798D+01
        314.27713857      0.44712923D+01
        314.29714857      0.44696678D+01
        314.31715858      0.44680063D+01
        314.33716858      0.44663076D+01
        314.35717859      0.44645717D+01
        314.37718859      0.44627986D+01
        314.39719860      0.44609882D+01
        314.41720860      0.44591405D+01
        314.43721861      0.44572554D+01
        314.45722861      0.44553329D+01
        314.47723862      0.44533730D+01
        314.49724862      0.44513756D+01
        314.51725863      0.44493408D+01
        314.53726863      0.44472685D+01
        314.55727864      0.44451586D+01
        314.57728864      0.44430113D+01
        314.59729865      0.44408264D+01
        314.61730865      0.44386039D+01
        314.63731866      0.44363440D+01
        314.65732866      0.44340465D+01
        314.67733867      0.44317116D+01
        314.69734867      0.44293391D+01
        314.71735868      0.44269291D+01
        314.73736868      0.44244817D+01
        314.75737869      0.44219969D+01
        314.77738869      0.44194746D+01
        314.79739870      0.44169149D+01
        314.81740870      0.44143179D+01
        314.83741871      0.44116836D+01
        314.85742871      0.44090120D+01
        314.87743872      0.44063032D+01
        314.89744872      0.44035572D+01
        314.91745873      0.44007741D+01
        314.93746873      0.43979539D+01
        314.95747874      0.43950968D+01
        314.97748874      0.43922026D+01
        314.99749875      0.43892716D+01
        315.01750875      0.43863038D+01
        315.03751876      0.43832992D+01
        315.05752876      0.43802580D+01
        315.07753877      0.43771802D+01
        315.09754877      0.43740658D+01
        315.11755878      0.43709151D+01
        315.13756878      0.43677280D+01
        315.15757879      0.43645047D+01
        315.17758879      0.43612452D+01
        315.19759880      0.43579497D+01
        315.21760880      0.43546183D+01
        315.23761881      0.43512510D+01
        315.25762881      0.43478479D+01
        315.27763882      0.43444092D+01
        315.29764882      0.43409350D+01
        315.31765883      0.43374255D+01
        315.33766883      0.43338806D+01
        315.35767884      0.43303005D+01
        315.37768884      0.43266854D+01
        315.39769885      0.43230355D+01
        315.41770885      0.43193507D+01
        315.43771886      0.43156312D+01
        315.45772886      0.43118773D+01
        315.47773887      0.43080890D+01
        315.49774887      0.43042664D+01
        315.51775888      0.43004097D+01
        315.53776888      0.42965191D+01
        315.55777889      0.42925947D+01
        315.57778889      0.42886366D+01
        315.59779890      0.42846451D+01
        315.61780890      0.42806202D+01
        315.63781891      0.42765620D+01
        315.65782891      0.42724709D+01
        315.67783892      0.42683469D+01
        315.69784892      0.42641902D+01
        315.71785893      0.42600010D+01
        315.73786893      0.42557794D+01
        315.75787894      0.42515256D+01
        315.77788894      0.42472398D+01
        315.79789895      0.42429221D+01
        315.81790895      0.42385728D+01
        315.83791896      0.42341920D+01
        315.85792896      0.42297799D+01
        315.87793897      0.42253366D+01
        315.89794897      0.42208625D+01
        315.91795898      0.42163576D+01
        315.93796898      0.42118221D+01
        315.95797899      0.42072563D+01
        315.97798899      0.42026603D+01
        315.99799900      0.41980344D+01
        316.01800900      0.41933787D+01
        316.03801901      0.41886934D+01
        316.05802901      0.41839787D+01
        316.07803902      0.41792349D+01
        316.09804902      0.41744621D+01
        316.11805903      0.41696606D+01
        316.13806903      0.41648305D+01
        316.15807904      0.41599721D+01
        316.17808904      0.41550856D+01
        316.19809905      0.41501711D+01
        316.21810905      0.41452290D+01
        316.23811906      0.41402594D+01
        316.25812906      0.41352625D+01
        316.27813907      0.41302386D+01
        316.29814907      0.41251879D+01
        316.31815908      0.41201106D+01
        316.33816908      0.41150070D+01
        316.35817909      0.41098772D+01
        316.37818909      0.41047214D+01
        316.39819910      0.40995400D+01
        316.41820910      0.40943332D+01
        316.43821911      0.40891011D+01
        316.45822911      0.40838440D+01
        316.47823912      0.40785622D+01
        316.49824912      0.40732558D+01
        316.51825913      0.40679252D+01
        316.53826913      0.40625705D+01
        316.55827914      0.40571920D+01
        316.57828914      0.40517899D+01
        316.59829915      0.40463645D+01
        316.61830915      0.40409160D+01
        316.63831916      0.40354447D+01
        316.65832916      0.40299508D+01
        316.67833917      0.40244345D+01
        316.69834917      0.40188961D+01
        316.71835918      0.40133358D+01
        316.73836918      0.40077539D+01
        316.75837919      0.40021507D+01
        316.77838919      0.39965263D+01
        316.79839920      0.39908811D+01
        316.81840920      0.39852152D+01
        316.83841921      0.39795290D+01
        316.85842921      0.39738227D+01
        316.87843922      0.39680965D+01
        316.89844922      0.39623507D+01
        316.91845923      0.39565856D+01
        316.93846923      0.39508013D+01
        316.95847924      0.39449983D+01
        316.97848924      0.39391766D+01
        316.99849925      0.39333366D+01
        317.01850925      0.39274786D+01
        317.03851926      0.39216028D+01
        317.05852926      0.39157094D+01
        317.07853927      0.39097987D+01
        317.09854927      0.39038710D+01
        317.11855928      0.38979265D+01
        317.13856928      0.38919655D+01
        317.15857929      0.38859883D+01
        317.17858929      0.38799951D+01
        317.19859930      0.38739861D+01
        317.21860930      0.38679618D+01
        317.23861931      0.38619222D+01
        317.25862931      0.38558677D+01
        317.27863932      0.38497985D+01
        317.29864932      0.38437150D+01
        317.31865933      0.38376173D+01
        317.33866933      0.38315057D+01
        317.35867934      0.38253805D+01
        317.37868934      0.38192420D+01
        317.39869935      0.38130904D+01
        317.41870935      0.38069260D+01
        317.43871936      0.38007490D+01
        317.45872936      0.37945598D+01
        317.47873937      0.37883586D+01
        317.49874937      0.37821456D+01
        317.51875938      0.37759211D+01
        317.53876938      0.37696855D+01
        317.55877939      0.37634388D+01
        317.57878939      0.37571816D+01
        317.59879940      0.37509138D+01
        317.61880940      0.37446360D+01
        317.63881941      0.37383483D+01
        317.65882941      0.37320509D+01
        317.67883942      0.37257442D+01
        317.69884942      0.37194285D+01
        317.71885943      0.37131039D+01
        317.73886943      0.37067708D+01
        317.75887944      0.37004294D+01
        317.77888944      0.36940800D+01
        317.79889945      0.36877228D+01
        317.81890945      0.36813582D+01
        317.83891946      0.36749863D+01
        317.85892946      0.36686075D+01
        317.87893947      0.36622220D+01
        317.89894947      0.36558301D+01
        317.91895948      0.36494320D+01
        317.93896948      0.36430281D+01
        317.95897949      0.36366185D+01
        317.97898949      0.36302036D+01
        317.99899950      0.36237835D+01
        318.01900950      0.36173587D+01
        318.03901951      0.36109293D+01
        318.05902951      0.36044955D+01
        318.07903952      0.35980577D+01
        318.09904952      0.35916162D+01
        318.11905953      0.35851711D+01
        318.13906953      0.35787228D+01
        318.15907954      0.35722714D+01
        318.17908954      0.35658174D+01
        318.19909955      0.35593609D+01
        318.21910955      0.35529021D+01
        318.23911956      0.35464414D+01
        318.25912956      0.35399790D+01
        318.27913957      0.35335152D+01
        318.29914957      0.35270502D+01
        318.31915958      0.35205843D+01
        318.33916958      0.35141177D+01
        318.35917959      0.35076507D+01
        318.37918959      0.35011835D+01
        318.39919960      0.34947165D+01
        318.41920960      0.34882498D+01
        318.43921961      0.34817838D+01
        318.45922961      0.34753186D+01
        318.47923962      0.34688546D+01
        318.49924962      0.34623919D+01
        318.51925963      0.34559309D+01
        318.53926963      0.34494717D+01
        318.55927964      0.34430147D+01
        318.57928964      0.34365601D+01
        318.59929965      0.34301081D+01
        318.61930965      0.34236590D+01
        318.63931966      0.34172130D+01
        318.65932966      0.34107704D+01
        318.67933967      0.34043315D+01
        318.69934967      0.33978964D+01
        318.71935968      0.33914654D+01
        318.73936968      0.33850388D+01
        318.75937969      0.33786169D+01
        318.77938969      0.33721998D+01
        318.79939970      0.33657878D+01
        318.81940970      0.33593811D+01
        318.83941971      0.33529800D+01
        318.85942971      0.33465848D+01
        318.87943972      0.33401956D+01
        318.89944972      0.33338127D+01
        318.91945973      0.33274364D+01
        318.93946973      0.33210669D+01
        318.95947974      0.33147044D+01
        318.97948974      0.33083492D+01
        318.99949975      0.33020014D+01
        319.01950975      0.32956614D+01
        319.03951976      0.32893294D+01
        319.05952976      0.32830055D+01
        319.07953977      0.32766901D+01
        319.09954977      0.32703834D+01
        319.11955978      0.32640855D+01
        319.13956978      0.32577968D+01
        319.15957979      0.32515175D+01
        319.17958979      0.32452477D+01
        319.19959980      0.32389877D+01
        319.21960980      0.32327378D+01
        319.23961981      0.32264982D+01
        319.25962981      0.32202690D+01
        319.27963982      0.32140506D+01
        319.29964982      0.32078431D+01
        319.31965983      0.32016468D+01
        319.33966983      0.31954618D+01
        319.35967984      0.31892885D+01
        319.37968984      0.31831270D+01
        319.39969985      0.31769775D+01
        319.41970985      0.31708403D+01
        319.43971986      0.31647156D+01
        319.45972986      0.31586035D+01
        319.47973987      0.31525044D+01
        319.49974987      0.31464184D+01
        319.51975988      0.31403458D+01
        319.53976988      0.31342867D+01
        319.55977989      0.31282414D+01
        319.57978989      0.31222100D+01
        319.59979990      0.31161929D+01
        319.61980990      0.31101901D+01
        319.63981991      0.31042020D+01
        319.65982991      0.30982286D+01
        319.67983992      0.30922703D+01
        319.69984992      0.30863272D+01
        319.71985993      0.30803995D+01
        319.73986993      0.30744874D+01
        319.75987994      0.30685912D+01
        319.77988994      0.30627110D+01
        319.79989995      0.30568470D+01
        319.81990995      0.30509995D+01
        319.83991996      0.30451686D+01
        319.85992996      0.30393546D+01
        319.87993997      0.30335575D+01
        319.89994997      0.30277777D+01
        319.91995998      0.30220153D+01
        319.93996998      0.30162705D+01
        319.95997999      0.30105435D+01
        319.97998999      0.30048345D+01
        320.00000000      0.29991436D+01
      -----------------------------------

 END OF SPECTRA OUTPUT
