        280.00000000      0.00000000D+00
        280.02001001      0.00000000D+00
        280.04002001      0.00000000D+00
        280.06003002      0.00000000D+00
        280.08004002      0.00000000D+00
        280.10005003      0.00000000D+00
        280.12006003      0.00000000D+00
        280.14007004      0.00000000D+00
        280.16008004      0.00000000D+00
        280.18009005      0.00000000D+00
        280.20010005      0.00000000D+00
        280.22011006      0.00000000D+00
        280.24012006      0.00000000D+00
        280.26013007      0.00000000D+00
        280.28014007      0.00000000D+00
        280.30015008      0.00000000D+00
        280.32016008      0.00000000D+00
        280.34017009      0.00000000D+00
        280.36018009      0.00000000D+00
        280.38019010      0.00000000D+00
        280.40020010      0.00000000D+00
        280.42021011      0.00000000D+00
        280.44022011      0.00000000D+00
        280.46023012      0.00000000D+00
        280.48024012      0.00000000D+00
        280.50025013      0.00000000D+00
        280.52026013      0.00000000D+00
        280.54027014      0.00000000D+00
        280.56028014      0.00000000D+00
        280.58029015      0.00000000D+00
        280.60030015      0.00000000D+00
        280.62031016      0.00000000D+00
        280.64032016      0.00000000D+00
        280.66033017      0.00000000D+00
        280.68034017      0.00000000D+00
        280.70035018      0.00000000D+00
        280.72036018      0.00000000D+00
        280.74037019      0.00000000D+00
        280.76038019      0.00000000D+00
        280.78039020      0.00000000D+00
        280.80040020      0.00000000D+00
        280.82041021      0.00000000D+00
        280.84042021      0.00000000D+00
        280.86043022      0.00000000D+00
        280.88044022      0.00000000D+00
        280.90045023      0.00000000D+00
        280.92046023      0.00000000D+00
        280.94047024      0.00000000D+00
        280.96048024      0.00000000D+00
        280.98049025      0.00000000D+00
        281.00050025      0.00000000D+00
        281.02051026      0.00000000D+00
        281.04052026      0.00000000D+00
        281.06053027      0.00000000D+00
        281.08054027      0.00000000D+00
        281.10055028      0.00000000D+00
        281.12056028      0.00000000D+00
        281.14057029      0.00000000D+00
        281.16058029      0.00000000D+00
        281.18059030      0.00000000D+00
        281.20060030      0.00000000D+00
        281.22061031      0.00000000D+00
        281.24062031      0.00000000D+00
        281.26063032      0.00000000D+00
        281.28064032      0.00000000D+00
        281.30065033      0.00000000D+00
        281.32066033      0.00000000D+00
        281.34067034      0.00000000D+00
        281.36068034      0.00000000D+00
        281.38069035      0.00000000D+00
        281.40070035      0.00000000D+00
        281.42071036      0.00000000D+00
        281.44072036      0.00000000D+00
        281.46073037      0.00000000D+00
        281.48074037      0.00000000D+00
        281.50075038      0.00000000D+00
        281.52076038      0.00000000D+00
        281.54077039      0.00000000D+00
        281.56078039      0.00000000D+00
        281.58079040      0.00000000D+00
        281.60080040      0.00000000D+00
        281.62081041      0.00000000D+00
        281.64082041      0.00000000D+00
        281.66083042      0.00000000D+00
        281.68084042      0.00000000D+00
        281.70085043      0.00000000D+00
        281.72086043      0.00000000D+00
        281.74087044      0.00000000D+00
        281.76088044      0.00000000D+00
        281.78089045      0.00000000D+00
        281.80090045      0.00000000D+00
        281.82091046      0.00000000D+00
        281.84092046      0.00000000D+00
        281.86093047      0.00000000D+00
        281.88094047      0.00000000D+00
        281.90095048      0.00000000D+00
        281.92096048      0.00000000D+00
        281.94097049      0.00000000D+00
        281.96098049      0.00000000D+00
        281.98099050      0.00000000D+00
        282.00100050      0.00000000D+00
        282.02101051      0.00000000D+00
        282.04102051      0.00000000D+00
        282.06103052      0.00000000D+00
        282.08104052      0.00000000D+00
        282.10105053      0.00000000D+00
        282.12106053      0.00000000D+00
        282.14107054      0.00000000D+00
        282.16108054      0.00000000D+00
        282.18109055      0.00000000D+00
        282.20110055      0.00000000D+00
        282.22111056      0.00000000D+00
        282.24112056      0.00000000D+00
        282.26113057      0.00000000D+00
        282.28114057      0.00000000D+00
        282.30115058      0.00000000D+00
        282.32116058      0.00000000D+00
        282.34117059      0.00000000D+00
        282.36118059      0.00000000D+00
        282.38119060      0.00000000D+00
        282.40120060      0.00000000D+00
        282.42121061      0.00000000D+00
        282.44122061      0.00000000D+00
        282.46123062      0.00000000D+00
        282.48124062      0.00000000D+00
        282.50125063      0.00000000D+00
        282.52126063      0.00000000D+00
        282.54127064      0.00000000D+00
        282.56128064      0.00000000D+00
        282.58129065      0.00000000D+00
        282.60130065      0.00000000D+00
        282.62131066      0.00000000D+00
        282.64132066      0.00000000D+00
        282.66133067      0.00000000D+00
        282.68134067      0.00000000D+00
        282.70135068      0.00000000D+00
        282.72136068      0.00000000D+00
        282.74137069      0.00000000D+00
        282.76138069      0.00000000D+00
        282.78139070      0.00000000D+00
        282.80140070      0.00000000D+00
        282.82141071      0.00000000D+00
        282.84142071      0.00000000D+00
        282.86143072      0.00000000D+00
        282.88144072      0.00000000D+00
        282.90145073      0.00000000D+00
        282.92146073      0.00000000D+00
        282.94147074      0.00000000D+00
        282.96148074      0.00000000D+00
        282.98149075      0.00000000D+00
        283.00150075      0.00000000D+00
        283.02151076      0.00000000D+00
        283.04152076      0.00000000D+00
        283.06153077      0.00000000D+00
        283.08154077      0.00000000D+00
        283.10155078      0.00000000D+00
        283.12156078      0.00000000D+00
        283.14157079      0.00000000D+00
        283.16158079      0.00000000D+00
        283.18159080      0.00000000D+00
        283.20160080      0.00000000D+00
        283.22161081      0.00000000D+00
        283.24162081      0.00000000D+00
        283.26163082      0.00000000D+00
        283.28164082      0.00000000D+00
        283.30165083      0.00000000D+00
        283.32166083      0.00000000D+00
        283.34167084      0.00000000D+00
        283.36168084      0.00000000D+00
        283.38169085      0.00000000D+00
        283.40170085      0.00000000D+00
        283.42171086      0.00000000D+00
        283.44172086      0.00000000D+00
        283.46173087      0.00000000D+00
        283.48174087      0.00000000D+00
        283.50175088      0.00000000D+00
        283.52176088      0.00000000D+00
        283.54177089      0.00000000D+00
        283.56178089      0.00000000D+00
        283.58179090      0.00000000D+00
        283.60180090      0.00000000D+00
        283.62181091      0.00000000D+00
        283.64182091      0.00000000D+00
        283.66183092      0.00000000D+00
        283.68184092      0.00000000D+00
        283.70185093      0.00000000D+00
        283.72186093      0.00000000D+00
        283.74187094      0.00000000D+00
        283.76188094      0.00000000D+00
        283.78189095      0.00000000D+00
        283.80190095      0.00000000D+00
        283.82191096      0.00000000D+00
        283.84192096      0.00000000D+00
        283.86193097      0.00000000D+00
        283.88194097      0.50508518D-10
        283.90195098      0.97189530D-10
        283.92196098      0.18536055D-09
        283.94197099      0.35039514D-09
        283.96198099      0.65651071D-09
        283.98199100      0.12196146D-08
        284.00200100      0.22778878D-08
        284.02201101      0.41587653D-08
        284.04202101      0.75291118D-08
        284.06203102      0.13504041D-07
        284.08204102      0.24010351D-07
        284.10205103      0.42314603D-07
        284.12206103      0.73920364D-07
        284.14207104      0.12800086D-06
        284.16208104      0.21970216D-06
        284.18209105      0.37379328D-06
        284.20210105      0.63038289D-06
        284.22211106      0.10537909D-05
        284.24212106      0.17461599D-05
        284.26213107      0.28680417D-05
        284.28214107      0.46694737D-05
        284.30215108      0.75358605D-05
        284.32216108      0.12055409D-04
        284.34217109      0.19116888D-04
        284.36218109      0.30049738D-04
        284.38219110      0.46822513D-04
        284.40220110      0.72320540D-04
        284.42221111      0.11072968D-03
        284.44222111      0.16806007D-03
        284.46223112      0.25285175D-03
        284.48224112      0.37711275D-03
        284.50225113      0.55754938D-03
        284.52226113      0.81715705D-03
        284.54227114      0.11872471D-02
        284.56228114      0.17099899D-02
        284.58229115      0.24415548D-02
        284.60230115      0.34559195D-02
        284.62231116      0.48494099D-02
        284.64232116      0.67460006D-02
        284.66233117      0.93033701D-02
        284.68234117      0.12719646D-01
        284.70235118      0.17240706D-01
        284.72236118      0.23167818D-01
        284.74237119      0.30865270D-01
        284.76238119      0.40767582D-01
        284.78239120      0.53385695D-01
        284.80240120      0.69311495D-01
        284.82241121      0.89219862D-01
        284.84242121      0.11386740D+00
        284.86243122      0.14408693D+00
        284.88244122      0.18077697D+00
        284.90245123      0.22488528D+00
        284.92246123      0.27738603D+00
        284.94247124      0.33925024D+00
        284.96248124      0.41140944D+00
        284.98249125      0.49471320D+00
        285.00250125      0.58988137D+00
        285.02251126      0.69745264D+00
        285.04252126      0.81773144D+00
        285.06253127      0.95073583D+00
        285.08254127      0.10961492D+01
        285.10255128      0.12532794D+01
        285.12256128      0.14210280D+01
        285.14257129      0.15978737D+01
        285.16258129      0.17818723D+01
        285.18259130      0.19706760D+01
        285.20260130      0.21615726D+01
        285.22261131      0.23515470D+01
        285.24262131      0.25373622D+01
        285.26263132      0.27156608D+01
        285.28264132      0.28830819D+01
        285.30265133      0.30363914D+01
        285.32266133      0.31726203D+01
        285.34267134      0.32892068D+01
        285.36268134      0.33841359D+01
        285.38269135      0.34560728D+01
        285.40270135      0.35044834D+01
        285.42271136      0.35297398D+01
        285.44272136      0.35332047D+01
        285.46273137      0.35172950D+01
        285.48274137      0.34855192D+01
        285.50275138      0.34424903D+01
        285.52276138      0.33939109D+01
        285.54277139      0.33465311D+01
        285.56278139      0.33080777D+01
        285.58279140      0.32871526D+01
        285.60280140      0.32931010D+01
        285.62281141      0.33358447D+01
        285.64282141      0.34256795D+01
        285.66283142      0.35730346D+01
        285.68284142      0.37881923D+01
        285.70285143      0.40809683D+01
        285.72286143      0.44603543D+01
        285.74287144      0.49341289D+01
        285.76288144      0.55084457D+01
        285.78289145      0.61874111D+01
        285.80290145      0.69726701D+01
        285.82291146      0.78630201D+01
        285.84292146      0.88540784D+01
        285.86293147      0.99380287D+01
        285.88294147      0.11103473D+02
        285.90295148      0.12335412D+02
        285.92296148      0.13615381D+02
        285.94297149      0.14921739D+02
        285.96298149      0.16230138D+02
        285.98299150      0.17514146D+02
        286.00300150      0.18746024D+02
        286.02301151      0.19897619D+02
        286.04302151      0.20941342D+02
        286.06303152      0.21851183D+02
        286.08304152      0.22603710D+02
        286.10305153      0.23179003D+02
        286.12306153      0.23561466D+02
        286.14307154      0.23740475D+02
        286.16308154      0.23710811D+02
        286.18309155      0.23472875D+02
        286.20310155      0.23032647D+02
        286.22311156      0.22401408D+02
        286.24312156      0.21595231D+02
        286.26313157      0.20634287D+02
        286.28314157      0.19541985D+02
        286.30315158      0.18344017D+02
        286.32316158      0.17067348D+02
        286.34317159      0.15739215D+02
        286.36318159      0.14386173D+02
        286.38319160      0.13033248D+02
        286.40320160      0.11703220D+02
        286.42321161      0.10416069D+02
        286.44322161      0.91885867D+01
        286.46323162      0.80341692D+01
        286.48324162      0.69627697D+01
        286.50325163      0.59810011D+01
        286.52326163      0.50923628D+01
        286.54327164      0.42975638D+01
        286.56328164      0.35949136D+01
        286.58329165      0.29807509D+01
        286.60330165      0.24498838D+01
        286.62331166      0.19960188D+01
        286.64332166      0.16121588D+01
        286.66333167      0.12909578D+01
        286.68334167      0.10250222D+01
        286.70335168      0.80715568D+00
        286.72336168      0.63054682D+00
        286.74337169      0.48890197D+00
        286.76338169      0.37652974D+00
        286.78339170      0.28838305D+00
        286.80340170      0.22006667D+00
        286.82341171      0.16781775D+00
        286.84342171      0.12846672D+00
        286.86343172      0.99385097D-01
        286.88344172      0.78425736D-01
        286.90345173      0.63860137D-01
        286.92346173      0.54316258D-01
        286.94347174      0.48719383D-01
        286.96348174      0.46237742D-01
        286.98349175      0.46233831D-01
        287.00350175      0.48221888D-01
        287.02351176      0.51831528D-01
        287.04352176      0.56777294D-01
        287.06353177      0.62833698D-01
        287.08354177      0.69815240D-01
        287.10355178      0.77560887D-01
        287.12356178      0.85922476D-01
        287.14357179      0.94756577D-01
        287.16358179      0.10391937D+00
        287.18359180      0.11326417D+00
        287.20360180      0.12264122D+00
        287.22361181      0.13189943D+00
        287.24362181      0.14088984D+00
        287.26363182      0.14947037D+00
        287.28364182      0.15751165D+00
        287.30365183      0.16490366D+00
        287.32366183      0.17156268D+00
        287.34367184      0.17743853D+00
        287.36368184      0.18252146D+00
        287.38369185      0.18684859D+00
        287.40370185      0.19050947D+00
        287.42371186      0.19365050D+00
        287.44372186      0.19647796D+00
        287.46373187      0.19925929D+00
        287.48374187      0.20232258D+00
        287.50375188      0.20605393D+00
        287.52376188      0.21089259D+00
        287.54377189      0.21732394D+00
        287.56378189      0.22587002D+00
        287.58379190      0.23707796D+00
        287.60380190      0.25150621D+00
        287.62381191      0.26970881D+00
        287.64382191      0.29221814D+00
        287.66383192      0.31952631D+00
        287.68384192      0.35206590D+00
        287.70385193      0.39019054D+00
        287.72386193      0.43415606D+00
        287.74387194      0.48410294D+00
        287.76388194      0.54004103D+00
        287.78389195      0.60183726D+00
        287.80390195      0.66920719D+00
        287.82391196      0.74171132D+00
        287.84392196      0.81875658D+00
        287.86393197      0.89960358D+00
        287.88394197      0.98337980D+00
        287.90395198      0.10690986D+01
        287.92396198      0.11556840D+01
        287.94397199      0.12419997D+01
        287.96398199      0.13268823D+01
        287.98399200      0.14091772D+01
        288.00400200      0.14877753D+01
        288.02401201      0.15616489D+01
        288.04402201      0.16298858D+01
        288.06403202      0.16917196D+01
        288.08404202      0.17465543D+01
        288.10405203      0.17939829D+01
        288.12406203      0.18337985D+01
        288.14407204      0.18659977D+01
        288.16408204      0.18907757D+01
        288.18409205      0.19085149D+01
        288.20410205      0.19197655D+01
        288.22411206      0.19252215D+01
        288.24412206      0.19256918D+01
        288.26413207      0.19220684D+01
        288.28414207      0.19152936D+01
        288.30415208      0.19063276D+01
        288.32416208      0.18961171D+01
        288.34417209      0.18855676D+01
        288.36418209      0.18755191D+01
        288.38419210      0.18667265D+01
        288.40420210      0.18598451D+01
        288.42421211      0.18554205D+01
        288.44422211      0.18538843D+01
        288.46423212      0.18555530D+01
        288.48424212      0.18606324D+01
        288.50425213      0.18692232D+01
        288.52426213      0.18813308D+01
        288.54427214      0.18968759D+01
        288.56428214      0.19157060D+01
        288.58429215      0.19376080D+01
        288.60430215      0.19623201D+01
        288.62431216      0.19895432D+01
        288.64432216      0.20189517D+01
        288.66433217      0.20502028D+01
        288.68434217      0.20829456D+01
        288.70435218      0.21168275D+01
        288.72436218      0.21515011D+01
        288.74437219      0.21866286D+01
        288.76438219      0.22218864D+01
        288.78439220      0.22569679D+01
        288.80440220      0.22915859D+01
        288.82441221      0.23254748D+01
        288.84442221      0.23583912D+01
        288.86443222      0.23901153D+01
        288.88444222      0.24204504D+01
        288.90445223      0.24492238D+01
        288.92446223      0.24762858D+01
        288.94447224      0.25015093D+01
        288.96448224      0.25247893D+01
        288.98449225      0.25460419D+01
        289.00450225      0.25652032D+01
        289.02451226      0.25822280D+01
        289.04452226      0.25970893D+01
        289.06453227      0.26097767D+01
        289.08454227      0.26202954D+01
        289.10455228      0.26286651D+01
        289.12456228      0.26349193D+01
        289.14457229      0.26391040D+01
        289.16458229      0.26412775D+01
        289.18459230      0.26415091D+01
        289.20460230      0.26398787D+01
        289.22461231      0.26364766D+01
        289.24462231      0.26314022D+01
        289.26463232      0.26247647D+01
        289.28464232      0.26166813D+01
        289.30465233      0.26072779D+01
        289.32466233      0.25966880D+01
        289.34467234      0.25850518D+01
        289.36468234      0.25725166D+01
        289.38469235      0.25592348D+01
        289.40470235      0.25453639D+01
        289.42471236      0.25310653D+01
        289.44472236      0.25165031D+01
        289.46473237      0.25018433D+01
        289.48474237      0.24872521D+01
        289.50475238      0.24728951D+01
        289.52476238      0.24589359D+01
        289.54477239      0.24455345D+01
        289.56478239      0.24328462D+01
        289.58479240      0.24210205D+01
        289.60480240      0.24101994D+01
        289.62481241      0.24005168D+01
        289.64482241      0.23920973D+01
        289.66483242      0.23850550D+01
        289.68484242      0.23794931D+01
        289.70485243      0.23755031D+01
        289.72486243      0.23731645D+01
        289.74487244      0.23725441D+01
        289.76488244      0.23736964D+01
        289.78489245      0.23766631D+01
        289.80490245      0.23814736D+01
        289.82491246      0.23881449D+01
        289.84492246      0.23966827D+01
        289.86493247      0.24070811D+01
        289.88494247      0.24193238D+01
        289.90495248      0.24333847D+01
        289.92496248      0.24492285D+01
        289.94497249      0.24668117D+01
        289.96498249      0.24860835D+01
        289.98499250      0.25069865D+01
        290.00500250      0.25294578D+01
        290.02501251      0.25534298D+01
        290.04502251      0.25788311D+01
        290.06503252      0.26055872D+01
        290.08504252      0.26336214D+01
        290.10505253      0.26628555D+01
        290.12506253      0.26932107D+01
        290.14507254      0.27246080D+01
        290.16508254      0.27569687D+01
        290.18509255      0.27902154D+01
        290.20510255      0.28242719D+01
        290.22511256      0.28590639D+01
        290.24512256      0.28945193D+01
        290.26513257      0.29305685D+01
        290.28514257      0.29671446D+01
        290.30515258      0.30041835D+01
        290.32516258      0.30416243D+01
        290.34517259      0.30794092D+01
        290.36518259      0.31174834D+01
        290.38519260      0.31557957D+01
        290.40520260      0.31942977D+01
        290.42521261      0.32329444D+01
        290.44522261      0.32716940D+01
        290.46523262      0.33105076D+01
        290.48524262      0.33493495D+01
        290.50525263      0.33881866D+01
        290.52526263      0.34269887D+01
        290.54527264      0.34657284D+01
        290.56528264      0.35043804D+01
        290.58529265      0.35429222D+01
        290.60530265      0.35813333D+01
        290.62531266      0.36195954D+01
        290.64532266      0.36576920D+01
        290.66533267      0.36956087D+01
        290.68534267      0.37333326D+01
        290.70535268      0.37708522D+01
        290.72536268      0.38081576D+01
        290.74537269      0.38452402D+01
        290.76538269      0.38820922D+01
        290.78539270      0.39187072D+01
        290.80540270      0.39550794D+01
        290.82541271      0.39912037D+01
        290.84542271      0.40270758D+01
        290.86543272      0.40626917D+01
        290.88544272      0.40980481D+01
        290.90545273      0.41331415D+01
        290.92546273      0.41679691D+01
        290.94547274      0.42025277D+01
        290.96548274      0.42368145D+01
        290.98549275      0.42708263D+01
        291.00550275      0.43045598D+01
        291.02551276      0.43380117D+01
        291.04552276      0.43711780D+01
        291.06553277      0.44040547D+01
        291.08554277      0.44366371D+01
        291.10555278      0.44689202D+01
        291.12556278      0.45008987D+01
        291.14557279      0.45325664D+01
        291.16558279      0.45639169D+01
        291.18559280      0.45949431D+01
        291.20560280      0.46256376D+01
        291.22561281      0.46559922D+01
        291.24562281      0.46859985D+01
        291.26563282      0.47156474D+01
        291.28564282      0.47449295D+01
        291.30565283      0.47738350D+01
        291.32566283      0.48023538D+01
        291.34567284      0.48304755D+01
        291.36568284      0.48581893D+01
        291.38569285      0.48854846D+01
        291.40570285      0.49123505D+01
        291.42571286      0.49387762D+01
        291.44572286      0.49647507D+01
        291.46573287      0.49902637D+01
        291.48574287      0.50153046D+01
        291.50575288      0.50398635D+01
        291.52576288      0.50639307D+01
        291.54577289      0.50874973D+01
        291.56578289      0.51105548D+01
        291.58579290      0.51330953D+01
        291.60580290      0.51551119D+01
        291.62581291      0.51765985D+01
        291.64582291      0.51975497D+01
        291.66583292      0.52179615D+01
        291.68584292      0.52378307D+01
        291.70585293      0.52571553D+01
        291.72586293      0.52759344D+01
        291.74587294      0.52941686D+01
        291.76588294      0.53118596D+01
        291.78589295      0.53290104D+01
        291.80590295      0.53456254D+01
        291.82591296      0.53617104D+01
        291.84592296      0.53772726D+01
        291.86593297      0.53923205D+01
        291.88594297      0.54068640D+01
        291.90595298      0.54209145D+01
        291.92596298      0.54344846D+01
        291.94597299      0.54475882D+01
        291.96598299      0.54602407D+01
        291.98599300      0.54724584D+01
        292.00600300      0.54842592D+01
        292.02601301      0.54956618D+01
        292.04602301      0.55066862D+01
        292.06603302      0.55173532D+01
        292.08604302      0.55276846D+01
        292.10605303      0.55377031D+01
        292.12606303      0.55474322D+01
        292.14607304      0.55568958D+01
        292.16608304      0.55661187D+01
        292.18609305      0.55751260D+01
        292.20610305      0.55839432D+01
        292.22611306      0.55925960D+01
        292.24612306      0.56011106D+01
        292.26613307      0.56095129D+01
        292.28614307      0.56178289D+01
        292.30615308      0.56260847D+01
        292.32616308      0.56343058D+01
        292.34617309      0.56425178D+01
        292.36618309      0.56507455D+01
        292.38619310      0.56590134D+01
        292.40620310      0.56673455D+01
        292.42621311      0.56757650D+01
        292.44622311      0.56842943D+01
        292.46623312      0.56929551D+01
        292.48624312      0.57017681D+01
        292.50625313      0.57107532D+01
        292.52626313      0.57199290D+01
        292.54627314      0.57293132D+01
        292.56628314      0.57389224D+01
        292.58629315      0.57487719D+01
        292.60630315      0.57588760D+01
        292.62631316      0.57692474D+01
        292.64632316      0.57798980D+01
        292.66633317      0.57908379D+01
        292.68634317      0.58020763D+01
        292.70635318      0.58136209D+01
        292.72636318      0.58254780D+01
        292.74637319      0.58376529D+01
        292.76638319      0.58501492D+01
        292.78639320      0.58629694D+01
        292.80640320      0.58761148D+01
        292.82641321      0.58895854D+01
        292.84642321      0.59033797D+01
        292.86643322      0.59174954D+01
        292.88644322      0.59319288D+01
        292.90645323      0.59466750D+01
        292.92646323      0.59617283D+01
        292.94647324      0.59770818D+01
        292.96648324      0.59927274D+01
        292.98649325      0.60086564D+01
        293.00650325      0.60248590D+01
        293.02651326      0.60413246D+01
        293.04652326      0.60580418D+01
        293.06653327      0.60749986D+01
        293.08654327      0.60921820D+01
        293.10655328      0.61095787D+01
        293.12656328      0.61271748D+01
        293.14657329      0.61449556D+01
        293.16658329      0.61629064D+01
        293.18659330      0.61810118D+01
        293.20660330      0.61992562D+01
        293.22661331      0.62176235D+01
        293.24662331      0.62360977D+01
        293.26663332      0.62546625D+01
        293.28664332      0.62733015D+01
        293.30665333      0.62919980D+01
        293.32666333      0.63107356D+01
        293.34667334      0.63294979D+01
        293.36668334      0.63482684D+01
        293.38669335      0.63670307D+01
        293.40670335      0.63857689D+01
        293.42671336      0.64044668D+01
        293.44672336      0.64231089D+01
        293.46673337      0.64416796D+01
        293.48674337      0.64601639D+01
        293.50675338      0.64785469D+01
        293.52676338      0.64968142D+01
        293.54677339      0.65149516D+01
        293.56678339      0.65329456D+01
        293.58679340      0.65507829D+01
        293.60680340      0.65684507D+01
        293.62681341      0.65859366D+01
        293.64682341      0.66032288D+01
        293.66683342      0.66203160D+01
        293.68684342      0.66371871D+01
        293.70685343      0.66538319D+01
        293.72686343      0.66702405D+01
        293.74687344      0.66864035D+01
        293.76688344      0.67023121D+01
        293.78689345      0.67179580D+01
        293.80690345      0.67333333D+01
        293.82691346      0.67484307D+01
        293.84692346      0.67632436D+01
        293.86693347      0.67777655D+01
        293.88694347      0.67919908D+01
        293.90695348      0.68059141D+01
        293.92696348      0.68195307D+01
        293.94697349      0.68328361D+01
        293.96698349      0.68458266D+01
        293.98699350      0.68584988D+01
        294.00700350      0.68708496D+01
        294.02701351      0.68828765D+01
        294.04702351      0.68945775D+01
        294.06703352      0.69059508D+01
        294.08704352      0.69169951D+01
        294.10705353      0.69277095D+01
        294.12706353      0.69380933D+01
        294.14707354      0.69481463D+01
        294.16708354      0.69578688D+01
        294.18709355      0.69672610D+01
        294.20710355      0.69763237D+01
        294.22711356      0.69850580D+01
        294.24712356      0.69934652D+01
        294.26713357      0.70015468D+01
        294.28714357      0.70093046D+01
        294.30715358      0.70167408D+01
        294.32716358      0.70238576D+01
        294.34717359      0.70306575D+01
        294.36718359      0.70371432D+01
        294.38719360      0.70433176D+01
        294.40720360      0.70491837D+01
        294.42721361      0.70547448D+01
        294.44722361      0.70600042D+01
        294.46723362      0.70649655D+01
        294.48724362      0.70696322D+01
        294.50725363      0.70740081D+01
        294.52726363      0.70780971D+01
        294.54727364      0.70819032D+01
        294.56728364      0.70854303D+01
        294.58729365      0.70886827D+01
        294.60730365      0.70916646D+01
        294.62731366      0.70943801D+01
        294.64732366      0.70968337D+01
        294.66733367      0.70990298D+01
        294.68734367      0.71009727D+01
        294.70735368      0.71026670D+01
        294.72736368      0.71041171D+01
        294.74737369      0.71053276D+01
        294.76738369      0.71063030D+01
        294.78739370      0.71070479D+01
        294.80740370      0.71075670D+01
        294.82741371      0.71078647D+01
        294.84742371      0.71079457D+01
        294.86743372      0.71078147D+01
        294.88744372      0.71074761D+01
        294.90745373      0.71069347D+01
        294.92746373      0.71061951D+01
        294.94747374      0.71052617D+01
        294.96748374      0.71041393D+01
        294.98749375      0.71028323D+01
        295.00750375      0.71013453D+01
        295.02751376      0.70996829D+01
        295.04752376      0.70978496D+01
        295.06753377      0.70958499D+01
        295.08754377      0.70936882D+01
        295.10755378      0.70913691D+01
        295.12756378      0.70888970D+01
        295.14757379      0.70862763D+01
        295.16758379      0.70835114D+01
        295.18759380      0.70806066D+01
        295.20760380      0.70775664D+01
        295.22761381      0.70743951D+01
        295.24762381      0.70710969D+01
        295.26763382      0.70676761D+01
        295.28764382      0.70641370D+01
        295.30765383      0.70604838D+01
        295.32766383      0.70567207D+01
        295.34767384      0.70528519D+01
        295.36768384      0.70488816D+01
        295.38769385      0.70448138D+01
        295.40770385      0.70406526D+01
        295.42771386      0.70364021D+01
        295.44772386      0.70320664D+01
        295.46773387      0.70276494D+01
        295.48774387      0.70231552D+01
        295.50775388      0.70185876D+01
        295.52776388      0.70139507D+01
        295.54777389      0.70092483D+01
        295.56778389      0.70044843D+01
        295.58779390      0.69996625D+01
        295.60780390      0.69947867D+01
        295.62781391      0.69898607D+01
        295.64782391      0.69848883D+01
        295.66783392      0.69798732D+01
        295.68784392      0.69748190D+01
        295.70785393      0.69697293D+01
        295.72786393      0.69646079D+01
        295.74787394      0.69594582D+01
        295.76788394      0.69542839D+01
        295.78789395      0.69490884D+01
        295.80790395      0.69438752D+01
        295.82791396      0.69386476D+01
        295.84792396      0.69334092D+01
        295.86793397      0.69281632D+01
        295.88794397      0.69229130D+01
        295.90795398      0.69176618D+01
        295.92796398      0.69124129D+01
        295.94797399      0.69071693D+01
        295.96798399      0.69019343D+01
        295.98799400      0.68967110D+01
        296.00800400      0.68915022D+01
        296.02801401      0.68863111D+01
        296.04802401      0.68811406D+01
        296.06803402      0.68759936D+01
        296.08804402      0.68708728D+01
        296.10805403      0.68657811D+01
        296.12806403      0.68607211D+01
        296.14807404      0.68556956D+01
        296.16808404      0.68507070D+01
        296.18809405      0.68457581D+01
        296.20810405      0.68408512D+01
        296.22811406      0.68359888D+01
        296.24812406      0.68311732D+01
        296.26813407      0.68264067D+01
        296.28814407      0.68216916D+01
        296.30815408      0.68170299D+01
        296.32816408      0.68124239D+01
        296.34817409      0.68078755D+01
        296.36818409      0.68033866D+01
        296.38819410      0.67989592D+01
        296.40820410      0.67945950D+01
        296.42821411      0.67902959D+01
        296.44822411      0.67860633D+01
        296.46823412      0.67818991D+01
        296.48824412      0.67778046D+01
        296.50825413      0.67737813D+01
        296.52826413      0.67698305D+01
        296.54827414      0.67659536D+01
        296.56828414      0.67621516D+01
        296.58829415      0.67584259D+01
        296.60830415      0.67547774D+01
        296.62831416      0.67512070D+01
        296.64832416      0.67477156D+01
        296.66833417      0.67443041D+01
        296.68834417      0.67409732D+01
        296.70835418      0.67377235D+01
        296.72836418      0.67345556D+01
        296.74837419      0.67314699D+01
        296.76838419      0.67284668D+01
        296.78839420      0.67255467D+01
        296.80840420      0.67227097D+01
        296.82841421      0.67199561D+01
        296.84842421      0.67172859D+01
        296.86843422      0.67146991D+01
        296.88844422      0.67121955D+01
        296.90845423      0.67097751D+01
        296.92846423      0.67074375D+01
        296.94847424      0.67051824D+01
        296.96848424      0.67030094D+01
        296.98849425      0.67009180D+01
        297.00850425      0.66989077D+01
        297.02851426      0.66969777D+01
        297.04852426      0.66951274D+01
        297.06853427      0.66933559D+01
        297.08854427      0.66916625D+01
        297.10855428      0.66900460D+01
        297.12856428      0.66885056D+01
        297.14857429      0.66870400D+01
        297.16858429      0.66856482D+01
        297.18859430      0.66843289D+01
        297.20860430      0.66830809D+01
        297.22861431      0.66819026D+01
        297.24862431      0.66807928D+01
        297.26863432      0.66797499D+01
        297.28864432      0.66787723D+01
        297.30865433      0.66778584D+01
        297.32866433      0.66770066D+01
        297.34867434      0.66762151D+01
        297.36868434      0.66754820D+01
        297.38869435      0.66748057D+01
        297.40870435      0.66741840D+01
        297.42871436      0.66736152D+01
        297.44872436      0.66730971D+01
        297.46873437      0.66726278D+01
        297.48874437      0.66722051D+01
        297.50875438      0.66718269D+01
        297.52876438      0.66714910D+01
        297.54877439      0.66711952D+01
        297.56878439      0.66709371D+01
        297.58879440      0.66707146D+01
        297.60880440      0.66705253D+01
        297.62881441      0.66703668D+01
        297.64882441      0.66702367D+01
        297.66883442      0.66701326D+01
        297.68884442      0.66700520D+01
        297.70885443      0.66699925D+01
        297.72886443      0.66699516D+01
        297.74887444      0.66699266D+01
        297.76888444      0.66699153D+01
        297.78889445      0.66699148D+01
        297.80890445      0.66699228D+01
        297.82891446      0.66699366D+01
        297.84892446      0.66699536D+01
        297.86893447      0.66699712D+01
        297.88894447      0.66699869D+01
        297.90895448      0.66699981D+01
        297.92896448      0.66700020D+01
        297.94897449      0.66699963D+01
        297.96898449      0.66699781D+01
        297.98899450      0.66699450D+01
        298.00900450      0.66698944D+01
        298.02901451      0.66698236D+01
        298.04902451      0.66697302D+01
        298.06903452      0.66696116D+01
        298.08904452      0.66694651D+01
        298.10905453      0.66692884D+01
        298.12906453      0.66690790D+01
        298.14907454      0.66688342D+01
        298.16908454      0.66685518D+01
        298.18909455      0.66682292D+01
        298.20910455      0.66678640D+01
        298.22911456      0.66674540D+01
        298.24912456      0.66669966D+01
        298.26913457      0.66664897D+01
        298.28914457      0.66659309D+01
        298.30915458      0.66653180D+01
        298.32916458      0.66646489D+01
        298.34917459      0.66639212D+01
        298.36918459      0.66631329D+01
        298.38919460      0.66622819D+01
        298.40920460      0.66613662D+01
        298.42921461      0.66603838D+01
        298.44922461      0.66593326D+01
        298.46923462      0.66582109D+01
        298.48924462      0.66570167D+01
        298.50925463      0.66557482D+01
        298.52926463      0.66544038D+01
        298.54927464      0.66529816D+01
        298.56928464      0.66514800D+01
        298.58929465      0.66498974D+01
        298.60930465      0.66482323D+01
        298.62931466      0.66464832D+01
        298.64932466      0.66446487D+01
        298.66933467      0.66427274D+01
        298.68934467      0.66407179D+01
        298.70935468      0.66386191D+01
        298.72936468      0.66364297D+01
        298.74937469      0.66341486D+01
        298.76938469      0.66317747D+01
        298.78939470      0.66293071D+01
        298.80940470      0.66267447D+01
        298.82941471      0.66240867D+01
        298.84942471      0.66213323D+01
        298.86943472      0.66184807D+01
        298.88944472      0.66155312D+01
        298.90945473      0.66124832D+01
        298.92946473      0.66093362D+01
        298.94947474      0.66060896D+01
        298.96948474      0.66027430D+01
        298.98949475      0.65992960D+01
        299.00950475      0.65957483D+01
        299.02951476      0.65920998D+01
        299.04952476      0.65883501D+01
        299.06953477      0.65844993D+01
        299.08954477      0.65805472D+01
        299.10955478      0.65764939D+01
        299.12956478      0.65723395D+01
        299.14957479      0.65680840D+01
        299.16958479      0.65637278D+01
        299.18959480      0.65592711D+01
        299.20960480      0.65547142D+01
        299.22961481      0.65500576D+01
        299.24962481      0.65453016D+01
        299.26963482      0.65404468D+01
        299.28964482      0.65354938D+01
        299.30965483      0.65304432D+01
        299.32966483      0.65252958D+01
        299.34967484      0.65200522D+01
        299.36968484      0.65147133D+01
        299.38969485      0.65092799D+01
        299.40970485      0.65037530D+01
        299.42971486      0.64981336D+01
        299.44972486      0.64924227D+01
        299.46973487      0.64866213D+01
        299.48974487      0.64807307D+01
        299.50975488      0.64747520D+01
        299.52976488      0.64686864D+01
        299.54977489      0.64625353D+01
        299.56978489      0.64562999D+01
        299.58979490      0.64499816D+01
        299.60980490      0.64435820D+01
        299.62981491      0.64371024D+01
        299.64982491      0.64305444D+01
        299.66983492      0.64239094D+01
        299.68984492      0.64171992D+01
        299.70985493      0.64104154D+01
        299.72986493      0.64035596D+01
        299.74987494      0.63966335D+01
        299.76988494      0.63896390D+01
        299.78989495      0.63825777D+01
        299.80990495      0.63754515D+01
        299.82991496      0.63682623D+01
        299.84992496      0.63610119D+01
        299.86993497      0.63537022D+01
        299.88994497      0.63463352D+01
        299.90995498      0.63389128D+01
        299.92996498      0.63314371D+01
        299.94997499      0.63239099D+01
        299.96998499      0.63163335D+01
        299.98999500      0.63087097D+01
        300.01000500      0.63010408D+01
        300.03001501      0.62933287D+01
        300.05002501      0.62855756D+01
        300.07003502      0.62777837D+01
        300.09004502      0.62699550D+01
        300.11005503      0.62620917D+01
        300.13006503      0.62541960D+01
        300.15007504      0.62462701D+01
        300.17008504      0.62383160D+01
        300.19009505      0.62303361D+01
        300.21010505      0.62223325D+01
        300.23011506      0.62143075D+01
        300.25012506      0.62062631D+01
        300.27013507      0.61982017D+01
        300.29014507      0.61901254D+01
        300.31015508      0.61820365D+01
        300.33016508      0.61739371D+01
        300.35017509      0.61658295D+01
        300.37018509      0.61577158D+01
        300.39019510      0.61495982D+01
        300.41020510      0.61414790D+01
        300.43021511      0.61333603D+01
        300.45022511      0.61252442D+01
        300.47023512      0.61171330D+01
        300.49024512      0.61090287D+01
        300.51025513      0.61009336D+01
        300.53026513      0.60928497D+01
        300.55027514      0.60847791D+01
        300.57028514      0.60767239D+01
        300.59029515      0.60686863D+01
        300.61030515      0.60606682D+01
        300.63031516      0.60526717D+01
        300.65032516      0.60446988D+01
        300.67033517      0.60367516D+01
        300.69034517      0.60288319D+01
        300.71035518      0.60209418D+01
        300.73036518      0.60130831D+01
        300.75037519      0.60052578D+01
        300.77038519      0.59974677D+01
        300.79039520      0.59897148D+01
        300.81040520      0.59820008D+01
        300.83041521      0.59743275D+01
        300.85042521      0.59666968D+01
        300.87043522      0.59591102D+01
        300.89044522      0.59515697D+01
        300.91045523      0.59440768D+01
        300.93046523      0.59366332D+01
        300.95047524      0.59292405D+01
        300.97048524      0.59219003D+01
        300.99049525      0.59146141D+01
        301.01050525      0.59073836D+01
        301.03051526      0.59002101D+01
        301.05052526      0.58930951D+01
        301.07053527      0.58860401D+01
        301.09054527      0.58790464D+01
        301.11055528      0.58721154D+01
        301.13056528      0.58652484D+01
        301.15057529      0.58584466D+01
        301.17058529      0.58517114D+01
        301.19059530      0.58450438D+01
        301.21060530      0.58384451D+01
        301.23061531      0.58319164D+01
        301.25062531      0.58254588D+01
        301.27063532      0.58190734D+01
        301.29064532      0.58127611D+01
        301.31065533      0.58065229D+01
        301.33066533      0.58003598D+01
        301.35067534      0.57942726D+01
        301.37068534      0.57882623D+01
        301.39069535      0.57823296D+01
        301.41070535      0.57764754D+01
        301.43071536      0.57707003D+01
        301.45072536      0.57650051D+01
        301.47073537      0.57593904D+01
        301.49074537      0.57538569D+01
        301.51075538      0.57484052D+01
        301.53076538      0.57430357D+01
        301.55077539      0.57377491D+01
        301.57078539      0.57325457D+01
        301.59079540      0.57274261D+01
        301.61080540      0.57223905D+01
        301.63081541      0.57174395D+01
        301.65082541      0.57125732D+01
        301.67083542      0.57077920D+01
        301.69084542      0.57030960D+01
        301.71085543      0.56984856D+01
        301.73086543      0.56939609D+01
        301.75087544      0.56895220D+01
        301.77088544      0.56851690D+01
        301.79089545      0.56809019D+01
        301.81090545      0.56767209D+01
        301.83091546      0.56726258D+01
        301.85092546      0.56686166D+01
        301.87093547      0.56646933D+01
        301.89094547      0.56608557D+01
        301.91095548      0.56571037D+01
        301.93096548      0.56534371D+01
        301.95097549      0.56498557D+01
        301.97098549      0.56463591D+01
        301.99099550      0.56429472D+01
        302.01100550      0.56396197D+01
        302.03101551      0.56363760D+01
        302.05102551      0.56332160D+01
        302.07103552      0.56301392D+01
        302.09104552      0.56271451D+01
        302.11105553      0.56242332D+01
        302.13106553      0.56214032D+01
        302.15107554      0.56186543D+01
        302.17108554      0.56159862D+01
        302.19109555      0.56133981D+01
        302.21110555      0.56108895D+01
        302.23111556      0.56084597D+01
        302.25112556      0.56061082D+01
        302.27113557      0.56038341D+01
        302.29114557      0.56016368D+01
        302.31115558      0.55995155D+01
        302.33116558      0.55974694D+01
        302.35117559      0.55954978D+01
        302.37118559      0.55935999D+01
        302.39119560      0.55917748D+01
        302.41120560      0.55900217D+01
        302.43121561      0.55883396D+01
        302.45122561      0.55867277D+01
        302.47123562      0.55851851D+01
        302.49124562      0.55837108D+01
        302.51125563      0.55823039D+01
        302.53126563      0.55809634D+01
        302.55127564      0.55796883D+01
        302.57128564      0.55784775D+01
        302.59129565      0.55773301D+01
        302.61130565      0.55762450D+01
        302.63131566      0.55752211D+01
        302.65132566      0.55742574D+01
        302.67133567      0.55733528D+01
        302.69134567      0.55725061D+01
        302.71135568      0.55717163D+01
        302.73136568      0.55709822D+01
        302.75137569      0.55703027D+01
        302.77138569      0.55696765D+01
        302.79139570      0.55691027D+01
        302.81140570      0.55685799D+01
        302.83141571      0.55681069D+01
        302.85142571      0.55676827D+01
        302.87143572      0.55673059D+01
        302.89144572      0.55669754D+01
        302.91145573      0.55666899D+01
        302.93146573      0.55664482D+01
        302.95147574      0.55662491D+01
        302.97148574      0.55660913D+01
        302.99149575      0.55659735D+01
        303.01150575      0.55658946D+01
        303.03151576      0.55658532D+01
        303.05152576      0.55658481D+01
        303.07153577      0.55658780D+01
        303.09154577      0.55659416D+01
        303.11155578      0.55660377D+01
        303.13156578      0.55661650D+01
        303.15157579      0.55663221D+01
        303.17158579      0.55665079D+01
        303.19159580      0.55667210D+01
        303.21160580      0.55669602D+01
        303.23161581      0.55672242D+01
        303.25162581      0.55675116D+01
        303.27163582      0.55678212D+01
        303.29164582      0.55681518D+01
        303.31165583      0.55685020D+01
        303.33166583      0.55688705D+01
        303.35167584      0.55692562D+01
        303.37168584      0.55696576D+01
        303.39169585      0.55700736D+01
        303.41170585      0.55705028D+01
        303.43171586      0.55709441D+01
        303.45172586      0.55713961D+01
        303.47173587      0.55718577D+01
        303.49174587      0.55723275D+01
        303.51175588      0.55728042D+01
        303.53176588      0.55732868D+01
        303.55177589      0.55737739D+01
        303.57178589      0.55742644D+01
        303.59179590      0.55747569D+01
        303.61180590      0.55752504D+01
        303.63181591      0.55757435D+01
        303.65182591      0.55762351D+01
        303.67183592      0.55767241D+01
        303.69184592      0.55772092D+01
        303.71185593      0.55776892D+01
        303.73186593      0.55781631D+01
        303.75187594      0.55786296D+01
        303.77188594      0.55790876D+01
        303.79189595      0.55795361D+01
        303.81190595      0.55799737D+01
        303.83191596      0.55803996D+01
        303.85192596      0.55808125D+01
        303.87193597      0.55812114D+01
        303.89194597      0.55815951D+01
        303.91195598      0.55819627D+01
        303.93196598      0.55823131D+01
        303.95197599      0.55826452D+01
        303.97198599      0.55829580D+01
        303.99199600      0.55832505D+01
        304.01200600      0.55835216D+01
        304.03201601      0.55837704D+01
        304.05202601      0.55839959D+01
        304.07203602      0.55841972D+01
        304.09204602      0.55843732D+01
        304.11205603      0.55845231D+01
        304.13206603      0.55846458D+01
        304.15207604      0.55847406D+01
        304.17208604      0.55848064D+01
        304.19209605      0.55848425D+01
        304.21210605      0.55848479D+01
        304.23211606      0.55848218D+01
        304.25212606      0.55847633D+01
        304.27213607      0.55846716D+01
        304.29214607      0.55845458D+01
        304.31215608      0.55843853D+01
        304.33216608      0.55841892D+01
        304.35217609      0.55839566D+01
        304.37218609      0.55836870D+01
        304.39219610      0.55833795D+01
        304.41220610      0.55830334D+01
        304.43221611      0.55826480D+01
        304.45222611      0.55822225D+01
        304.47223612      0.55817564D+01
        304.49224612      0.55812490D+01
        304.51225613      0.55806995D+01
        304.53226613      0.55801074D+01
        304.55227614      0.55794721D+01
        304.57228614      0.55787929D+01
        304.59229615      0.55780693D+01
        304.61230615      0.55773006D+01
        304.63231616      0.55764864D+01
        304.65232616      0.55756260D+01
        304.67233617      0.55747190D+01
        304.69234617      0.55737649D+01
        304.71235618      0.55727631D+01
        304.73236618      0.55717132D+01
        304.75237619      0.55706147D+01
        304.77238619      0.55694672D+01
        304.79239620      0.55682702D+01
        304.81240620      0.55670233D+01
        304.83241621      0.55657262D+01
        304.85242621      0.55643784D+01
        304.87243622      0.55629795D+01
        304.89244622      0.55615293D+01
        304.91245623      0.55600274D+01
        304.93246623      0.55584734D+01
        304.95247624      0.55568671D+01
        304.97248624      0.55552081D+01
        304.99249625      0.55534962D+01
        305.01250625      0.55517311D+01
        305.03251626      0.55499126D+01
        305.05252626      0.55480404D+01
        305.07253627      0.55461144D+01
        305.09254627      0.55441343D+01
        305.11255628      0.55421000D+01
        305.13256628      0.55400112D+01
        305.15257629      0.55378679D+01
        305.17258629      0.55356699D+01
        305.19259630      0.55334170D+01
        305.21260630      0.55311092D+01
        305.23261631      0.55287463D+01
        305.25262631      0.55263283D+01
        305.27263632      0.55238551D+01
        305.29264632      0.55213266D+01
        305.31265633      0.55187429D+01
        305.33266633      0.55161039D+01
        305.35267634      0.55134096D+01
        305.37268634      0.55106599D+01
        305.39269635      0.55078550D+01
        305.41270635      0.55049948D+01
        305.43271636      0.55020794D+01
        305.45272636      0.54991089D+01
        305.47273637      0.54960833D+01
        305.49274637      0.54930027D+01
        305.51275638      0.54898672D+01
        305.53276638      0.54866769D+01
        305.55277639      0.54834320D+01
        305.57278639      0.54801326D+01
        305.59279640      0.54767788D+01
        305.61280640      0.54733708D+01
        305.63281641      0.54699088D+01
        305.65282641      0.54663930D+01
        305.67283642      0.54628235D+01
        305.69284642      0.54592007D+01
        305.71285643      0.54555246D+01
        305.73286643      0.54517957D+01
        305.75287644      0.54480140D+01
        305.77288644      0.54441799D+01
        305.79289645      0.54402936D+01
        305.81290645      0.54363555D+01
        305.83291646      0.54323658D+01
        305.85292646      0.54283249D+01
        305.87293647      0.54242329D+01
        305.89294647      0.54200904D+01
        305.91295648      0.54158976D+01
        305.93296648      0.54116549D+01
        305.95297649      0.54073626D+01
        305.97298649      0.54030211D+01
        305.99299650      0.53986308D+01
        306.01300650      0.53941921D+01
        306.03301651      0.53897053D+01
        306.05302651      0.53851710D+01
        306.07303652      0.53805894D+01
        306.09304652      0.53759611D+01
        306.11305653      0.53712865D+01
        306.13306653      0.53665661D+01
        306.15307654      0.53618002D+01
        306.17308654      0.53569894D+01
        306.19309655      0.53521341D+01
        306.21310655      0.53472348D+01
        306.23311656      0.53422921D+01
        306.25312656      0.53373063D+01
        306.27313657      0.53322781D+01
        306.29314657      0.53272079D+01
        306.31315658      0.53220963D+01
        306.33316658      0.53169437D+01
        306.35317659      0.53117508D+01
        306.37318659      0.53065181D+01
        306.39319660      0.53012461D+01
        306.41320660      0.52959354D+01
        306.43321661      0.52905866D+01
        306.45322661      0.52852002D+01
        306.47323662      0.52797768D+01
        306.49324662      0.52743170D+01
        306.51325663      0.52688214D+01
        306.53326663      0.52632906D+01
        306.55327664      0.52577252D+01
        306.57328664      0.52521258D+01
        306.59329665      0.52464930D+01
        306.61330665      0.52408275D+01
        306.63331666      0.52351299D+01
        306.65332666      0.52294007D+01
        306.67333667      0.52236407D+01
        306.69334667      0.52178505D+01
        306.71335668      0.52120307D+01
        306.73336668      0.52061820D+01
        306.75337669      0.52003051D+01
        306.77338669      0.51944005D+01
        306.79339670      0.51884690D+01
        306.81340670      0.51825112D+01
        306.83341671      0.51765278D+01
        306.85342671      0.51705195D+01
        306.87343672      0.51644869D+01
        306.89344672      0.51584308D+01
        306.91345673      0.51523517D+01
        306.93346673      0.51462505D+01
        306.95347674      0.51401277D+01
        306.97348674      0.51339841D+01
        306.99349675      0.51278204D+01
        307.01350675      0.51216373D+01
        307.03351676      0.51154354D+01
        307.05352676      0.51092154D+01
        307.07353677      0.51029782D+01
        307.09354677      0.50967243D+01
        307.11355678      0.50904544D+01
        307.13356678      0.50841694D+01
        307.15357679      0.50778698D+01
        307.17358679      0.50715565D+01
        307.19359680      0.50652300D+01
        307.21360680      0.50588912D+01
        307.23361681      0.50525407D+01
        307.25362681      0.50461792D+01
        307.27363682      0.50398074D+01
        307.29364682      0.50334262D+01
        307.31365683      0.50270361D+01
        307.33366683      0.50206378D+01
        307.35367684      0.50142322D+01
        307.37368684      0.50078199D+01
        307.39369685      0.50014016D+01
        307.41370685      0.49949780D+01
        307.43371686      0.49885498D+01
        307.45372686      0.49821178D+01
        307.47373687      0.49756826D+01
        307.49374687      0.49692450D+01
        307.51375688      0.49628056D+01
        307.53376688      0.49563652D+01
        307.55377689      0.49499245D+01
        307.57378689      0.49434841D+01
        307.59379690      0.49370448D+01
        307.61380690      0.49306072D+01
        307.63381691      0.49241720D+01
        307.65382691      0.49177400D+01
        307.67383692      0.49113118D+01
        307.69384692      0.49048882D+01
        307.71385693      0.48984697D+01
        307.73386693      0.48920571D+01
        307.75387694      0.48856510D+01
        307.77388694      0.48792522D+01
        307.79389695      0.48728612D+01
        307.81390695      0.48664789D+01
        307.83391696      0.48601057D+01
        307.85392696      0.48537424D+01
        307.87393697      0.48473897D+01
        307.89394697      0.48410482D+01
        307.91395698      0.48347186D+01
        307.93396698      0.48284014D+01
        307.95397699      0.48220974D+01
        307.97398699      0.48158071D+01
        307.99399700      0.48095313D+01
        308.01400700      0.48032705D+01
        308.03401701      0.47970254D+01
        308.05402701      0.47907966D+01
        308.07403702      0.47845846D+01
        308.09404702      0.47783902D+01
        308.11405703      0.47722139D+01
        308.13406703      0.47660564D+01
        308.15407704      0.47599182D+01
        308.17408704      0.47537998D+01
        308.19409705      0.47477020D+01
        308.21410705      0.47416253D+01
        308.23411706      0.47355702D+01
        308.25412706      0.47295373D+01
        308.27413707      0.47235273D+01
        308.29414707      0.47175406D+01
        308.31415708      0.47115778D+01
        308.33416708      0.47056394D+01
        308.35417709      0.46997261D+01
        308.37418709      0.46938382D+01
        308.39419710      0.46879765D+01
        308.41420710      0.46821413D+01
        308.43421711      0.46763332D+01
        308.45422711      0.46705528D+01
        308.47423712      0.46648005D+01
        308.49424712      0.46590768D+01
        308.51425713      0.46533822D+01
        308.53426713      0.46477172D+01
        308.55427714      0.46420823D+01
        308.57428714      0.46364779D+01
        308.59429715      0.46309046D+01
        308.61430715      0.46253628D+01
        308.63431716      0.46198529D+01
        308.65432716      0.46143753D+01
        308.67433717      0.46089306D+01
        308.69434717      0.46035192D+01
        308.71435718      0.45981414D+01
        308.73436718      0.45927978D+01
        308.75437719      0.45874886D+01
        308.77438719      0.45822144D+01
        308.79439720      0.45769755D+01
        308.81440720      0.45717723D+01
        308.83441721      0.45666051D+01
        308.85442721      0.45614745D+01
        308.87443722      0.45563807D+01
        308.89444722      0.45513240D+01
        308.91445723      0.45463050D+01
        308.93446723      0.45413238D+01
        308.95447724      0.45363809D+01
        308.97448724      0.45314765D+01
        308.99449725      0.45266110D+01
        309.01450725      0.45217848D+01
        309.03451726      0.45169981D+01
        309.05452726      0.45122512D+01
        309.07453727      0.45075444D+01
        309.09454727      0.45028780D+01
        309.11455728      0.44982523D+01
        309.13456728      0.44936676D+01
        309.15457729      0.44891241D+01
        309.17458729      0.44846221D+01
        309.19459730      0.44801618D+01
        309.21460730      0.44757435D+01
        309.23461731      0.44713674D+01
        309.25462731      0.44670338D+01
        309.27463732      0.44627427D+01
        309.29464732      0.44584946D+01
        309.31465733      0.44542895D+01
        309.33466733      0.44501277D+01
        309.35467734      0.44460094D+01
        309.37468734      0.44419346D+01
        309.39469735      0.44379037D+01
        309.41470735      0.44339168D+01
        309.43471736      0.44299740D+01
        309.45472736      0.44260755D+01
        309.47473737      0.44222214D+01
        309.49474737      0.44184119D+01
        309.51475738      0.44146470D+01
        309.53476738      0.44109270D+01
        309.55477739      0.44072519D+01
        309.57478739      0.44036218D+01
        309.59479740      0.44000368D+01
        309.61480740      0.43964971D+01
        309.63481741      0.43930027D+01
        309.65482741      0.43895536D+01
        309.67483742      0.43861500D+01
        309.69484742      0.43827918D+01
        309.71485743      0.43794793D+01
        309.73486743      0.43762123D+01
        309.75487744      0.43729909D+01
        309.77488744      0.43698153D+01
        309.79489745      0.43666853D+01
        309.81490745      0.43636010D+01
        309.83491746      0.43605625D+01
        309.85492746      0.43575697D+01
        309.87493747      0.43546225D+01
        309.89494747      0.43517211D+01
        309.91495748      0.43488654D+01
        309.93496748      0.43460554D+01
        309.95497749      0.43432909D+01
        309.97498749      0.43405721D+01
        309.99499750      0.43378988D+01
        310.01500750      0.43352709D+01
        310.03501751      0.43326885D+01
        310.05502751      0.43301515D+01
        310.07503752      0.43276597D+01
        310.09504752      0.43252131D+01
        310.11505753      0.43228117D+01
        310.13506753      0.43204552D+01
        310.15507754      0.43181437D+01
        310.17508754      0.43158770D+01
        310.19509755      0.43136550D+01
        310.21510755      0.43114776D+01
        310.23511756      0.43093446D+01
        310.25512756      0.43072559D+01
        310.27513757      0.43052114D+01
        310.29514757      0.43032110D+01
        310.31515758      0.43012544D+01
        310.33516758      0.42993415D+01
        310.35517759      0.42974722D+01
        310.37518759      0.42956463D+01
        310.39519760      0.42938636D+01
        310.41520760      0.42921240D+01
        310.43521761      0.42904272D+01
        310.45522761      0.42887730D+01
        310.47523762      0.42871613D+01
        310.49524762      0.42855919D+01
        310.51525763      0.42840644D+01
        310.53526763      0.42825788D+01
        310.55527764      0.42811349D+01
        310.57528764      0.42797322D+01
        310.59529765      0.42783708D+01
        310.61530765      0.42770502D+01
        310.63531766      0.42757703D+01
        310.65532766      0.42745308D+01
        310.67533767      0.42733315D+01
        310.69534767      0.42721721D+01
        310.71535768      0.42710524D+01
        310.73536768      0.42699720D+01
        310.75537769      0.42689307D+01
        310.77538769      0.42679283D+01
        310.79539770      0.42669644D+01
        310.81540770      0.42660387D+01
        310.83541771      0.42651511D+01
        310.85542771      0.42643011D+01
        310.87543772      0.42634884D+01
        310.89544772      0.42627129D+01
        310.91545773      0.42619741D+01
        310.93546773      0.42612718D+01
        310.95547774      0.42606056D+01
        310.97548774      0.42599752D+01
        310.99549775      0.42593803D+01
        311.01550775      0.42588205D+01
        311.03551776      0.42582956D+01
        311.05552776      0.42578052D+01
        311.07553777      0.42573489D+01
        311.09554777      0.42569264D+01
        311.11555778      0.42565374D+01
        311.13556778      0.42561815D+01
        311.15557779      0.42558583D+01
        311.17558779      0.42555675D+01
        311.19559780      0.42553088D+01
        311.21560780      0.42550817D+01
        311.23561781      0.42548859D+01
        311.25562781      0.42547211D+01
        311.27563782      0.42545868D+01
        311.29564782      0.42544827D+01
        311.31565783      0.42544084D+01
        311.33566783      0.42543634D+01
        311.35567784      0.42543476D+01
        311.37568784      0.42543603D+01
        311.39569785      0.42544013D+01
        311.41570785      0.42544702D+01
        311.43571786      0.42545665D+01
        311.45572786      0.42546899D+01
        311.47573787      0.42548399D+01
        311.49574787      0.42550162D+01
        311.51575788      0.42552184D+01
        311.53576788      0.42554460D+01
        311.55577789      0.42556986D+01
        311.57578789      0.42559759D+01
        311.59579790      0.42562773D+01
        311.61580790      0.42566026D+01
        311.63581791      0.42569512D+01
        311.65582791      0.42573228D+01
        311.67583792      0.42577169D+01
        311.69584792      0.42581332D+01
        311.71585793      0.42585711D+01
        311.73586793      0.42590303D+01
        311.75587794      0.42595104D+01
        311.77588794      0.42600108D+01
        311.79589795      0.42605313D+01
        311.81590795      0.42610713D+01
        311.83591796      0.42616304D+01
        311.85592796      0.42622082D+01
        311.87593797      0.42628042D+01
        311.89594797      0.42634181D+01
        311.91595798      0.42640493D+01
        311.93596798      0.42646975D+01
        311.95597799      0.42653623D+01
        311.97598799      0.42660430D+01
        311.99599800      0.42667394D+01
        312.01600800      0.42674511D+01
        312.03601801      0.42681774D+01
        312.05602801      0.42689181D+01
        312.07603802      0.42696726D+01
        312.09604802      0.42704406D+01
        312.11605803      0.42712216D+01
        312.13606803      0.42720151D+01
        312.15607804      0.42728207D+01
        312.17608804      0.42736380D+01
        312.19609805      0.42744665D+01
        312.21610805      0.42753058D+01
        312.23611806      0.42761555D+01
        312.25612806      0.42770150D+01
        312.27613807      0.42778840D+01
        312.29614807      0.42787620D+01
        312.31615808      0.42796486D+01
        312.33616808      0.42805433D+01
        312.35617809      0.42814457D+01
        312.37618809      0.42823554D+01
        312.39619810      0.42832719D+01
        312.41620810      0.42841948D+01
        312.43621811      0.42851236D+01
        312.45622811      0.42860579D+01
        312.47623812      0.42869973D+01
        312.49624812      0.42879413D+01
        312.51625813      0.42888895D+01
        312.53626813      0.42898414D+01
        312.55627814      0.42907967D+01
        312.57628814      0.42917549D+01
        312.59629815      0.42927156D+01
        312.61630815      0.42936783D+01
        312.63631816      0.42946426D+01
        312.65632816      0.42956080D+01
        312.67633817      0.42965742D+01
        312.69634817      0.42975408D+01
        312.71635818      0.42985072D+01
        312.73636818      0.42994732D+01
        312.75637819      0.43004381D+01
        312.77638819      0.43014018D+01
        312.79639820      0.43023636D+01
        312.81640820      0.43033232D+01
        312.83641821      0.43042803D+01
        312.85642821      0.43052343D+01
        312.87643822      0.43061848D+01
        312.89644822      0.43071315D+01
        312.91645823      0.43080740D+01
        312.93646823      0.43090118D+01
        312.95647824      0.43099445D+01
        312.97648824      0.43108717D+01
        312.99649825      0.43117931D+01
        313.01650825      0.43127082D+01
        313.03651826      0.43136166D+01
        313.05652826      0.43145180D+01
        313.07653827      0.43154119D+01
        313.09654827      0.43162979D+01
        313.11655828      0.43171757D+01
        313.13656828      0.43180449D+01
        313.15657829      0.43189051D+01
        313.17658829      0.43197558D+01
        313.19659830      0.43205968D+01
        313.21660830      0.43214276D+01
        313.23661831      0.43222479D+01
        313.25662831      0.43230573D+01
        313.27663832      0.43238554D+01
        313.29664832      0.43246419D+01
        313.31665833      0.43254163D+01
        313.33666833      0.43261784D+01
        313.35667834      0.43269278D+01
        313.37668834      0.43276640D+01
        313.39669835      0.43283868D+01
        313.41670835      0.43290958D+01
        313.43671836      0.43297906D+01
        313.45672836      0.43304709D+01
        313.47673837      0.43311364D+01
        313.49674837      0.43317866D+01
        313.51675838      0.43324214D+01
        313.53676838      0.43330402D+01
        313.55677839      0.43336428D+01
        313.57678839      0.43342289D+01
        313.59679840      0.43347982D+01
        313.61680840      0.43353502D+01
        313.63681841      0.43358847D+01
        313.65682841      0.43364013D+01
        313.67683842      0.43368998D+01
        313.69684842      0.43373798D+01
        313.71685843      0.43378410D+01
        313.73686843      0.43382831D+01
        313.75687844      0.43387058D+01
        313.77688844      0.43391088D+01
        313.79689845      0.43394917D+01
        313.81690845      0.43398544D+01
        313.83691846      0.43401964D+01
        313.85692846      0.43405176D+01
        313.87693847      0.43408176D+01
        313.89694847      0.43410960D+01
        313.91695848      0.43413528D+01
        313.93696848      0.43415875D+01
        313.95697849      0.43417999D+01
        313.97698849      0.43419897D+01
        313.99699850      0.43421566D+01
        314.01700850      0.43423004D+01
        314.03701851      0.43424209D+01
        314.05702851      0.43425177D+01
        314.07703852      0.43425905D+01
        314.09704852      0.43426393D+01
        314.11705853      0.43426636D+01
        314.13706853      0.43426633D+01
        314.15707854      0.43426380D+01
        314.17708854      0.43425876D+01
        314.19709855      0.43425119D+01
        314.21710855      0.43424105D+01
        314.23711856      0.43422833D+01
        314.25712856      0.43421299D+01
        314.27713857      0.43419503D+01
        314.29714857      0.43417442D+01
        314.31715858      0.43415113D+01
        314.33716858      0.43412515D+01
        314.35717859      0.43409645D+01
        314.37718859      0.43406501D+01
        314.39719860      0.43403082D+01
        314.41720860      0.43399384D+01
        314.43721861      0.43395407D+01
        314.45722861      0.43391148D+01
        314.47723862      0.43386605D+01
        314.49724862      0.43381777D+01
        314.51725863      0.43376661D+01
        314.53726863      0.43371256D+01
        314.55727864      0.43365560D+01
        314.57728864      0.43359571D+01
        314.59729865      0.43353287D+01
        314.61730865      0.43346707D+01
        314.63731866      0.43339830D+01
        314.65732866      0.43332653D+01
        314.67733867      0.43325175D+01
        314.69734867      0.43317394D+01
        314.71735868      0.43309309D+01
        314.73736868      0.43300918D+01
        314.75737869      0.43292221D+01
        314.77738869      0.43283214D+01
        314.79739870      0.43273898D+01
        314.81740870      0.43264271D+01
        314.83741871      0.43254331D+01
        314.85742871      0.43244077D+01
        314.87743872      0.43233509D+01
        314.89744872      0.43222623D+01
        314.91745873      0.43211421D+01
        314.93746873      0.43199900D+01
        314.95747874      0.43188058D+01
        314.97748874      0.43175897D+01
        314.99749875      0.43163413D+01
        315.01750875      0.43150606D+01
        315.03751876      0.43137475D+01
        315.05752876      0.43124020D+01
        315.07753877      0.43110238D+01
        315.09754877      0.43096130D+01
        315.11755878      0.43081695D+01
        315.13756878      0.43066931D+01
        315.15757879      0.43051838D+01
        315.17758879      0.43036415D+01
        315.19759880      0.43020661D+01
        315.21760880      0.43004576D+01
        315.23761881      0.42988159D+01
        315.25762881      0.42971410D+01
        315.27763882      0.42954327D+01
        315.29764882      0.42936910D+01
        315.31765883      0.42919160D+01
        315.33766883      0.42901074D+01
        315.35767884      0.42882653D+01
        315.37768884      0.42863896D+01
        315.39769885      0.42844804D+01
        315.41770885      0.42825375D+01
        315.43771886      0.42805609D+01
        315.45772886      0.42785505D+01
        315.47773887      0.42765065D+01
        315.49774887      0.42744287D+01
        315.51775888      0.42723171D+01
        315.53776888      0.42701716D+01
        315.55777889      0.42679924D+01
        315.57778889      0.42657793D+01
        315.59779890      0.42635324D+01
        315.61780890      0.42612517D+01
        315.63781891      0.42589370D+01
        315.65782891      0.42565886D+01
        315.67783892      0.42542063D+01
        315.69784892      0.42517901D+01
        315.71785893      0.42493401D+01
        315.73786893      0.42468563D+01
        315.75787894      0.42443386D+01
        315.77788894      0.42417872D+01
        315.79789895      0.42392020D+01
        315.81790895      0.42365831D+01
        315.83791896      0.42339304D+01
        315.85792896      0.42312441D+01
        315.87793897      0.42285241D+01
        315.89794897      0.42257705D+01
        315.91795898      0.42229832D+01
        315.93796898      0.42201625D+01
        315.95797899      0.42173082D+01
        315.97798899      0.42144205D+01
        315.99799900      0.42114994D+01
        316.01800900      0.42085449D+01
        316.03801901      0.42055572D+01
        316.05802901      0.42025362D+01
        316.07803902      0.41994820D+01
        316.09804902      0.41963947D+01
        316.11805903      0.41932743D+01
        316.13806903      0.41901210D+01
        316.15807904      0.41869348D+01
        316.17808904      0.41837157D+01
        316.19809905      0.41804639D+01
        316.21810905      0.41771793D+01
        316.23811906      0.41738622D+01
        316.25812906      0.41705126D+01
        316.27813907      0.41671305D+01
        316.29814907      0.41637161D+01
        316.31815908      0.41602695D+01
        316.33816908      0.41567907D+01
        316.35817909      0.41532799D+01
        316.37818909      0.41497371D+01
        316.39819910      0.41461624D+01
        316.41820910      0.41425560D+01
        316.43821911      0.41389180D+01
        316.45822911      0.41352484D+01
        316.47823912      0.41315475D+01
        316.49824912      0.41278152D+01
        316.51825913      0.41240517D+01
        316.53826913      0.41202572D+01
        316.55827914      0.41164317D+01
        316.57828914      0.41125754D+01
        316.59829915      0.41086884D+01
        316.61830915      0.41047708D+01
        316.63831916      0.41008228D+01
        316.65832916      0.40968445D+01
        316.67833917      0.40928361D+01
        316.69834917      0.40887976D+01
        316.71835918      0.40847292D+01
        316.73836918      0.40806311D+01
        316.75837919      0.40765033D+01
        316.77838919      0.40723461D+01
        316.79839920      0.40681596D+01
        316.81840920      0.40639440D+01
        316.83841921      0.40596993D+01
        316.85842921      0.40554258D+01
        316.87843922      0.40511236D+01
        316.89844922      0.40467928D+01
        316.91845923      0.40424337D+01
        316.93846923      0.40380464D+01
        316.95847924      0.40336310D+01
        316.97848924      0.40291878D+01
        316.99849925      0.40247168D+01
        317.01850925      0.40202183D+01
        317.03851926      0.40156924D+01
        317.05852926      0.40111394D+01
        317.07853927      0.40065593D+01
        317.09854927      0.40019524D+01
        317.11855928      0.39973189D+01
        317.13856928      0.39926588D+01
        317.15857929      0.39879725D+01
        317.17858929      0.39832601D+01
        317.19859930      0.39785217D+01
        317.21860930      0.39737577D+01
        317.23861931      0.39689681D+01
        317.25862931      0.39641531D+01
        317.27863932      0.39593130D+01
        317.29864932      0.39544480D+01
        317.31865933      0.39495582D+01
        317.33866933      0.39446438D+01
        317.35867934      0.39397051D+01
        317.37868934      0.39347423D+01
        317.39869935      0.39297554D+01
        317.41870935      0.39247449D+01
        317.43871936      0.39197108D+01
        317.45872936      0.39146534D+01
        317.47873937      0.39095729D+01
        317.49874937      0.39044695D+01
        317.51875938      0.38993434D+01
        317.53876938      0.38941948D+01
        317.55877939      0.38890239D+01
        317.57878939      0.38838310D+01
        317.59879940      0.38786163D+01
        317.61880940      0.38733800D+01
        317.63881941      0.38681223D+01
        317.65882941      0.38628435D+01
        317.67883942      0.38575437D+01
        317.69884942      0.38522232D+01
        317.71885943      0.38468823D+01
        317.73886943      0.38415211D+01
        317.75887944      0.38361398D+01
        317.77888944      0.38307388D+01
        317.79889945      0.38253183D+01
        317.81890945      0.38198783D+01
        317.83891946      0.38144194D+01
        317.85892946      0.38089415D+01
        317.87893947      0.38034450D+01
        317.89894947      0.37979302D+01
        317.91895948      0.37923972D+01
        317.93896948      0.37868463D+01
        317.95897949      0.37812777D+01
        317.97898949      0.37756918D+01
        317.99899950      0.37700886D+01
        318.01900950      0.37644685D+01
        318.03901951      0.37588318D+01
        318.05902951      0.37531785D+01
        318.07903952      0.37475091D+01
        318.09904952      0.37418238D+01
        318.11905953      0.37361227D+01
        318.13906953      0.37304062D+01
        318.15907954      0.37246745D+01
        318.17908954      0.37189278D+01
        318.19909955      0.37131665D+01
        318.21910955      0.37073907D+01
        318.23911956      0.37016007D+01
        318.25912956      0.36957968D+01
        318.27913957      0.36899792D+01
        318.29914957      0.36841482D+01
        318.31915958      0.36783040D+01
        318.33916958      0.36724469D+01
        318.35917959      0.36665771D+01
        318.37918959      0.36606950D+01
        318.39919960      0.36548007D+01
        318.41920960      0.36488945D+01
        318.43921961      0.36429768D+01
        318.45922961      0.36370476D+01
        318.47923962      0.36311074D+01
        318.49924962      0.36251564D+01
        318.51925963      0.36191948D+01
        318.53926963      0.36132229D+01
        318.55927964      0.36072409D+01
        318.57928964      0.36012492D+01
        318.59929965      0.35952479D+01
        318.61930965      0.35892375D+01
        318.63931966      0.35832180D+01
        318.65932966      0.35771898D+01
        318.67933967      0.35711532D+01
        318.69934967      0.35651084D+01
        318.71935968      0.35590557D+01
        318.73936968      0.35529953D+01
        318.75937969      0.35469276D+01
        318.77938969      0.35408527D+01
        318.79939970      0.35347710D+01
        318.81940970      0.35286828D+01
        318.83941971      0.35225882D+01
        318.85942971      0.35164876D+01
        318.87943972      0.35103812D+01
        318.89944972      0.35042693D+01
        318.91945973      0.34981522D+01
        318.93946973      0.34920302D+01
        318.95947974      0.34859034D+01
        318.97948974      0.34797723D+01
        318.99949975      0.34736370D+01
        319.01950975      0.34674978D+01
        319.03951976      0.34613550D+01
        319.05952976      0.34552089D+01
        319.07953977      0.34490597D+01
        319.09954977      0.34429077D+01
        319.11955978      0.34367532D+01
        319.13956978      0.34305965D+01
        319.15957979      0.34244377D+01
        319.17958979      0.34182773D+01
        319.19959980      0.34121154D+01
        319.21960980      0.34059523D+01
        319.23961981      0.33997884D+01
        319.25962981      0.33936238D+01
        319.27963982      0.33874588D+01
        319.29964982      0.33812938D+01
        319.31965983      0.33751289D+01
        319.33966983      0.33689645D+01
        319.35967984      0.33628008D+01
        319.37968984      0.33566381D+01
        319.39969985      0.33504767D+01
        319.41970985      0.33443168D+01
        319.43971986      0.33381587D+01
        319.45972986      0.33320026D+01
        319.47973987      0.33258489D+01
        319.49974987      0.33196978D+01
        319.51975988      0.33135495D+01
        319.53976988      0.33074044D+01
        319.55977989      0.33012627D+01
        319.57978989      0.32951247D+01
        319.59979990      0.32889906D+01
        319.61980990      0.32828606D+01
        319.63981991      0.32767352D+01
        319.65982991      0.32706145D+01
        319.67983992      0.32644988D+01
        319.69984992      0.32583884D+01
        319.71985993      0.32522834D+01
        319.73986993      0.32461843D+01
        319.75987994      0.32400912D+01
        319.77988994      0.32340045D+01
        319.79989995      0.32279243D+01
        319.81990995      0.32218509D+01
        319.83991996      0.32157847D+01
        319.85992996      0.32097258D+01
        319.87993997      0.32036746D+01
        319.89994997      0.31976312D+01
        319.91995998      0.31915959D+01
        319.93996998      0.31855691D+01
        319.95997999      0.31795509D+01
        319.97998999      0.31735416D+01
        320.00000000      0.31675415D+01
